#
# A fatal error has been detected by the Java Runtime Environment:
#
#  EXCEPTION_ACCESS_VIOLATION (0xc0000005) at pc=0x00007fff2e59d5a1, pid=23224, tid=23188
#
# JRE version: Java(TM) SE Runtime Environment (21.0.5+9) (build 21.0.5+9-LTS-239)
# Java VM: Java HotSpot(TM) 64-Bit Server VM (21.0.5+9-LTS-239, mixed mode, sharing, tiered, compressed oops, compressed class ptrs, g1 gc, windows-amd64)
# Problematic frame:
# V  [jvm.dll+0x13d5a1]
#
# No core dump will be written. Minidumps are not enabled by default on client versions of Windows
#
# If you would like to submit a bug report, please visit:
#   https://bugreport.java.com/bugreport/crash.jsp
#

---------------  S U M M A R Y ------------

Command Line: -Dmaven.multiModuleProjectDirectory=C:\Users\Darks\IdeaProjects\LofiCoffeeCore -Djansi.passthrough=true -Dmaven.home=C:\Program Files\JetBrains\IntelliJ IDEA Community Edition 2024.3.1.1\plugins\maven\lib\maven3 -Dclassworlds.conf=C:\Program Files\JetBrains\IntelliJ IDEA Community Edition 2024.3.1.1\plugins\maven\lib\maven3\bin\m2.conf -Dmaven.ext.class.path=C:\Program Files\JetBrains\IntelliJ IDEA Community Edition 2024.3.1.1\plugins\maven\lib\maven-event-listener.jar -javaagent:C:\Program Files\JetBrains\IntelliJ IDEA Community Edition 2024.3.1.1\lib\idea_rt.jar=55062:C:\Program Files\JetBrains\IntelliJ IDEA Community Edition 2024.3.1.1\bin -Dfile.encoding=UTF-8 -Dsun.stdout.encoding=UTF-8 -Dsun.stderr.encoding=UTF-8 org.codehaus.classworlds.Launcher -Didea.version=2024.3.1.1 install

Host: AMD Ryzen 9 5900X 12-Core Processor            , 24 cores, 31G,  Windows 11 , 64 bit Build 26100 (10.0.26100.2454)
Time: Mon Jan 20 12:26:56 2025 Pacific Standard Time elapsed time: 2.088684 seconds (0d 0h 0m 2s)

---------------  T H R E A D  ---------------

Current thread (0x000002b663213640):  WorkerThread "G1 Conc#2"      [id=23188, stack(0x000000c586300000,0x000000c586400000) (1024K)]

Stack: [0x000000c586300000,0x000000c586400000],  sp=0x000000c5863ff638,  free space=1021k
Native frames: (J=compiled Java code, j=interpreted, Vv=VM code, C=native code)
V  [jvm.dll+0x13d5a1]


siginfo: EXCEPTION_ACCESS_VIOLATION (0xc0000005), reading address 0x0000000000000100


Registers:
RAX=0x0000000000000000, RBX=0x000002b676c8dd01, RCX=0x000002b61d000000, RDX=0x0000000601400fb0
RSP=0x000000c5863ff638, RBP=0x0000000000000000, RSI=0x000002b676c749f0, RDI=0x0000000601400fb0
R8 =0x000002b61d000000, R9 =0x0000000000000000, R10=0x000002b676bd73c0, R11=0x0000000000000003
R12=0x000002b61d160278, R13=0xaaaaaaaaaaaaaaab, R14=0x000002b61d1604e8, R15=0x000000060145e368
RIP=0x00007fff2e59d5a1, EFLAGS=0x0000000000010246


Register to memory mapping:

RAX=0x0 is null
RBX=0x000002b676c8dd01 points into unknown readable memory: 00 00 00 00 00 00 00
RCX=0x000002b61d000000 is pointing into metadata
RDX=0x0000000601400fb0 is pointing into object: java.lang.Class 
{0x0000000601400f90} - klass: 'java/lang/Class'
 - ---- fields (total size 14 words):
 - private volatile transient 'classRedefinedCount' 'I' @12  0 (0x00000000)
 - injected 'klass' 'J' @16  0 (0x0000000000000000)
 - injected 'array_klass' 'J' @24  2981193849544 (0x000002b61d001ac8)
 - injected 'oop_size' 'I' @32  14 (0x0000000e)
 - injected 'static_oop_field_count' 'I' @36  0 (0x00000000)
 - private volatile transient 'cachedConstructor' 'Ljava/lang/reflect/Constructor;' @40  null (0x00000000)
 - private transient 'name' 'Ljava/lang/String;' @44  "boolean"{0x000000060145fcb0} (0xc028bf96)
 - private transient 'module' 'Ljava/lang/Module;' @48  a 'java/lang/Module'{0x0000000601409610} (0xc02812c2)
 - private final 'classLoader' 'Ljava/lang/ClassLoader;' @52  null (0x00000000)
 - private transient 'classData' 'Ljava/lang/Object;' @56  null (0x00000000)
 - private transient 'packageName' 'Ljava/lang/String;' @60  null (0x00000000)
 - private final 'componentType' 'Ljava/lang/Class;' @64  null (0x00000000)
 - private volatile transient 'reflectionData' 'Ljava/lang/ref/SoftReference;' @68  null (0x00000000)
 - private volatile transient 'genericInfo' 'Lsun/reflect/generics/repository/ClassRepository;' @72  null (0x00000000)
 - private volatile transient 'enumConstants' '[Ljava/lang/Object;' @76  null (0x00000000)
 - private volatile transient 'enumConstantDirectory' 'Ljava/util/Map;' @80  null (0x00000000)
 - private volatile transient 'annotationData' 'Ljava/lang/Class$AnnotationData;' @84  null (0x00000000)
 - private volatile transient 'annotationType' 'Lsun/reflect/annotation/AnnotationType;' @88  null (0x00000000)
 - transient 'classValueMap' 'Ljava/lang/ClassValue$ClassValueMap;' @92  null (0x00000000)
 - injected 'protection_domain' 'Ljava/lang/Object;' @96  null (0x00000000)
 - injected 'signers_name' 'Ljava/lang/Object;' @100  null (0x00000000)
 - injected 'source_file' 'Ljava/lang/Object;' @104  null (0x00000000)
 - signature: Z
RSP=0x000000c5863ff638 points into unknown readable memory: 0x00007fff2e777b0a | 0a 7b 77 2e ff 7f 00 00
RBP=0x0 is null
RSI=0x000002b676c749f0 points into unknown readable memory: 0x000002b676c86150 | 50 61 c8 76 b6 02 00 00
RDI=0x0000000601400fb0 is pointing into object: java.lang.Class 
{0x0000000601400f90} - klass: 'java/lang/Class'
 - ---- fields (total size 14 words):
 - private volatile transient 'classRedefinedCount' 'I' @12  0 (0x00000000)
 - injected 'klass' 'J' @16  0 (0x0000000000000000)
 - injected 'array_klass' 'J' @24  2981193849544 (0x000002b61d001ac8)
 - injected 'oop_size' 'I' @32  14 (0x0000000e)
 - injected 'static_oop_field_count' 'I' @36  0 (0x00000000)
 - private volatile transient 'cachedConstructor' 'Ljava/lang/reflect/Constructor;' @40  null (0x00000000)
 - private transient 'name' 'Ljava/lang/String;' @44  "boolean"{0x000000060145fcb0} (0xc028bf96)
 - private transient 'module' 'Ljava/lang/Module;' @48  a 'java/lang/Module'{0x0000000601409610} (0xc02812c2)
 - private final 'classLoader' 'Ljava/lang/ClassLoader;' @52  null (0x00000000)
 - private transient 'classData' 'Ljava/lang/Object;' @56  null (0x00000000)
 - private transient 'packageName' 'Ljava/lang/String;' @60  null (0x00000000)
 - private final 'componentType' 'Ljava/lang/Class;' @64  null (0x00000000)
 - private volatile transient 'reflectionData' 'Ljava/lang/ref/SoftReference;' @68  null (0x00000000)
 - private volatile transient 'genericInfo' 'Lsun/reflect/generics/repository/ClassRepository;' @72  null (0x00000000)
 - private volatile transient 'enumConstants' '[Ljava/lang/Object;' @76  null (0x00000000)
 - private volatile transient 'enumConstantDirectory' 'Ljava/util/Map;' @80  null (0x00000000)
 - private volatile transient 'annotationData' 'Ljava/lang/Class$AnnotationData;' @84  null (0x00000000)
 - private volatile transient 'annotationType' 'Lsun/reflect/annotation/AnnotationType;' @88  null (0x00000000)
 - transient 'classValueMap' 'Ljava/lang/ClassValue$ClassValueMap;' @92  null (0x00000000)
 - injected 'protection_domain' 'Ljava/lang/Object;' @96  null (0x00000000)
 - injected 'signers_name' 'Ljava/lang/Object;' @100  null (0x00000000)
 - injected 'source_file' 'Ljava/lang/Object;' @104  null (0x00000000)
 - signature: Z
R8 =0x000002b61d000000 is pointing into metadata
R9 =0x0 is null
R10=0x000002b676bd73c0 points into unknown readable memory: 0x00007fff2ee301b0 | b0 01 e3 2e ff 7f 00 00
R11=0x0000000000000003 is an unknown value
R12=0x000002b61d160278 is a pointer to class: 
jdk.internal.ref.CleanerImpl$PhantomCleanableRef {0x000002b61d160280}
 - instance size:     6
 - klass size:        78
 - access:            public final synchronized 
 - flags:             rewritten has_nonstatic_fields is_shared_boot_class has_localvariable_table 
 - state:             fully_initialized
 - name:              'jdk/internal/ref/CleanerImpl$PhantomCleanableRef'
 - super:             'jdk/internal/ref/PhantomCleanable'
 - sub:               
 - arrays:            null
 - methods:           Array<T>(0x000002b61d80c928)
 - method ordering:   Array<T>(0x000002b61d80c958)
 - default_methods:   Array<T>(0x0000000000000000)
 - local interfaces:  Array<T>(0x000002b61d613ea0)
 - trans. interfaces: Array<T>(0x000002b61d80c720)
 - constants:         constant pool [51] {0x000002b61d80c738} for 'jdk/internal/ref/CleanerImpl$PhantomCleanableRef' cache=0x000002b61d3d1e68
 - class loader data:  loader data: 0x000002b61b1ba8f0 of 'bootstrap'
 - source file:       'CleanerImpl.java'
 - class annotations:       Array<T>(0x0000000000000000)
 - class type annotations:  Array<T>(0x0000000000000000)
 - field annotations:       Array<T>(0x0000000000000000)
 - field type annotations:  Array<T>(0x0000000000000000)
 - generic signature: 'Ljdk/internal/ref/PhantomCleanable<Ljava/lang/Object;>;'
 - inner classes:     Array<T>(0x000002b61d80c910)
 - nest members:     Array<T>(0x000002b61d613e28)
 - permitted subclasses:     Array<T>(0x000002b61d613e28)
 - java mirror:       a 'java/lang/Class'{0x000000060175c708} = 'jdk/internal/ref/CleanerImpl$PhantomCleanableRef'
 - vtable length      15  (start addr: 0x000002b61d160438)
 - itable length      5 (start addr: 0x000002b61d1604b0)
 - ---- static fields (0 words):
 - ---- non-static fields (8 words):
 - private 'referent' 'Ljava/lang/Object;' @12 
 - volatile 'queue' 'Ljava/lang/ref/ReferenceQueue;' @16 
 - volatile 'next' 'Ljava/lang/ref/Reference;' @20 
 - private transient 'discovered' 'Ljava/lang/ref/Reference;' @24 
 - 'prev' 'Ljdk/internal/ref/PhantomCleanable;' @28 
 - 'next' 'Ljdk/internal/ref/PhantomCleanable;' @32 
 - private final 'list' 'Ljdk/internal/ref/PhantomCleanable;' @36 
 - private final 'action' 'Ljava/lang/Runnable;' @40 
 - non-static oop maps: 16-20 28-40 
R13=0xaaaaaaaaaaaaaaab is an unknown value
R14=0x000002b61d1604e8 is pointing into metadata
R15=0x000000060145e368 is an oop: jdk.internal.ref.CleanerImpl$PhantomCleanableRef 
{0x000000060145e368} - klass: 'jdk/internal/ref/CleanerImpl$PhantomCleanableRef'
 - ---- fields (total size 6 words):
 - private 'referent' 'Ljava/lang/Object;' @12  a 'sun/nio/ch/NioSocketImpl'{0x0000000601401350} (0xc028026a)
 - volatile 'queue' 'Ljava/lang/ref/ReferenceQueue;' @16  
[error occurred during error reporting (printing register info), id 0xc0000005, EXCEPTION_ACCESS_VIOLATION (0xc0000005) at pc=0x00007fff2eb15cc6]

Top of Stack: (sp=0x000000c5863ff638)
0x000000c5863ff638:   00007fff2e777b0a 000002b6642533e0
0x000000c5863ff648:   00007fff2e777a76 000000060145e308
0x000000c5863ff658:   00007fff2e7778df 0000000601400fb0
0x000000c5863ff668:   00007fff2e7778df 000002b676c8ddd0
0x000000c5863ff678:   000000c5863ff820 000002b61d1604d8
0x000000c5863ff688:   00007fff2e776ece 000000060145e380
0x000000c5863ff698:   00007fff2e7755ad 000000060145e378
0x000000c5863ff6a8:   00007fff2e77528d 000000060145e330
0x000000c5863ff6b8:   00007fff2e7773e7 000000c5863ff7e0
0x000000c5863ff6c8:   0000000000000001 0000000000000000
0x000000c5863ff6d8:   000000060145e368 000000c5863ff820
0x000000c5863ff6e8:   00007fff2e774ed2 0000000000000006
0x000000c5863ff6f8:   000002b61d160278 000000060145e330
0x000000c5863ff708:   0000000000000000 000002b676c8ddd0
0x000000c5863ff718:   00007fff2e7946a0 000000060145e368
0x000000c5863ff728:   000002b676c74a00 000000c5863ff7e0
0x000000c5863ff738:   000002b676c74a00 000000060145e368
0x000000c5863ff748:   00007fff2e790f61 000000000000bc6d
0x000000c5863ff758:   000000c5835ff570 000000c5863ff790
0x000000c5863ff768:   00007fff2e7925b4 0000000000074190
0x000000c5863ff778:   00007fff2e792a9c 000000060145e330
0x000000c5863ff788:   000000000000bc6d 0000000000000000
0x000000c5863ff798:   0000000000000000 000002b6636a52c0
0x000000c5863ff7a8:   0000000000000001 000002b676c8ddd0
0x000000c5863ff7b8:   00007fff2e79182f 000002b676c8de68
0x000000c5863ff7c8:   0000000000000000 000000c5835ff501
0x000000c5863ff7d8:   0000000000000000 000002b676c749f0
0x000000c5863ff7e8:   000002b676c8ddd0 0000000601400000
0x000000c5863ff7f8:   0000000000074190 0000000601400000
0x000000c5863ff808:   0000000000074190 0000000000000000
0x000000c5863ff818:   0000000000000000 00007fff2ee31b78
0x000000c5863ff828:   000002b61c550500 0000000000000003 

Instructions: (pc=0x00007fff2e59d5a1)
0x00007fff2e59d4a1:   08 8b 0d d0 da a7 00 49 d3 e0 4c 03 05 be da a7
0x00007fff2e59d4b1:   00 eb 04 4c 8b 41 08 45 8b 48 08 45 85 c9 7e 0e
0x00007fff2e59d4c1:   41 f6 c1 01 75 53 41 c1 f9 03 49 63 c1 c3 79 49
0x00007fff2e59d4d1:   84 c0 41 b8 0c 00 00 00 8b 05 d9 eb a7 00 b9 10
0x00007fff2e59d4e1:   00 00 00 41 0f 45 c8 ff c8 4c 63 c0 41 8b c1 48
0x00007fff2e59d4f1:   c1 f8 10 0f b6 c0 48 63 14 11 41 8b c9 83 e1 3f
0x00007fff2e59d501:   48 d3 e2 49 8d 0c 10 49 f7 d0 48 03 c1 49 c1 e8
0x00007fff2e59d511:   03 48 c1 e8 03 49 23 c0 c3 49 8b 00 49 8b c8 48
0x00007fff2e59d521:   ff a0 00 01 00 00 cc cc cc cc cc cc cc cc cc 4c
0x00007fff2e59d531:   8b c2 48 8b d1 45 8b 48 08 45 85 c9 7e 0e 41 f6
0x00007fff2e59d541:   c1 01 75 56 41 c1 f9 03 49 63 c1 c3 79 4c 80 3d
0x00007fff2e59d551:   44 f0 a7 00 00 b8 0c 00 00 00 b9 10 00 00 00 0f
0x00007fff2e59d561:   45 c8 8b 05 4f eb a7 00 ff c8 4c 63 c0 41 8b c1
0x00007fff2e59d571:   48 c1 f8 10 48 63 14 11 41 8b c9 83 e1 3f 0f b6
0x00007fff2e59d581:   c0 48 d3 e2 49 8d 0c 10 49 f7 d0 48 03 c1 49 c1
0x00007fff2e59d591:   e8 03 48 c1 e8 03 49 23 c0 c3 49 8b 00 49 8b c8
0x00007fff2e59d5a1:   48 ff a0 00 01 00 00 cc cc cc cc cc cc cc cc 48
0x00007fff2e59d5b1:   83 ec 28 ba 37 00 00 00 48 8d 0d 88 86 85 00 e8
0x00007fff2e59d5c1:   4b 06 14 00 cc cc cc cc cc cc cc cc cc cc cc 40
0x00007fff2e59d5d1:   53 48 83 ec 20 48 8b d9 49 8b c0 33 c9 45 0f b6
0x00007fff2e59d5e1:   c1 48 89 0b 48 89 4b 08 48 8b cb 48 89 53 10 48
0x00007fff2e59d5f1:   8b d0 e8 a8 09 00 00 48 8b c3 48 83 c4 20 5b c3
0x00007fff2e59d601:   cc cc cc cc cc cc cc cc cc cc cc cc cc cc cc 40
0x00007fff2e59d611:   53 48 83 ec 20 33 c0 44 88 41 10 45 0f b6 c1 48
0x00007fff2e59d621:   89 01 48 89 41 08 48 8b d9 e8 81 0a 00 00 48 8b
0x00007fff2e59d631:   c3 48 83 c4 20 5b c3 cc cc cc cc cc cc cc cc 40
0x00007fff2e59d641:   53 48 83 ec 20 33 c0 48 8b d9 48 89 01 48 89 41
0x00007fff2e59d651:   08 e8 09 0c 00 00 48 8b c3 48 83 c4 20 5b c3 48
0x00007fff2e59d661:   8b c1 48 8b 09 48 85 c9 74 3c 48 8b 40 08 48 83
0x00007fff2e59d671:   c0 3f 48 c1 e8 06 48 8d 14 c5 00 00 00 00 48 3b
0x00007fff2e59d681:   15 2a f6 a7 00 0f 82 54 21 f8 ff 48 8b 05 d5 f7
0x00007fff2e59d691:   af 00 48 ff ca 48 03 d0 48 ff c8 48 f7 d0 48 23 


Stack slot to memory mapping:

stack at sp + 0 slots: 0x00007fff2e777b0a jvm.dll
stack at sp + 1 slots: 0x000002b6642533e0 points into unknown readable memory: 0x0e00011a00076c02 | 02 6c 07 00 1a 01 00 0e
stack at sp + 2 slots: 0x00007fff2e777a76 jvm.dll
stack at sp + 3 slots: 0x000000060145e308 is an oop: java.io.FileDescriptor 
{0x000000060145e308} - klass: 'java/io/FileDescriptor'
 - ---- fields (total size 5 words):
 - private 'fd' 'I' @12  -1 (0xffffffff)
 - private 'handle' 'J' @16  1080 (0x0000000000000438)
 - private 'closed' 'Z' @24  false (0x00)
 - private 'append' 'Z' @25  false (0x00)
 - private 'parent' 'Ljava/io/Closeable;' @28  a 'java/io/RandomAccessFile'{0x000000060145e2e0} (0xc028bc5c)
 - private 'otherParents' 'Ljava/util/List;' @32  null (0x00000000)
 - private 'cleanup' 'Ljdk/internal/ref/PhantomCleanable;' @36  a 'java/io/FileCleanable'{0x000000060145e330} (0xc028bc66)
stack at sp + 4 slots: 0x00007fff2e7778df jvm.dll
stack at sp + 5 slots: 0x0000000601400fb0 is pointing into object: java.lang.Class 
{0x0000000601400f90} - klass: 'java/lang/Class'
 - ---- fields (total size 14 words):
 - private volatile transient 'classRedefinedCount' 'I' @12  0 (0x00000000)
 - injected 'klass' 'J' @16  0 (0x0000000000000000)
 - injected 'array_klass' 'J' @24  2981193849544 (0x000002b61d001ac8)
 - injected 'oop_size' 'I' @32  14 (0x0000000e)
 - injected 'static_oop_field_count' 'I' @36  0 (0x00000000)
 - private volatile transient 'cachedConstructor' 'Ljava/lang/reflect/Constructor;' @40  null (0x00000000)
 - private transient 'name' 'Ljava/lang/String;' @44  "boolean"{0x000000060145fcb0} (0xc028bf96)
 - private transient 'module' 'Ljava/lang/Module;' @48  a 'java/lang/Module'{0x0000000601409610} (0xc02812c2)
 - private final 'classLoader' 'Ljava/lang/ClassLoader;' @52  null (0x00000000)
 - private transient 'classData' 'Ljava/lang/Object;' @56  null (0x00000000)
 - private transient 'packageName' 'Ljava/lang/String;' @60  null (0x00000000)
 - private final 'componentType' 'Ljava/lang/Class;' @64  null (0x00000000)
 - private volatile transient 'reflectionData' 'Ljava/lang/ref/SoftReference;' @68  null (0x00000000)
 - private volatile transient 'genericInfo' 'Lsun/reflect/generics/repository/ClassRepository;' @72  null (0x00000000)
 - private volatile transient 'enumConstants' '[Ljava/lang/Object;' @76  null (0x00000000)
 - private volatile transient 'enumConstantDirectory' 'Ljava/util/Map;' @80  null (0x00000000)
 - private volatile transient 'annotationData' 'Ljava/lang/Class$AnnotationData;' @84  null (0x00000000)
 - private volatile transient 'annotationType' 'Lsun/reflect/annotation/AnnotationType;' @88  null (0x00000000)
 - transient 'classValueMap' 'Ljava/lang/ClassValue$ClassValueMap;' @92  null (0x00000000)
 - injected 'protection_domain' 'Ljava/lang/Object;' @96  null (0x00000000)
 - injected 'signers_name' 'Ljava/lang/Object;' @100  null (0x00000000)
 - injected 'source_file' 'Ljava/lang/Object;' @104  null (0x00000000)
 - signature: Z
stack at sp + 6 slots: 0x00007fff2e7778df jvm.dll
stack at sp + 7 slots: 0x000002b676c8ddd0 points into unknown readable memory: 0x00007fff2ee31b58 | 58 1b e3 2e ff 7f 00 00


---------------  P R O C E S S  ---------------

Threads class SMR info:
_java_thread_list=0x000002b6629fd490, length=21, elements={
0x000002b676bc6eb0, 0x000002b61b2aa6f0, 0x000002b61b2abe60, 0x000002b61b2b21f0,
0x000002b61b2b30d0, 0x000002b61c559fb0, 0x000002b61b2b6e40, 0x000002b61b2be7f0,
0x000002b61c5675e0, 0x000002b61b2b74d0, 0x000002b61c66c9b0, 0x000002b61c66bc10,
0x000002b61c66ae70, 0x000002b61b2b7b60, 0x000002b61b2b81f0, 0x000002b61c66d080,
0x000002b61c66a0d0, 0x000002b61c66b540, 0x000002b61c66a7a0, 0x000002b61c66d750,
0x000002b61b2b8880
}

Java Threads: ( => current thread )
  0x000002b676bc6eb0 JavaThread "main"                              [_thread_blocked, id=16604, stack(0x000000c583300000,0x000000c583400000) (1024K)]
  0x000002b61b2aa6f0 JavaThread "Reference Handler"          daemon [_thread_blocked, id=19936, stack(0x000000c583b00000,0x000000c583c00000) (1024K)]
  0x000002b61b2abe60 JavaThread "Finalizer"                  daemon [_thread_blocked, id=15788, stack(0x000000c583c00000,0x000000c583d00000) (1024K)]
  0x000002b61b2b21f0 JavaThread "Signal Dispatcher"          daemon [_thread_blocked, id=1556, stack(0x000000c583d00000,0x000000c583e00000) (1024K)]
  0x000002b61b2b30d0 JavaThread "Attach Listener"            daemon [_thread_blocked, id=11336, stack(0x000000c583e00000,0x000000c583f00000) (1024K)]
  0x000002b61c559fb0 JavaThread "Service Thread"             daemon [_thread_blocked, id=7456, stack(0x000000c583f00000,0x000000c584000000) (1024K)]
  0x000002b61b2b6e40 JavaThread "Monitor Deflation Thread"   daemon [_thread_blocked, id=22216, stack(0x000000c584000000,0x000000c584100000) (1024K)]
  0x000002b61b2be7f0 JavaThread "C2 CompilerThread0"         daemon [_thread_in_native, id=20996, stack(0x000000c584100000,0x000000c584200000) (1024K)]
  0x000002b61c5675e0 JavaThread "C1 CompilerThread0"         daemon [_thread_blocked, id=21276, stack(0x000000c584200000,0x000000c584300000) (1024K)]
  0x000002b61b2b74d0 JavaThread "Common-Cleaner"             daemon [_thread_blocked, id=19288, stack(0x000000c584300000,0x000000c584400000) (1024K)]
  0x000002b61c66c9b0 JavaThread "C1 CompilerThread1"         daemon [_thread_blocked, id=5644, stack(0x000000c584400000,0x000000c584500000) (1024K)]
  0x000002b61c66bc10 JavaThread "C1 CompilerThread2"         daemon [_thread_blocked, id=23044, stack(0x000000c584500000,0x000000c584600000) (1024K)]
  0x000002b61c66ae70 JavaThread "C2 CompilerThread1"         daemon [_thread_blocked, id=14600, stack(0x000000c584600000,0x000000c584700000) (1024K)]
  0x000002b61b2b7b60 JavaThread "Monitor Ctrl-Break"         daemon [_thread_in_native, id=24136, stack(0x000000c584700000,0x000000c584800000) (1024K)]
  0x000002b61b2b81f0 JavaThread "Notification Thread"        daemon [_thread_blocked, id=7920, stack(0x000000c584800000,0x000000c584900000) (1024K)]
  0x000002b61c66d080 JavaThread "C1 CompilerThread3"         daemon [_thread_blocked, id=21900, stack(0x000000c584a00000,0x000000c584b00000) (1024K)]
  0x000002b61c66a0d0 JavaThread "C2 CompilerThread2"         daemon [_thread_blocked, id=20220, stack(0x000000c584900000,0x000000c584a00000) (1024K)]
  0x000002b61c66b540 JavaThread "C2 CompilerThread3"         daemon [_thread_blocked, id=23444, stack(0x000000c584b00000,0x000000c584c00000) (1024K)]
  0x000002b61c66a7a0 JavaThread "C2 CompilerThread4"         daemon [_thread_blocked, id=23776, stack(0x000000c584c00000,0x000000c584d00000) (1024K)]
  0x000002b61c66d750 JavaThread "C2 CompilerThread5"         daemon [_thread_blocked, id=16976, stack(0x000000c584d00000,0x000000c584e00000) (1024K)]
  0x000002b61b2b8880 JavaThread "Thread-1"                   daemon [_thread_blocked, id=6544, stack(0x000000c585b00000,0x000000c585c00000) (1024K)]
Total: 21

Other Threads:
  0x000002b61b292e90 VMThread "VM Thread"                           [id=17240, stack(0x000000c583a00000,0x000000c583b00000) (1024K)]
  0x000002b61c551b00 WatcherThread "VM Periodic Task Thread"        [id=20240, stack(0x000000c583900000,0x000000c583a00000) (1024K)]
  0x000002b676c743f0 WorkerThread "GC Thread#0"                     [id=23400, stack(0x000000c583400000,0x000000c583500000) (1024K)]
  0x000002b662a12ee0 WorkerThread "GC Thread#1"                     [id=14836, stack(0x000000c585000000,0x000000c585100000) (1024K)]
  0x000002b662a13d60 WorkerThread "GC Thread#2"                     [id=11304, stack(0x000000c585100000,0x000000c585200000) (1024K)]
  0x000002b662a13620 WorkerThread "GC Thread#3"                     [id=8456, stack(0x000000c585200000,0x000000c585300000) (1024K)]
  0x000002b662a14100 WorkerThread "GC Thread#4"                     [id=22160, stack(0x000000c585300000,0x000000c585400000) (1024K)]
  0x000002b662a139c0 WorkerThread "GC Thread#5"                     [id=20076, stack(0x000000c585400000,0x000000c585500000) (1024K)]
  0x000002b662a144a0 WorkerThread "GC Thread#6"                     [id=16812, stack(0x000000c585500000,0x000000c585600000) (1024K)]
  0x000002b662a12b40 WorkerThread "GC Thread#7"                     [id=6960, stack(0x000000c585600000,0x000000c585700000) (1024K)]
  0x000002b662a13280 WorkerThread "GC Thread#8"                     [id=8308, stack(0x000000c585700000,0x000000c585800000) (1024K)]
  0x000002b6635adc10 WorkerThread "GC Thread#9"                     [id=22204, stack(0x000000c585800000,0x000000c585900000) (1024K)]
  0x000002b6635ad130 WorkerThread "GC Thread#10"                    [id=24544, stack(0x000000c585900000,0x000000c585a00000) (1024K)]
  0x000002b6635ab430 WorkerThread "GC Thread#11"                    [id=23292, stack(0x000000c585a00000,0x000000c585b00000) (1024K)]
  0x000002b6635ac650 WorkerThread "GC Thread#12"                    [id=3360, stack(0x000000c585c00000,0x000000c585d00000) (1024K)]
  0x000002b6635aa5b0 WorkerThread "GC Thread#13"                    [id=20904, stack(0x000000c585d00000,0x000000c585e00000) (1024K)]
  0x000002b6635aa950 WorkerThread "GC Thread#14"                    [id=21128, stack(0x000000c585e00000,0x000000c585f00000) (1024K)]
  0x000002b6635aacf0 WorkerThread "GC Thread#15"                    [id=10544, stack(0x000000c585f00000,0x000000c586000000) (1024K)]
  0x000002b6635ab090 WorkerThread "GC Thread#16"                    [id=18864, stack(0x000000c586000000,0x000000c586100000) (1024K)]
  0x000002b6635ab7d0 WorkerThread "GC Thread#17"                    [id=19672, stack(0x000000c586100000,0x000000c586200000) (1024K)]
  0x000002b676c86150 ConcurrentGCThread "G1 Main Marker"            [id=21920, stack(0x000000c583500000,0x000000c583600000) (1024K)]
  0x000002b676c86b60 WorkerThread "G1 Conc#0"                       [id=19952, stack(0x000000c583600000,0x000000c583700000) (1024K)]
  0x000002b663214fa0 WorkerThread "G1 Conc#1"                       [id=23064, stack(0x000000c586200000,0x000000c586300000) (1024K)]
=>0x000002b663213640 WorkerThread "G1 Conc#2"                       [id=23188, stack(0x000000c586300000,0x000000c586400000) (1024K)]
  0x000002b663214120 WorkerThread "G1 Conc#3"                       [id=18460, stack(0x000000c584e00000,0x000000c584f00000) (1024K)]
  0x000002b6632144c0 WorkerThread "G1 Conc#4"                       [id=21256, stack(0x000000c584f00000,0x000000c585000000) (1024K)]
  0x000002b61b1be550 ConcurrentGCThread "G1 Refine#0"               [id=23684, stack(0x000000c583700000,0x000000c583800000) (1024K)]
  0x000002b61b1c0ee0 ConcurrentGCThread "G1 Service"                [id=19548, stack(0x000000c583800000,0x000000c583900000) (1024K)]
Total: 28

Threads with active compile tasks:
C2 CompilerThread0     2111 4966   !   4       jdk.internal.loader.BuiltinClassLoader::loadClassOrNull (143 bytes)
Total: 1

VM state: not at safepoint (normal execution)

VM Mutex/Monitor currently owned by a thread:  ([mutex/lock_event])
[0x00007fff2f09bf98] Heap_lock - owner thread: 0x000002b676bc6eb0

Heap address: 0x0000000601400000, size: 8172 MB, Compressed Oops mode: Zero based, Oop shift amount: 3

CDS archive(s) mapped at: [0x000002b61d000000-0x000002b61dc90000-0x000002b61dc90000), size 13172736, SharedBaseAddress: 0x000002b61d000000, ArchiveRelocationMode: 1.
Compressed class space mapped at: 0x000002b61e000000-0x000002b65e000000, reserved size: 1073741824
Narrow klass base: 0x000002b61d000000, Narrow klass shift: 0, Narrow klass range: 0x100000000

GC Precious Log:
 CardTable entry size: 512
 Card Set container configuration: InlinePtr #cards 4 size 8 Array Of Cards #cards 32 size 80 Howl #buckets 8 coarsen threshold 7372 Howl Bitmap #cards 1024 size 144 coarsen threshold 921 Card regions per heap region 1 cards per card region 8192
 CPUs: 24 total, 24 available
 Memory: 32676M
 Large Page Support: Disabled
 NUMA Support: Disabled
 Compressed Oops: Enabled (Zero based)
 Heap Region Size: 4M
 Heap Min Capacity: 8M
 Heap Initial Capacity: 512M
 Heap Max Capacity: 8172M
 Pre-touch: Disabled
 Parallel Workers: 18
 Concurrent Workers: 5
 Concurrent Refinement Workers: 18
 Periodic GC: Disabled

Heap:
 garbage-first heap   total 524288K, used 12064K [0x0000000601400000, 0x0000000800000000)
  region size 4096K, 4 young (16384K), 3 survivors (12288K)
 Metaspace       used 21509K, committed 21824K, reserved 1114112K
  class space    used 2473K, committed 2624K, reserved 1048576K

Heap Regions: E=young(eden), S=young(survivor), O=old, HS=humongous(starts), HC=humongous(continues), CS=collection set, F=free, TAMS=top-at-mark-start, PB=parsable bottom
|   0|0x0000000601400000, 0x00000006017a0c80, 0x0000000601800000| 90%| O|  |TAMS 0x00000006017a0c80| PB 0x0000000601400000| Untracked 
|   1|0x0000000601800000, 0x0000000601800000, 0x0000000601c00000|  0%| F|  |TAMS 0x0000000601800000| PB 0x0000000601800000| Untracked 
|   2|0x0000000601c00000, 0x0000000601c00000, 0x0000000602000000|  0%| F|  |TAMS 0x0000000601c00000| PB 0x0000000601c00000| Untracked 
|   3|0x0000000602000000, 0x0000000602000000, 0x0000000602400000|  0%| F|  |TAMS 0x0000000602000000| PB 0x0000000602000000| Untracked 
|   4|0x0000000602400000, 0x0000000602400000, 0x0000000602800000|  0%| F|  |TAMS 0x0000000602400000| PB 0x0000000602400000| Untracked 
|   5|0x0000000602800000, 0x0000000602800000, 0x0000000602c00000|  0%| F|  |TAMS 0x0000000602800000| PB 0x0000000602800000| Untracked 
|   6|0x0000000602c00000, 0x0000000602c00000, 0x0000000603000000|  0%| F|  |TAMS 0x0000000602c00000| PB 0x0000000602c00000| Untracked 
|   7|0x0000000603000000, 0x0000000603000000, 0x0000000603400000|  0%| F|  |TAMS 0x0000000603000000| PB 0x0000000603000000| Untracked 
|   8|0x0000000603400000, 0x0000000603400000, 0x0000000603800000|  0%| F|  |TAMS 0x0000000603400000| PB 0x0000000603400000| Untracked 
|   9|0x0000000603800000, 0x0000000603800000, 0x0000000603c00000|  0%| F|  |TAMS 0x0000000603800000| PB 0x0000000603800000| Untracked 
|  10|0x0000000603c00000, 0x0000000603c00000, 0x0000000604000000|  0%| F|  |TAMS 0x0000000603c00000| PB 0x0000000603c00000| Untracked 
|  11|0x0000000604000000, 0x0000000604000000, 0x0000000604400000|  0%| F|  |TAMS 0x0000000604000000| PB 0x0000000604000000| Untracked 
|  12|0x0000000604400000, 0x0000000604400000, 0x0000000604800000|  0%| F|  |TAMS 0x0000000604400000| PB 0x0000000604400000| Untracked 
|  13|0x0000000604800000, 0x0000000604800000, 0x0000000604c00000|  0%| F|  |TAMS 0x0000000604800000| PB 0x0000000604800000| Untracked 
|  14|0x0000000604c00000, 0x0000000604c00000, 0x0000000605000000|  0%| F|  |TAMS 0x0000000604c00000| PB 0x0000000604c00000| Untracked 
|  15|0x0000000605000000, 0x0000000605000000, 0x0000000605400000|  0%| F|  |TAMS 0x0000000605000000| PB 0x0000000605000000| Untracked 
|  16|0x0000000605400000, 0x0000000605400000, 0x0000000605800000|  0%| F|  |TAMS 0x0000000605400000| PB 0x0000000605400000| Untracked 
|  17|0x0000000605800000, 0x0000000605800000, 0x0000000605c00000|  0%| F|  |TAMS 0x0000000605800000| PB 0x0000000605800000| Untracked 
|  18|0x0000000605c00000, 0x0000000605c00000, 0x0000000606000000|  0%| F|  |TAMS 0x0000000605c00000| PB 0x0000000605c00000| Untracked 
|  19|0x0000000606000000, 0x0000000606000000, 0x0000000606400000|  0%| F|  |TAMS 0x0000000606000000| PB 0x0000000606000000| Untracked 
|  20|0x0000000606400000, 0x0000000606400000, 0x0000000606800000|  0%| F|  |TAMS 0x0000000606400000| PB 0x0000000606400000| Untracked 
|  21|0x0000000606800000, 0x0000000606800000, 0x0000000606c00000|  0%| F|  |TAMS 0x0000000606800000| PB 0x0000000606800000| Untracked 
|  22|0x0000000606c00000, 0x0000000606c00000, 0x0000000607000000|  0%| F|  |TAMS 0x0000000606c00000| PB 0x0000000606c00000| Untracked 
|  23|0x0000000607000000, 0x0000000607000000, 0x0000000607400000|  0%| F|  |TAMS 0x0000000607000000| PB 0x0000000607000000| Untracked 
|  24|0x0000000607400000, 0x0000000607400000, 0x0000000607800000|  0%| F|  |TAMS 0x0000000607400000| PB 0x0000000607400000| Untracked 
|  25|0x0000000607800000, 0x0000000607800000, 0x0000000607c00000|  0%| F|  |TAMS 0x0000000607800000| PB 0x0000000607800000| Untracked 
|  26|0x0000000607c00000, 0x0000000607c00000, 0x0000000608000000|  0%| F|  |TAMS 0x0000000607c00000| PB 0x0000000607c00000| Untracked 
|  27|0x0000000608000000, 0x0000000608000000, 0x0000000608400000|  0%| F|  |TAMS 0x0000000608000000| PB 0x0000000608000000| Untracked 
|  28|0x0000000608400000, 0x0000000608400000, 0x0000000608800000|  0%| F|  |TAMS 0x0000000608400000| PB 0x0000000608400000| Untracked 
|  29|0x0000000608800000, 0x0000000608800000, 0x0000000608c00000|  0%| F|  |TAMS 0x0000000608800000| PB 0x0000000608800000| Untracked 
|  30|0x0000000608c00000, 0x0000000608c00000, 0x0000000609000000|  0%| F|  |TAMS 0x0000000608c00000| PB 0x0000000608c00000| Untracked 
|  31|0x0000000609000000, 0x0000000609000000, 0x0000000609400000|  0%| F|  |TAMS 0x0000000609000000| PB 0x0000000609000000| Untracked 
|  32|0x0000000609400000, 0x0000000609400000, 0x0000000609800000|  0%| F|  |TAMS 0x0000000609400000| PB 0x0000000609400000| Untracked 
|  33|0x0000000609800000, 0x0000000609800000, 0x0000000609c00000|  0%| F|  |TAMS 0x0000000609800000| PB 0x0000000609800000| Untracked 
|  34|0x0000000609c00000, 0x0000000609c00000, 0x000000060a000000|  0%| F|  |TAMS 0x0000000609c00000| PB 0x0000000609c00000| Untracked 
|  35|0x000000060a000000, 0x000000060a000000, 0x000000060a400000|  0%| F|  |TAMS 0x000000060a000000| PB 0x000000060a000000| Untracked 
|  36|0x000000060a400000, 0x000000060a400000, 0x000000060a800000|  0%| F|  |TAMS 0x000000060a400000| PB 0x000000060a400000| Untracked 
|  37|0x000000060a800000, 0x000000060a800000, 0x000000060ac00000|  0%| F|  |TAMS 0x000000060a800000| PB 0x000000060a800000| Untracked 
|  38|0x000000060ac00000, 0x000000060ac00000, 0x000000060b000000|  0%| F|  |TAMS 0x000000060ac00000| PB 0x000000060ac00000| Untracked 
|  39|0x000000060b000000, 0x000000060b000000, 0x000000060b400000|  0%| F|  |TAMS 0x000000060b000000| PB 0x000000060b000000| Untracked 
|  40|0x000000060b400000, 0x000000060b400000, 0x000000060b800000|  0%| F|  |TAMS 0x000000060b400000| PB 0x000000060b400000| Untracked 
|  41|0x000000060b800000, 0x000000060b800000, 0x000000060bc00000|  0%| F|  |TAMS 0x000000060b800000| PB 0x000000060b800000| Untracked 
|  42|0x000000060bc00000, 0x000000060bc00000, 0x000000060c000000|  0%| F|  |TAMS 0x000000060bc00000| PB 0x000000060bc00000| Untracked 
|  43|0x000000060c000000, 0x000000060c000000, 0x000000060c400000|  0%| F|  |TAMS 0x000000060c000000| PB 0x000000060c000000| Untracked 
|  44|0x000000060c400000, 0x000000060c400000, 0x000000060c800000|  0%| F|  |TAMS 0x000000060c400000| PB 0x000000060c400000| Untracked 
|  45|0x000000060c800000, 0x000000060c800000, 0x000000060cc00000|  0%| F|  |TAMS 0x000000060c800000| PB 0x000000060c800000| Untracked 
|  46|0x000000060cc00000, 0x000000060cc00000, 0x000000060d000000|  0%| F|  |TAMS 0x000000060cc00000| PB 0x000000060cc00000| Untracked 
|  47|0x000000060d000000, 0x000000060d000000, 0x000000060d400000|  0%| F|  |TAMS 0x000000060d000000| PB 0x000000060d000000| Untracked 
|  48|0x000000060d400000, 0x000000060d400000, 0x000000060d800000|  0%| F|  |TAMS 0x000000060d400000| PB 0x000000060d400000| Untracked 
|  49|0x000000060d800000, 0x000000060d800000, 0x000000060dc00000|  0%| F|  |TAMS 0x000000060d800000| PB 0x000000060d800000| Untracked 
|  50|0x000000060dc00000, 0x000000060dc00000, 0x000000060e000000|  0%| F|  |TAMS 0x000000060dc00000| PB 0x000000060dc00000| Untracked 
|  51|0x000000060e000000, 0x000000060e000000, 0x000000060e400000|  0%| F|  |TAMS 0x000000060e000000| PB 0x000000060e000000| Untracked 
|  52|0x000000060e400000, 0x000000060e400000, 0x000000060e800000|  0%| F|  |TAMS 0x000000060e400000| PB 0x000000060e400000| Untracked 
|  53|0x000000060e800000, 0x000000060e800000, 0x000000060ec00000|  0%| F|  |TAMS 0x000000060e800000| PB 0x000000060e800000| Untracked 
|  54|0x000000060ec00000, 0x000000060ec00000, 0x000000060f000000|  0%| F|  |TAMS 0x000000060ec00000| PB 0x000000060ec00000| Untracked 
|  55|0x000000060f000000, 0x000000060f000000, 0x000000060f400000|  0%| F|  |TAMS 0x000000060f000000| PB 0x000000060f000000| Untracked 
|  56|0x000000060f400000, 0x000000060f400000, 0x000000060f800000|  0%| F|  |TAMS 0x000000060f400000| PB 0x000000060f400000| Untracked 
|  57|0x000000060f800000, 0x000000060f800000, 0x000000060fc00000|  0%| F|  |TAMS 0x000000060f800000| PB 0x000000060f800000| Untracked 
|  58|0x000000060fc00000, 0x000000060fc00000, 0x0000000610000000|  0%| F|  |TAMS 0x000000060fc00000| PB 0x000000060fc00000| Untracked 
|  59|0x0000000610000000, 0x0000000610000000, 0x0000000610400000|  0%| F|  |TAMS 0x0000000610000000| PB 0x0000000610000000| Untracked 
|  60|0x0000000610400000, 0x0000000610400000, 0x0000000610800000|  0%| F|  |TAMS 0x0000000610400000| PB 0x0000000610400000| Untracked 
|  61|0x0000000610800000, 0x0000000610800000, 0x0000000610c00000|  0%| F|  |TAMS 0x0000000610800000| PB 0x0000000610800000| Untracked 
|  62|0x0000000610c00000, 0x0000000610c00000, 0x0000000611000000|  0%| F|  |TAMS 0x0000000610c00000| PB 0x0000000610c00000| Untracked 
|  63|0x0000000611000000, 0x0000000611000000, 0x0000000611400000|  0%| F|  |TAMS 0x0000000611000000| PB 0x0000000611000000| Untracked 
|  64|0x0000000611400000, 0x0000000611400000, 0x0000000611800000|  0%| F|  |TAMS 0x0000000611400000| PB 0x0000000611400000| Untracked 
|  65|0x0000000611800000, 0x0000000611800000, 0x0000000611c00000|  0%| F|  |TAMS 0x0000000611800000| PB 0x0000000611800000| Untracked 
|  66|0x0000000611c00000, 0x0000000611c00000, 0x0000000612000000|  0%| F|  |TAMS 0x0000000611c00000| PB 0x0000000611c00000| Untracked 
|  67|0x0000000612000000, 0x0000000612000000, 0x0000000612400000|  0%| F|  |TAMS 0x0000000612000000| PB 0x0000000612000000| Untracked 
|  68|0x0000000612400000, 0x0000000612400000, 0x0000000612800000|  0%| F|  |TAMS 0x0000000612400000| PB 0x0000000612400000| Untracked 
|  69|0x0000000612800000, 0x0000000612800000, 0x0000000612c00000|  0%| F|  |TAMS 0x0000000612800000| PB 0x0000000612800000| Untracked 
|  70|0x0000000612c00000, 0x0000000612c00000, 0x0000000613000000|  0%| F|  |TAMS 0x0000000612c00000| PB 0x0000000612c00000| Untracked 
|  71|0x0000000613000000, 0x0000000613000000, 0x0000000613400000|  0%| F|  |TAMS 0x0000000613000000| PB 0x0000000613000000| Untracked 
|  72|0x0000000613400000, 0x0000000613400000, 0x0000000613800000|  0%| F|  |TAMS 0x0000000613400000| PB 0x0000000613400000| Untracked 
|  73|0x0000000613800000, 0x0000000613800000, 0x0000000613c00000|  0%| F|  |TAMS 0x0000000613800000| PB 0x0000000613800000| Untracked 
|  74|0x0000000613c00000, 0x0000000613c00000, 0x0000000614000000|  0%| F|  |TAMS 0x0000000613c00000| PB 0x0000000613c00000| Untracked 
|  75|0x0000000614000000, 0x0000000614000000, 0x0000000614400000|  0%| F|  |TAMS 0x0000000614000000| PB 0x0000000614000000| Untracked 
|  76|0x0000000614400000, 0x0000000614400000, 0x0000000614800000|  0%| F|  |TAMS 0x0000000614400000| PB 0x0000000614400000| Untracked 
|  77|0x0000000614800000, 0x0000000614800000, 0x0000000614c00000|  0%| F|  |TAMS 0x0000000614800000| PB 0x0000000614800000| Untracked 
|  78|0x0000000614c00000, 0x0000000614c00000, 0x0000000615000000|  0%| F|  |TAMS 0x0000000614c00000| PB 0x0000000614c00000| Untracked 
|  79|0x0000000615000000, 0x0000000615000000, 0x0000000615400000|  0%| F|  |TAMS 0x0000000615000000| PB 0x0000000615000000| Untracked 
|  80|0x0000000615400000, 0x0000000615400000, 0x0000000615800000|  0%| F|  |TAMS 0x0000000615400000| PB 0x0000000615400000| Untracked 
|  81|0x0000000615800000, 0x0000000615800000, 0x0000000615c00000|  0%| F|  |TAMS 0x0000000615800000| PB 0x0000000615800000| Untracked 
|  82|0x0000000615c00000, 0x0000000615c00000, 0x0000000616000000|  0%| F|  |TAMS 0x0000000615c00000| PB 0x0000000615c00000| Untracked 
|  83|0x0000000616000000, 0x0000000616000000, 0x0000000616400000|  0%| F|  |TAMS 0x0000000616000000| PB 0x0000000616000000| Untracked 
|  84|0x0000000616400000, 0x0000000616400000, 0x0000000616800000|  0%| F|  |TAMS 0x0000000616400000| PB 0x0000000616400000| Untracked 
|  85|0x0000000616800000, 0x0000000616800000, 0x0000000616c00000|  0%| F|  |TAMS 0x0000000616800000| PB 0x0000000616800000| Untracked 
|  86|0x0000000616c00000, 0x0000000616c00000, 0x0000000617000000|  0%| F|  |TAMS 0x0000000616c00000| PB 0x0000000616c00000| Untracked 
|  87|0x0000000617000000, 0x0000000617000000, 0x0000000617400000|  0%| F|  |TAMS 0x0000000617000000| PB 0x0000000617000000| Untracked 
|  88|0x0000000617400000, 0x0000000617400000, 0x0000000617800000|  0%| F|  |TAMS 0x0000000617400000| PB 0x0000000617400000| Untracked 
|  89|0x0000000617800000, 0x0000000617800000, 0x0000000617c00000|  0%| F|  |TAMS 0x0000000617800000| PB 0x0000000617800000| Untracked 
|  90|0x0000000617c00000, 0x0000000617c00000, 0x0000000618000000|  0%| F|  |TAMS 0x0000000617c00000| PB 0x0000000617c00000| Untracked 
|  91|0x0000000618000000, 0x0000000618000000, 0x0000000618400000|  0%| F|  |TAMS 0x0000000618000000| PB 0x0000000618000000| Untracked 
|  92|0x0000000618400000, 0x0000000618400000, 0x0000000618800000|  0%| F|  |TAMS 0x0000000618400000| PB 0x0000000618400000| Untracked 
|  93|0x0000000618800000, 0x0000000618800000, 0x0000000618c00000|  0%| F|  |TAMS 0x0000000618800000| PB 0x0000000618800000| Untracked 
|  94|0x0000000618c00000, 0x0000000618c00000, 0x0000000619000000|  0%| F|  |TAMS 0x0000000618c00000| PB 0x0000000618c00000| Untracked 
|  95|0x0000000619000000, 0x0000000619000000, 0x0000000619400000|  0%| F|  |TAMS 0x0000000619000000| PB 0x0000000619000000| Untracked 
|  96|0x0000000619400000, 0x0000000619400000, 0x0000000619800000|  0%| F|  |TAMS 0x0000000619400000| PB 0x0000000619400000| Untracked 
|  97|0x0000000619800000, 0x0000000619800000, 0x0000000619c00000|  0%| F|  |TAMS 0x0000000619800000| PB 0x0000000619800000| Untracked 
|  98|0x0000000619c00000, 0x0000000619c00000, 0x000000061a000000|  0%| F|  |TAMS 0x0000000619c00000| PB 0x0000000619c00000| Untracked 
|  99|0x000000061a000000, 0x000000061a027720, 0x000000061a400000|  3%| S|CS|TAMS 0x000000061a000000| PB 0x000000061a000000| Complete 
| 100|0x000000061a400000, 0x000000061a800000, 0x000000061a800000|100%| S|CS|TAMS 0x000000061a400000| PB 0x000000061a400000| Complete 
| 101|0x000000061a800000, 0x000000061ac00000, 0x000000061ac00000|100%| S|CS|TAMS 0x000000061a800000| PB 0x000000061a800000| Complete 
| 102|0x000000061ac00000, 0x000000061ac00000, 0x000000061b000000|  0%| F|  |TAMS 0x000000061ac00000| PB 0x000000061ac00000| Untracked 
| 103|0x000000061b000000, 0x000000061b000000, 0x000000061b400000|  0%| F|  |TAMS 0x000000061b000000| PB 0x000000061b000000| Untracked 
| 104|0x000000061b400000, 0x000000061b400000, 0x000000061b800000|  0%| F|  |TAMS 0x000000061b400000| PB 0x000000061b400000| Untracked 
| 105|0x000000061b800000, 0x000000061b800000, 0x000000061bc00000|  0%| F|  |TAMS 0x000000061b800000| PB 0x000000061b800000| Untracked 
| 106|0x000000061bc00000, 0x000000061bc00000, 0x000000061c000000|  0%| F|  |TAMS 0x000000061bc00000| PB 0x000000061bc00000| Untracked 
| 107|0x000000061c000000, 0x000000061c000000, 0x000000061c400000|  0%| F|  |TAMS 0x000000061c000000| PB 0x000000061c000000| Untracked 
| 108|0x000000061c400000, 0x000000061c400000, 0x000000061c800000|  0%| F|  |TAMS 0x000000061c400000| PB 0x000000061c400000| Untracked 
| 109|0x000000061c800000, 0x000000061c800000, 0x000000061cc00000|  0%| F|  |TAMS 0x000000061c800000| PB 0x000000061c800000| Untracked 
| 110|0x000000061cc00000, 0x000000061cc00000, 0x000000061d000000|  0%| F|  |TAMS 0x000000061cc00000| PB 0x000000061cc00000| Untracked 
| 111|0x000000061d000000, 0x000000061d000000, 0x000000061d400000|  0%| F|  |TAMS 0x000000061d000000| PB 0x000000061d000000| Untracked 
| 112|0x000000061d400000, 0x000000061d400000, 0x000000061d800000|  0%| F|  |TAMS 0x000000061d400000| PB 0x000000061d400000| Untracked 
| 113|0x000000061d800000, 0x000000061d800000, 0x000000061dc00000|  0%| F|  |TAMS 0x000000061d800000| PB 0x000000061d800000| Untracked 
| 114|0x000000061dc00000, 0x000000061dc00000, 0x000000061e000000|  0%| F|  |TAMS 0x000000061dc00000| PB 0x000000061dc00000| Untracked 
| 115|0x000000061e000000, 0x000000061e000000, 0x000000061e400000|  0%| F|  |TAMS 0x000000061e000000| PB 0x000000061e000000| Untracked 
| 116|0x000000061e400000, 0x000000061e400000, 0x000000061e800000|  0%| F|  |TAMS 0x000000061e400000| PB 0x000000061e400000| Untracked 
| 117|0x000000061e800000, 0x000000061e800000, 0x000000061ec00000|  0%| F|  |TAMS 0x000000061e800000| PB 0x000000061e800000| Untracked 
| 118|0x000000061ec00000, 0x000000061ec00000, 0x000000061f000000|  0%| F|  |TAMS 0x000000061ec00000| PB 0x000000061ec00000| Untracked 
| 119|0x000000061f000000, 0x000000061f000000, 0x000000061f400000|  0%| F|  |TAMS 0x000000061f000000| PB 0x000000061f000000| Untracked 
| 120|0x000000061f400000, 0x000000061f400000, 0x000000061f800000|  0%| F|  |TAMS 0x000000061f400000| PB 0x000000061f400000| Untracked 
| 121|0x000000061f800000, 0x000000061f800000, 0x000000061fc00000|  0%| F|  |TAMS 0x000000061f800000| PB 0x000000061f800000| Untracked 
| 122|0x000000061fc00000, 0x000000061fc00000, 0x0000000620000000|  0%| F|  |TAMS 0x000000061fc00000| PB 0x000000061fc00000| Untracked 
| 123|0x0000000620000000, 0x0000000620000000, 0x0000000620400000|  0%| F|  |TAMS 0x0000000620000000| PB 0x0000000620000000| Untracked 
| 124|0x0000000620400000, 0x0000000620400000, 0x0000000620800000|  0%| F|  |TAMS 0x0000000620400000| PB 0x0000000620400000| Untracked 
| 125|0x0000000620800000, 0x0000000620800000, 0x0000000620c00000|  0%| F|  |TAMS 0x0000000620800000| PB 0x0000000620800000| Untracked 
| 126|0x0000000620c00000, 0x0000000620c00000, 0x0000000621000000|  0%| F|  |TAMS 0x0000000620c00000| PB 0x0000000620c00000| Untracked 
| 127|0x0000000621000000, 0x0000000621400000, 0x0000000621400000|100%| E|  |TAMS 0x0000000621000000| PB 0x0000000621000000| Complete 

Card table byte_map: [0x000002b610000000,0x000002b611000000] _byte_map_base: 0x000002b60cff6000

Marking Bits: (CMBitMap*) 0x000002b676c74a00
 Bits: [0x000002b611000000, 0x000002b618fb0000)

Polling page: 0x000002b674b80000

Metaspace:

Usage:
  Non-class:     18.59 MB used.
      Class:      2.42 MB used.
       Both:     21.01 MB used.

Virtual space:
  Non-class space:       64.00 MB reserved,      18.75 MB ( 29%) committed,  1 nodes.
      Class space:        1.00 GB reserved,       2.56 MB ( <1%) committed,  1 nodes.
             Both:        1.06 GB reserved,      21.31 MB (  2%) committed. 

Chunk freelists:
   Non-Class:  12.94 MB
       Class:  13.41 MB
        Both:  26.34 MB

MaxMetaspaceSize: unlimited
CompressedClassSpaceSize: 1.00 GB
Initial GC threshold: 21.00 MB
Current GC threshold: 21.31 MB
CDS: on
 - commit_granule_bytes: 65536.
 - commit_granule_words: 8192.
 - virtual_space_node_default_size: 8388608.
 - enlarge_chunks_in_place: 1.
 - use_allocation_guard: 0.


Internal statistics:

num_allocs_failed_limit: 5.
num_arena_births: 216.
num_arena_deaths: 0.
num_vsnodes_births: 2.
num_vsnodes_deaths: 0.
num_space_committed: 341.
num_space_uncommitted: 0.
num_chunks_returned_to_freelist: 5.
num_chunks_taken_from_freelist: 953.
num_chunk_merges: 5.
num_chunk_splits: 671.
num_chunks_enlarged: 532.
num_inconsistent_stats: 0.

CodeHeap 'non-profiled nmethods': size=119168Kb used=2410Kb max_used=2410Kb free=116757Kb
 bounds [0x000002b607ba0000, 0x000002b607e10000, 0x000002b60f000000]
CodeHeap 'profiled nmethods': size=119104Kb used=10387Kb max_used=10387Kb free=108717Kb
 bounds [0x000002b600000000, 0x000002b600a30000, 0x000002b607450000]
CodeHeap 'non-nmethods': size=7488Kb used=3127Kb max_used=3172Kb free=4360Kb
 bounds [0x000002b607450000, 0x000002b607770000, 0x000002b607ba0000]
 total_blobs=5509 nmethods=4982 adapters=427
 compilation: enabled
              stopped_count=0, restarted_count=0
 full_count=0

Compilation events (20 events):
Event: 2.080 Thread 0x000002b61c66b540 4976       4       java.util.concurrent.locks.ReentrantLock::lock (8 bytes)
Event: 2.080 Thread 0x000002b61c66c9b0 4977   !   3       java.lang.ref.NativeReferenceQueue::enqueue (20 bytes)
Event: 2.080 Thread 0x000002b61c66d080 nmethod 4974 0x000002b600a1ff10 code [0x000002b600a20100, 0x000002b600a20520]
Event: 2.080 Thread 0x000002b61c66a7a0 nmethod 4967 0x000002b607df9310 code [0x000002b607df9540, 0x000002b607df9fa0]
Event: 2.080 Thread 0x000002b61c5675e0 nmethod 4975 0x000002b600a20690 code [0x000002b600a20860, 0x000002b600a20bc0]
Event: 2.080 Thread 0x000002b61c66c9b0 nmethod 4977 0x000002b600a20d10 code [0x000002b600a20ec0, 0x000002b600a210f8]
Event: 2.080 Thread 0x000002b61c66d080 4980       3       java.lang.ref.NativeReferenceQueue::signal (8 bytes)
Event: 2.080 Thread 0x000002b61c66bc10 nmethod 4972 0x000002b600a21210 code [0x000002b600a21460, 0x000002b600a21dc8]
Event: 2.080 Thread 0x000002b61c5675e0 4978   !   3       jdk.internal.ref.PhantomCleanable::isListEmpty (34 bytes)
Event: 2.080 Thread 0x000002b61c66c9b0 4979       3       jdk.internal.misc.InnocuousThread::eraseThreadLocals (23 bytes)
Event: 2.080 Thread 0x000002b61c66d080 nmethod 4980 0x000002b600a22110 code [0x000002b600a222c0, 0x000002b600a22408]
Event: 2.080 Thread 0x000002b61c66d080 4981   !   3       java.lang.ref.ReferenceQueue::remove (61 bytes)
Event: 2.080 Thread 0x000002b61c66c9b0 nmethod 4979 0x000002b600a22510 code [0x000002b600a226a0, 0x000002b600a228a0]
Event: 2.080 Thread 0x000002b61c66bc10 4982       3       java.lang.ref.ReferenceQueue::remove0 (64 bytes)
Event: 2.080 Thread 0x000002b61c5675e0 nmethod 4978 0x000002b600a22910 code [0x000002b600a22ac0, 0x000002b600a22d28]
Event: 2.081 Thread 0x000002b61c66c9b0 4983       3       java.lang.invoke.MethodHandleNatives$CallSiteContext::run (5 bytes)
Event: 2.081 Thread 0x000002b61c66c9b0 nmethod 4983 0x000002b600a22e90 code [0x000002b600a23040, 0x000002b600a23178]
Event: 2.081 Thread 0x000002b61c66bc10 nmethod 4982 0x000002b600a23210 code [0x000002b600a23400, 0x000002b600a23898]
Event: 2.081 Thread 0x000002b61c66d080 nmethod 4981 0x000002b600a23a10 code [0x000002b600a23c80, 0x000002b600a24858]
Event: 2.082 Thread 0x000002b61c66b540 nmethod 4976 0x000002b607dfa590 code [0x000002b607dfa720, 0x000002b607dfa938]

GC Heap History (6 events):
Event: 0.411 GC heap before
{Heap before GC invocations=0 (full 0):
 garbage-first heap   total 524288K, used 24576K [0x0000000601400000, 0x0000000800000000)
  region size 4096K, 6 young (24576K), 0 survivors (0K)
 Metaspace       used 6088K, committed 6208K, reserved 1114112K
  class space    used 688K, committed 768K, reserved 1048576K
}
Event: 0.415 GC heap after
{Heap after GC invocations=1 (full 0):
 garbage-first heap   total 524288K, used 4028K [0x0000000601400000, 0x0000000800000000)
  region size 4096K, 1 young (4096K), 1 survivors (4096K)
 Metaspace       used 6088K, committed 6208K, reserved 1114112K
  class space    used 688K, committed 768K, reserved 1048576K
}
Event: 0.721 GC heap before
{Heap before GC invocations=1 (full 0):
 garbage-first heap   total 524288K, used 32700K [0x0000000601400000, 0x0000000800000000)
  region size 4096K, 8 young (32768K), 1 survivors (4096K)
 Metaspace       used 9176K, committed 9344K, reserved 1114112K
  class space    used 1055K, committed 1088K, reserved 1048576K
}
Event: 0.724 GC heap after
{Heap after GC invocations=2 (full 0):
 garbage-first heap   total 524288K, used 5075K [0x0000000601400000, 0x0000000800000000)
  region size 4096K, 1 young (4096K), 1 survivors (4096K)
 Metaspace       used 9176K, committed 9344K, reserved 1114112K
  class space    used 1055K, committed 1088K, reserved 1048576K
}
Event: 2.076 GC heap before
{Heap before GC invocations=2 (full 0):
 garbage-first heap   total 524288K, used 168915K [0x0000000601400000, 0x0000000800000000)
  region size 4096K, 26 young (106496K), 1 survivors (4096K)
 Metaspace       used 21206K, committed 21504K, reserved 1114112K
  class space    used 2436K, committed 2560K, reserved 1048576K
}
Event: 2.080 GC heap after
{Heap after GC invocations=3 (full 0):
 garbage-first heap   total 524288K, used 12064K [0x0000000601400000, 0x0000000800000000)
  region size 4096K, 3 young (12288K), 3 survivors (12288K)
 Metaspace       used 21206K, committed 21504K, reserved 1114112K
  class space    used 2436K, committed 2560K, reserved 1048576K
}

Dll operation events (12 events):
Event: 0.005 Loaded shared library C:\Program Files\Java\jdk-21\bin\java.dll
Event: 0.024 Loaded shared library C:\Program Files\Java\jdk-21\bin\jsvml.dll
Event: 0.048 Loaded shared library C:\Program Files\Java\jdk-21\bin\zip.dll
Event: 0.050 Loaded shared library C:\Program Files\Java\jdk-21\bin\instrument.dll
Event: 0.053 Loaded shared library C:\Program Files\Java\jdk-21\bin\net.dll
Event: 0.055 Loaded shared library C:\Program Files\Java\jdk-21\bin\nio.dll
Event: 0.057 Loaded shared library C:\Program Files\Java\jdk-21\bin\zip.dll
Event: 0.065 Loaded shared library C:\Program Files\JetBrains\IntelliJ IDEA Community Edition 2024.3.1.1\bin\breakgen64.dll
Event: 0.070 Loaded shared library C:\Program Files\Java\jdk-21\bin\extnet.dll
Event: 0.131 Loaded shared library C:\Program Files\Java\jdk-21\bin\jimage.dll
Event: 0.139 Loaded shared library C:\Users\Darks\AppData\Local\Temp\jansi-2.4.1-a667be847780212b-jansi.dll
Event: 0.146 Loaded shared library C:\Program Files\Java\jdk-21\bin\verify.dll

Deoptimization events (20 events):
Event: 1.926 Thread 0x000002b676bc6eb0 Uncommon trap: trap_request=0xffffffbe fr.pc=0x000002b607cc9d70 relative=0x00000000000011d0
Event: 1.926 Thread 0x000002b676bc6eb0 Uncommon trap: reason=profile_predicate action=maybe_recompile pc=0x000002b607cc9d70 method=java.util.TimSort.binarySort([Ljava/lang/Object;IIILjava/util/Comparator;)V @ 34 c2
Event: 1.926 Thread 0x000002b676bc6eb0 DEOPT PACKING pc=0x000002b607cc9d70 sp=0x000000c5833fe120
Event: 1.926 Thread 0x000002b676bc6eb0 DEOPT UNPACKING pc=0x000002b6074a46a2 sp=0x000000c5833fe0f0 mode 2
Event: 1.926 Thread 0x000002b676bc6eb0 Uncommon trap: trap_request=0xffffffbe fr.pc=0x000002b607cc9d70 relative=0x00000000000011d0
Event: 1.926 Thread 0x000002b676bc6eb0 Uncommon trap: reason=profile_predicate action=maybe_recompile pc=0x000002b607cc9d70 method=java.util.TimSort.binarySort([Ljava/lang/Object;IIILjava/util/Comparator;)V @ 34 c2
Event: 1.926 Thread 0x000002b676bc6eb0 DEOPT PACKING pc=0x000002b607cc9d70 sp=0x000000c5833fe120
Event: 1.926 Thread 0x000002b676bc6eb0 DEOPT UNPACKING pc=0x000002b6074a46a2 sp=0x000000c5833fe0f0 mode 2
Event: 1.930 Thread 0x000002b676bc6eb0 Uncommon trap: trap_request=0xffffff45 fr.pc=0x000002b607ccfc78 relative=0x00000000000000d8
Event: 1.930 Thread 0x000002b676bc6eb0 Uncommon trap: reason=unstable_if action=reinterpret pc=0x000002b607ccfc78 method=java.util.Spliterator.getExactSizeIfKnown()J @ 9 c2
Event: 1.930 Thread 0x000002b676bc6eb0 DEOPT PACKING pc=0x000002b607ccfc78 sp=0x000000c5833fe390
Event: 1.930 Thread 0x000002b676bc6eb0 DEOPT UNPACKING pc=0x000002b6074a46a2 sp=0x000000c5833fe328 mode 2
Event: 2.015 Thread 0x000002b676bc6eb0 Uncommon trap: trap_request=0xffffff45 fr.pc=0x000002b607c5d09c relative=0x0000000000001dbc
Event: 2.015 Thread 0x000002b676bc6eb0 Uncommon trap: reason=unstable_if action=reinterpret pc=0x000002b607c5d09c method=jdk.internal.module.SystemModuleFinders$SystemModuleReader.find(Ljava/lang/String;)Ljava/util/Optional; @ 5 c2
Event: 2.015 Thread 0x000002b676bc6eb0 DEOPT PACKING pc=0x000002b607c5d09c sp=0x000000c5833fd160
Event: 2.015 Thread 0x000002b676bc6eb0 DEOPT UNPACKING pc=0x000002b6074a46a2 sp=0x000000c5833fd148 mode 2
Event: 2.044 Thread 0x000002b676bc6eb0 Uncommon trap: trap_request=0xffffff45 fr.pc=0x000002b607bc71bc relative=0x000000000000017c
Event: 2.044 Thread 0x000002b676bc6eb0 Uncommon trap: reason=unstable_if action=reinterpret pc=0x000002b607bc71bc method=java.util.zip.ZipFile$Source.isMetaName([BII)Z @ 57 c2
Event: 2.044 Thread 0x000002b676bc6eb0 DEOPT PACKING pc=0x000002b607bc71bc sp=0x000000c5833fd270
Event: 2.044 Thread 0x000002b676bc6eb0 DEOPT UNPACKING pc=0x000002b6074a46a2 sp=0x000000c5833fd200 mode 2

Classes loaded (20 events):
Event: 2.015 Loading class java/nio/channels/AsynchronousFileChannel
Event: 2.015 Loading class java/nio/channels/AsynchronousChannel
Event: 2.015 Loading class java/nio/channels/AsynchronousChannel done
Event: 2.015 Loading class java/nio/channels/AsynchronousFileChannel done
Event: 2.015 Loading class jdk/internal/jrtfs/JrtFileSystemProvider
Event: 2.015 Loading class jdk/internal/jrtfs/JrtFileSystemProvider done
Event: 2.016 Loading class sun/net/www/protocol/jrt/JavaRuntimeURLConnection
Event: 2.016 Loading class sun/net/www/protocol/jrt/JavaRuntimeURLConnection done
Event: 2.016 Loading class sun/net/www/protocol/jrt/JavaRuntimeURLConnection$1
Event: 2.016 Loading class sun/net/www/protocol/jrt/JavaRuntimeURLConnection$1 done
Event: 2.016 Loading class jdk/internal/jimage/ImageBufferCache
Event: 2.016 Loading class jdk/internal/jimage/ImageBufferCache done
Event: 2.016 Loading class jdk/internal/jimage/ImageBufferCache$1
Event: 2.016 Loading class jdk/internal/jimage/ImageBufferCache$1 done
Event: 2.016 Loading class jdk/internal/jimage/ImageBufferCache$2
Event: 2.016 Loading class jdk/internal/jimage/ImageBufferCache$2 done
Event: 2.016 Loading class java/util/AbstractMap$SimpleEntry
Event: 2.016 Loading class java/util/AbstractMap$SimpleEntry done
Event: 2.080 Loading class java/nio/file/ReadOnlyFileSystemException
Event: 2.080 Loading class java/nio/file/ReadOnlyFileSystemException done

Classes unloaded (0 events):
No events

Classes redefined (0 events):
No events

Internal exceptions (20 events):
Event: 1.148 Thread 0x000002b676bc6eb0 Exception <a 'java/lang/NoSuchMethodError'{0x000000061f5f78b8}: 'void java.lang.invoke.DirectMethodHandle$Holder.invokeSpecial(java.lang.Object, java.lang.Object, java.lang.Object, java.lang.Object, java.lang.Object)'> (0x000000061f5f78b8) 
thrown [s\open\src\hotspot\share\interpreter\linkResolver.cpp, line 773]
Event: 1.149 Thread 0x000002b676bc6eb0 Exception <a 'java/lang/NoSuchMethodError'{0x000000061f611780}: 'java.lang.Object java.lang.invoke.DirectMethodHandle$Holder.invokeVirtual(java.lang.Object, java.lang.Object, java.lang.Object)'> (0x000000061f611780) 
thrown [s\open\src\hotspot\share\interpreter\linkResolver.cpp, line 773]
Event: 1.150 Thread 0x000002b676bc6eb0 Exception <a 'java/lang/NoSuchMethodError'{0x000000061f61e790}: 'void java.lang.invoke.DirectMethodHandle$Holder.invokeSpecial(java.lang.Object, java.lang.Object, java.lang.Object, java.lang.Object, java.lang.Object, java.lang.Object)'> (0x000000061f61e790) 
thrown [s\open\src\hotspot\share\interpreter\linkResolver.cpp, line 773]
Event: 1.165 Thread 0x000002b676bc6eb0 Exception <a 'java/lang/NoSuchMethodError'{0x000000061f738a18}: 'void java.lang.invoke.DirectMethodHandle$Holder.invokeVirtual(java.lang.Object, java.lang.Object, int)'> (0x000000061f738a18) 
thrown [s\open\src\hotspot\share\interpreter\linkResolver.cpp, line 773]
Event: 1.166 Thread 0x000002b676bc6eb0 Exception <a 'java/lang/NoSuchMethodError'{0x000000061f73c7c8}: 'void java.lang.invoke.DirectMethodHandle$Holder.invokeSpecial(java.lang.Object, java.lang.Object, java.lang.Object, int)'> (0x000000061f73c7c8) 
thrown [s\open\src\hotspot\share\interpreter\linkResolver.cpp, line 773]
Event: 1.166 Thread 0x000002b676bc6eb0 Exception <a 'java/lang/NoSuchMethodError'{0x000000061f73fe98}: 'void java.lang.invoke.DelegatingMethodHandle$Holder.reinvoke_L(java.lang.Object, java.lang.Object, int)'> (0x000000061f73fe98) 
thrown [s\open\src\hotspot\share\interpreter\linkResolver.cpp, line 773]
Event: 1.334 Thread 0x000002b676bc6eb0 Implicit null exception at 0x000002b607cead0d to 0x000002b607ceb594
Event: 1.336 Thread 0x000002b676bc6eb0 Implicit null exception at 0x000002b607c48bb9 to 0x000002b607c48e44
Event: 1.338 Thread 0x000002b676bc6eb0 Implicit null exception at 0x000002b607c03439 to 0x000002b607c036d8
Event: 1.339 Thread 0x000002b676bc6eb0 Implicit null exception at 0x000002b607cea5bd to 0x000002b607cea641
Event: 1.562 Thread 0x000002b676bc6eb0 Implicit null exception at 0x000002b607d7a2ca to 0x000002b607d7a3f0
Event: 1.562 Thread 0x000002b676bc6eb0 Implicit null exception at 0x000002b607d6b243 to 0x000002b607d6b36c
Event: 1.613 Thread 0x000002b676bc6eb0 Exception <a 'java/lang/NoSuchMethodError'{0x000000061ccc82e8}: 'java.lang.Object java.lang.invoke.DirectMethodHandle$Holder.newInvokeSpecial(java.lang.Object, java.lang.Object, java.lang.Object, java.lang.Object, java.lang.Object, java.lang.Object, java.lang.Object)'> (0x000000061ccc82e8) 
thrown [s\open\src\hotspot\share\interpreter\linkResolver.cpp, line 773]
Event: 1.708 Thread 0x000002b676bc6eb0 Exception <a 'java/lang/NoSuchMethodError'{0x000000061c663688}: 'int java.lang.invoke.DirectMethodHandle$Holder.invokeVirtual(java.lang.Object, java.lang.Object)'> (0x000000061c663688) 
thrown [s\open\src\hotspot\share\interpreter\linkResolver.cpp, line 773]
Event: 1.727 Thread 0x000002b676bc6eb0 Exception <a 'java/lang/NoSuchMethodError'{0x000000061c78a128}: 'void java.lang.invoke.Invokers$Holder.invokeExact_MT(java.lang.Object, java.lang.Object, int, java.lang.Object)'> (0x000000061c78a128) 
thrown [s\open\src\hotspot\share\interpreter\linkResolver.cpp, line 773]
Event: 1.930 Thread 0x000002b676bc6eb0 Exception <a 'java/lang/IncompatibleClassChangeError'{0x000000061b5d2980}: Found class java.lang.Object, but interface was expected> (0x000000061b5d2980) 
thrown [s\open\src\hotspot\share\interpreter\linkResolver.cpp, line 840]
Event: 1.930 Thread 0x000002b676bc6eb0 Exception <a 'java/lang/NoSuchMethodError'{0x000000061b5d7a68}: 'void java.lang.invoke.DirectMethodHandle$Holder.invokeInterface(java.lang.Object, java.lang.Object, java.lang.Object)'> (0x000000061b5d7a68) 
thrown [s\open\src\hotspot\share\interpreter\linkResolver.cpp, line 773]
Event: 2.013 Thread 0x000002b676bc6eb0 Exception <a 'java/lang/NoSuchMethodError'{0x000000061b7ad2f8}: 'int java.lang.invoke.DirectMethodHandle$Holder.invokeInterface(java.lang.Object, java.lang.Object)'> (0x000000061b7ad2f8) 
thrown [s\open\src\hotspot\share\interpreter\linkResolver.cpp, line 773]
Event: 2.059 Thread 0x000002b676bc6eb0 Exception <a 'sun/nio/fs/WindowsException'{0x000000061b3a11a8}> (0x000000061b3a11a8) 
thrown [s\open\src\hotspot\share\prims\jni.cpp, line 520]
Event: 2.060 Thread 0x000002b676bc6eb0 Exception <a 'java/lang/NoSuchMethodError'{0x000000061b3a4f68}: 'int java.lang.invoke.DirectMethodHandle$Holder.invokeVirtual(java.lang.Object, java.lang.Object, java.lang.Object)'> (0x000000061b3a4f68) 
thrown [s\open\src\hotspot\share\interpreter\linkResolver.cpp, line 773]

ZGC Phase Switch (0 events):
No events

VM Operations (20 events):
Event: 1.103 Executing VM operation: HandshakeAllThreads (Deoptimize)
Event: 1.103 Executing VM operation: HandshakeAllThreads (Deoptimize) done
Event: 1.128 Executing VM operation: HandshakeAllThreads (Deoptimize)
Event: 1.128 Executing VM operation: HandshakeAllThreads (Deoptimize) done
Event: 1.128 Executing VM operation: HandshakeAllThreads (Deoptimize)
Event: 1.129 Executing VM operation: HandshakeAllThreads (Deoptimize) done
Event: 1.268 Executing VM operation: ICBufferFull
Event: 1.268 Executing VM operation: ICBufferFull done
Event: 1.432 Executing VM operation: ICBufferFull
Event: 1.432 Executing VM operation: ICBufferFull done
Event: 1.670 Executing VM operation: ICBufferFull
Event: 1.671 Executing VM operation: ICBufferFull done
Event: 1.781 Executing VM operation: ICBufferFull
Event: 1.781 Executing VM operation: ICBufferFull done
Event: 1.962 Executing VM operation: HandshakeAllThreads (Deoptimize)
Event: 1.962 Executing VM operation: HandshakeAllThreads (Deoptimize) done
Event: 2.011 Executing VM operation: HandshakeAllThreads (Deoptimize)
Event: 2.012 Executing VM operation: HandshakeAllThreads (Deoptimize) done
Event: 2.075 Executing VM operation: CollectForMetadataAllocation (Metadata GC Threshold)
Event: 2.080 Executing VM operation: CollectForMetadataAllocation (Metadata GC Threshold) done

Events (20 events):
Event: 0.023 Thread 0x000002b61b2be7f0 Thread added: 0x000002b61b2be7f0
Event: 0.023 Thread 0x000002b61c5675e0 Thread added: 0x000002b61c5675e0
Event: 0.035 Thread 0x000002b61b2b74d0 Thread added: 0x000002b61b2b74d0
Event: 0.040 Thread 0x000002b61c66c9b0 Thread added: 0x000002b61c66c9b0
Event: 0.040 Thread 0x000002b61c66bc10 Thread added: 0x000002b61c66bc10
Event: 0.044 Thread 0x000002b61c66ae70 Thread added: 0x000002b61c66ae70
Event: 0.065 Thread 0x000002b61b2b7b60 Thread added: 0x000002b61b2b7b60
Event: 0.065 Thread 0x000002b61b2b81f0 Thread added: 0x000002b61b2b81f0
Event: 0.130 Thread 0x000002b61b2b8880 Thread added: 0x000002b61b2b8880
Event: 0.137 Thread 0x000002b61c66d080 Thread added: 0x000002b61c66d080
Event: 0.137 Thread 0x000002b61b2b8880 Thread exited: 0x000002b61b2b8880
Event: 0.388 Thread 0x000002b61c66a0d0 Thread added: 0x000002b61c66a0d0
Event: 0.389 Thread 0x000002b61c66b540 Thread added: 0x000002b61c66b540
Event: 0.402 Thread 0x000002b61c66a7a0 Thread added: 0x000002b61c66a7a0
Event: 0.402 Thread 0x000002b61c66d750 Thread added: 0x000002b61c66d750
Event: 0.402 Thread 0x000002b61c66c2e0 Thread added: 0x000002b61c66c2e0
Event: 0.409 Thread 0x000002b6634d60e0 Thread added: 0x000002b6634d60e0
Event: 1.112 Thread 0x000002b61b2b8880 Thread added: 0x000002b61b2b8880
Event: 2.080 Thread 0x000002b6634d60e0 Thread exited: 0x000002b6634d60e0
Event: 2.080 Thread 0x000002b61c66c2e0 Thread exited: 0x000002b61c66c2e0


Dynamic libraries:
0x00007ff7cbd10000 - 0x00007ff7cbd20000 	C:\Program Files\Java\jdk-21\bin\java.exe
0x00007fffa2ea0000 - 0x00007fffa3103000 	C:\WINDOWS\SYSTEM32\ntdll.dll
0x00007fffa1ac0000 - 0x00007fffa1b88000 	C:\WINDOWS\System32\KERNEL32.DLL
0x00007fffa0680000 - 0x00007fffa0a32000 	C:\WINDOWS\System32\KERNELBASE.dll
0x00007fffa03b0000 - 0x00007fffa04fb000 	C:\WINDOWS\System32\ucrtbase.dll
0x00007fff9b960000 - 0x00007fff9b979000 	C:\Program Files\Java\jdk-21\bin\jli.dll
0x00007fff99bb0000 - 0x00007fff99bcb000 	C:\Program Files\Java\jdk-21\bin\VCRUNTIME140.dll
0x00007fffa2ad0000 - 0x00007fffa2b84000 	C:\WINDOWS\System32\ADVAPI32.dll
0x00007fffa2ce0000 - 0x00007fffa2d89000 	C:\WINDOWS\System32\msvcrt.dll
0x00007fffa1230000 - 0x00007fffa12d6000 	C:\WINDOWS\System32\sechost.dll
0x00007fffa1970000 - 0x00007fffa1a86000 	C:\WINDOWS\System32\RPCRT4.dll
0x00007fffa1b90000 - 0x00007fffa1d58000 	C:\WINDOWS\System32\USER32.dll
0x00007fff9f350000 - 0x00007fff9f5e0000 	C:\WINDOWS\WinSxS\amd64_microsoft.windows.common-controls_6595b64144ccf1df_6.0.26100.2454_none_3e0b68a2e331ad60\COMCTL32.dll
0x00007fffa0b00000 - 0x00007fffa0b27000 	C:\WINDOWS\System32\win32u.dll
0x00007fffa1890000 - 0x00007fffa18ba000 	C:\WINDOWS\System32\GDI32.dll
0x00007fffa0bd0000 - 0x00007fffa0cfb000 	C:\WINDOWS\System32\gdi32full.dll
0x00007fffa0270000 - 0x00007fffa0313000 	C:\WINDOWS\System32\msvcp_win.dll
0x00007fff99b60000 - 0x00007fff99b6b000 	C:\WINDOWS\SYSTEM32\VERSION.dll
0x00007fffa2d90000 - 0x00007fffa2dbf000 	C:\WINDOWS\System32\IMM32.DLL
0x00007fff9b9a0000 - 0x00007fff9b9ac000 	C:\Program Files\Java\jdk-21\bin\vcruntime140_1.dll
0x00007fff82180000 - 0x00007fff8220e000 	C:\Program Files\Java\jdk-21\bin\msvcp140.dll
0x00007fff2e460000 - 0x00007fff2f178000 	C:\Program Files\Java\jdk-21\bin\server\jvm.dll
0x00007fffa2dd0000 - 0x00007fffa2e44000 	C:\WINDOWS\System32\WS2_32.dll
0x00007fff9fae0000 - 0x00007fff9fb2e000 	C:\WINDOWS\SYSTEM32\POWRPROF.dll
0x00007fff91cf0000 - 0x00007fff91d26000 	C:\WINDOWS\SYSTEM32\WINMM.dll
0x00007fff9f680000 - 0x00007fff9f694000 	C:\WINDOWS\SYSTEM32\UMPDC.dll
0x00007fff9e990000 - 0x00007fff9e9aa000 	C:\WINDOWS\SYSTEM32\kernel.appcore.dll
0x00007fff8b9d0000 - 0x00007fff8b9da000 	C:\Program Files\Java\jdk-21\bin\jimage.dll
0x00007fff9fb40000 - 0x00007fff9fd81000 	C:\WINDOWS\SYSTEM32\DBGHELP.DLL
0x00007fffa0d00000 - 0x00007fffa107e000 	C:\WINDOWS\System32\combase.dll
0x00007fffa29e0000 - 0x00007fffa2ab6000 	C:\WINDOWS\System32\OLEAUT32.dll
0x00007fff48fb0000 - 0x00007fff48fe9000 	C:\WINDOWS\SYSTEM32\dbgcore.DLL
0x00007fffa0b30000 - 0x00007fffa0bc9000 	C:\WINDOWS\System32\bcryptPrimitives.dll
0x00007fff852f0000 - 0x00007fff852ff000 	C:\Program Files\Java\jdk-21\bin\instrument.dll
0x00007fff8b9b0000 - 0x00007fff8b9cf000 	C:\Program Files\Java\jdk-21\bin\java.dll
0x00007fffa2200000 - 0x00007fffa2901000 	C:\WINDOWS\System32\SHELL32.dll
0x00007fff9d530000 - 0x00007fff9dd61000 	C:\WINDOWS\SYSTEM32\windows.storage.dll
0x00007fffa2b90000 - 0x00007fffa2c6a000 	C:\WINDOWS\System32\SHCORE.dll
0x00007fffa2c80000 - 0x00007fffa2cdd000 	C:\WINDOWS\System32\shlwapi.dll
0x00007fffa0180000 - 0x00007fffa01ae000 	C:\WINDOWS\SYSTEM32\profapi.dll
0x00007fff7f380000 - 0x00007fff7f457000 	C:\Program Files\Java\jdk-21\bin\jsvml.dll
0x00007fff8b600000 - 0x00007fff8b618000 	C:\Program Files\Java\jdk-21\bin\zip.dll
0x00007fff8b9a0000 - 0x00007fff8b9b0000 	C:\Program Files\Java\jdk-21\bin\net.dll
0x00007fff999f0000 - 0x00007fff99b16000 	C:\WINDOWS\SYSTEM32\WINHTTP.dll
0x00007fff9eea0000 - 0x00007fff9ef08000 	C:\WINDOWS\system32\mswsock.dll
0x00007fff8b620000 - 0x00007fff8b636000 	C:\Program Files\Java\jdk-21\bin\nio.dll
0x00007fff820a0000 - 0x00007fff820ba000 	C:\Program Files\JetBrains\IntelliJ IDEA Community Edition 2024.3.1.1\bin\breakgen64.dll
0x00007fff88f50000 - 0x00007fff88f59000 	C:\Program Files\Java\jdk-21\bin\extnet.dll
0x00007fff7f350000 - 0x00007fff7f374000 	C:\Users\Darks\AppData\Local\Temp\jansi-2.4.1-a667be847780212b-jansi.dll
0x00007fff88f80000 - 0x00007fff88f90000 	C:\Program Files\Java\jdk-21\bin\verify.dll

dbghelp: loaded successfully - version: 4.0.5 - missing functions: none
symbol engine: initialized successfully - sym options: 0x614 - pdb path: .;C:\Program Files\Java\jdk-21\bin;C:\WINDOWS\SYSTEM32;C:\WINDOWS\WinSxS\amd64_microsoft.windows.common-controls_6595b64144ccf1df_6.0.26100.2454_none_3e0b68a2e331ad60;C:\Program Files\Java\jdk-21\bin\server;C:\Program Files\JetBrains\IntelliJ IDEA Community Edition 2024.3.1.1\bin;C:\Users\Darks\AppData\Local\Temp

VM Arguments:
jvm_args: -Dmaven.multiModuleProjectDirectory=C:\Users\Darks\IdeaProjects\LofiCoffeeCore -Djansi.passthrough=true -Dmaven.home=C:\Program Files\JetBrains\IntelliJ IDEA Community Edition 2024.3.1.1\plugins\maven\lib\maven3 -Dclassworlds.conf=C:\Program Files\JetBrains\IntelliJ IDEA Community Edition 2024.3.1.1\plugins\maven\lib\maven3\bin\m2.conf -Dmaven.ext.class.path=C:\Program Files\JetBrains\IntelliJ IDEA Community Edition 2024.3.1.1\plugins\maven\lib\maven-event-listener.jar -javaagent:C:\Program Files\JetBrains\IntelliJ IDEA Community Edition 2024.3.1.1\lib\idea_rt.jar=55062:C:\Program Files\JetBrains\IntelliJ IDEA Community Edition 2024.3.1.1\bin -Dfile.encoding=UTF-8 -Dsun.stdout.encoding=UTF-8 -Dsun.stderr.encoding=UTF-8 
java_command: org.codehaus.classworlds.Launcher -Didea.version=2024.3.1.1 install
java_class_path (initial): C:\Program Files\JetBrains\IntelliJ IDEA Community Edition 2024.3.1.1\plugins\maven\lib\maven3\boot\plexus-classworlds-2.8.0.jar;C:\Program Files\JetBrains\IntelliJ IDEA Community Edition 2024.3.1.1\plugins\maven\lib\maven3\boot\plexus-classworlds.license
Launcher Type: SUN_STANDARD

[Global flags]
     intx CICompilerCount                          = 12                                        {product} {ergonomic}
     uint ConcGCThreads                            = 5                                         {product} {ergonomic}
     uint G1ConcRefinementThreads                  = 18                                        {product} {ergonomic}
   size_t G1HeapRegionSize                         = 4194304                                   {product} {ergonomic}
    uintx GCDrainStackTargetSize                   = 64                                        {product} {ergonomic}
   size_t InitialHeapSize                          = 536870912                                 {product} {ergonomic}
   size_t MarkStackSize                            = 4194304                                   {product} {ergonomic}
   size_t MaxHeapSize                              = 8568963072                                {product} {ergonomic}
   size_t MaxNewSize                               = 5138022400                                {product} {ergonomic}
   size_t MinHeapDeltaBytes                        = 4194304                                   {product} {ergonomic}
   size_t MinHeapSize                              = 8388608                                   {product} {ergonomic}
    uintx NonNMethodCodeHeapSize                   = 7602480                                {pd product} {ergonomic}
    uintx NonProfiledCodeHeapSize                  = 122027880                              {pd product} {ergonomic}
    uintx ProfiledCodeHeapSize                     = 122027880                              {pd product} {ergonomic}
    uintx ReservedCodeCacheSize                    = 251658240                              {pd product} {ergonomic}
     bool SegmentedCodeCache                       = true                                      {product} {ergonomic}
   size_t SoftMaxHeapSize                          = 8568963072                             {manageable} {ergonomic}
     bool UseCompressedOops                        = true                           {product lp64_product} {ergonomic}
     bool UseG1GC                                  = true                                      {product} {ergonomic}
     bool UseLargePagesIndividualAllocation        = false                                  {pd product} {ergonomic}

Logging:
Log output configuration:
 #0: stdout all=warning uptime,level,tags foldmultilines=false
 #1: stderr all=off uptime,level,tags foldmultilines=false

Environment Variables:
PATH=C:\Program Files\Common Files\Oracle\Java\javapath;C:\Program Files (x86)\Common Files\Oracle\Java\java8path;C:\Program Files (x86)\Common Files\Oracle\Java\javapath;C:\WINDOWS\system32;C:\WINDOWS;C:\WINDOWS\System32\Wbem;C:\WINDOWS\System32\WindowsPowerShell\v1.0\;C:\WINDOWS\System32\OpenSSH\;C:\Program Files\dotnet\;C:\Program Files (x86)\NVIDIA Corporation\PhysX\Common;C:\Program Files\Git\cmd;C:\Users\Darks\AppData\Local\Microsoft\WindowsApps;C:\Users\Darks\AppData\Local\Programs\Microsoft VS Code\bin;C:\Users\Darks\.dotnet\tools;C:\Users\Darks\AppData\Local\GitHubDesktop\bin
USERNAME=Darks
OS=Windows_NT
PROCESSOR_IDENTIFIER=AMD64 Family 25 Model 33 Stepping 0, AuthenticAMD
TMP=C:\Users\Darks\AppData\Local\Temp
TEMP=C:\Users\Darks\AppData\Local\Temp




Periodic native trim disabled

---------------  S Y S T E M  ---------------

OS:
 Windows 11 , 64 bit Build 26100 (10.0.26100.2454)
OS uptime: 1 days 2:24 hours

CPU: total 24 (initial active 24) (24 cores per cpu, 2 threads per core) family 25 model 33 stepping 0 microcode 0xa201016, cx8, cmov, fxsr, ht, mmx, 3dnowpref, sse, sse2, sse3, ssse3, sse4a, sse4.1, sse4.2, popcnt, lzcnt, tsc, tscinvbit, avx, avx2, aes, erms, clmul, bmi1, bmi2, adx, sha, fma, vzeroupper, clflush, clflushopt, rdtscp, rdpid, fsrm, f16c, pku, cet_ss
Processor Information for all 24 processors :
  Max Mhz: 3701, Current Mhz: 3701, Mhz Limit: 3701

Memory: 4k page, system-wide physical 32676M (17035M free)
TotalPageFile size 35748M (AvailPageFile size 16019M)
current process WorkingSet (physical memory assigned to process): 293M, peak: 293M
current process commit charge ("private bytes"): 702M, peak: 702M

vm_info: Java HotSpot(TM) 64-Bit Server VM (21.0.5+9-LTS-239) for windows-amd64 JRE (21.0.5+9-LTS-239), built on 2024-09-30T05:17:38Z by "mach5one" with MS VC++ 17.6 (VS2022)

END.
