#
# A fatal error has been detected by the Java Runtime Environment:
#
#  EXCEPTION_ACCESS_VIOLATION (0xc0000005) at pc=0x00007ff954aedfd3, pid=12292, tid=21832
#
# JRE version: Java(TM) SE Runtime Environment (21.0.5+9) (build 21.0.5+9-LTS-239)
# Java VM: Java HotSpot(TM) 64-Bit Server VM (21.0.5+9-LTS-239, mixed mode, sharing, tiered, compressed oops, compressed class ptrs, g1 gc, windows-amd64)
# Problematic frame:
# V  [jvm.dll+0x24dfd3]
#
# No core dump will be written. Minidumps are not enabled by default on client versions of Windows
#
# If you would like to submit a bug report, please visit:
#   https://bugreport.java.com/bugreport/crash.jsp
#

---------------  S U M M A R Y ------------

Command Line: -Dmaven.multiModuleProjectDirectory=C:\Users\Darks\IdeaProjects\LofiCoffeeCore -Djansi.passthrough=true -Dmaven.home=C:\Program Files\JetBrains\IntelliJ IDEA Community Edition 2024.3.1.1\plugins\maven\lib\maven3 -Dclassworlds.conf=C:\Program Files\JetBrains\IntelliJ IDEA Community Edition 2024.3.1.1\plugins\maven\lib\maven3\bin\m2.conf -Dmaven.ext.class.path=C:\Program Files\JetBrains\IntelliJ IDEA Community Edition 2024.3.1.1\plugins\maven\lib\maven-event-listener.jar -javaagent:C:\Program Files\JetBrains\IntelliJ IDEA Community Edition 2024.3.1.1\lib\idea_rt.jar=61784:C:\Program Files\JetBrains\IntelliJ IDEA Community Edition 2024.3.1.1\bin -Dfile.encoding=UTF-8 -Dsun.stdout.encoding=UTF-8 -Dsun.stderr.encoding=UTF-8 org.codehaus.classworlds.Launcher -Didea.version=2024.3.1.1 install

Host: AMD Ryzen 9 5900X 12-Core Processor            , 24 cores, 31G,  Windows 11 , 64 bit Build 26100 (10.0.26100.2454)
Time: Sun Jan 19 09:51:19 2025 Pacific Standard Time elapsed time: 0.347654 seconds (0d 0h 0m 0s)

---------------  T H R E A D  ---------------

Current thread (0x000001abe12265c0):  JavaThread "C2 CompilerThread0" daemon [_thread_in_native, id=21832, stack(0x00000067fed00000,0x00000067fee00000) (1024K)]


Current CompileTask:
C2:    347 1269   !   4       sun.nio.cs.StreamDecoder::read (78 bytes)

Stack: [0x00000067fed00000,0x00000067fee00000],  sp=0x00000067fedfd490,  free space=1013k
Native frames: (J=compiled Java code, j=interpreted, Vv=VM code, C=native code)
V  [jvm.dll+0x24dfd3]
V  [jvm.dll+0x6ef8e7]
V  [jvm.dll+0x245c0f]
V  [jvm.dll+0x1c6d0e]
V  [jvm.dll+0x2554d9]
V  [jvm.dll+0x253a6a]
V  [jvm.dll+0x3ee136]
V  [jvm.dll+0x7fee9b]
V  [jvm.dll+0x6c896d]
C  [ucrtbase.dll+0x14ea0]
C  [KERNEL32.DLL+0x2e8d7]
C  [ntdll.dll+0xdfbcc]


siginfo: EXCEPTION_ACCESS_VIOLATION (0xc0000005), reading address 0x000001ec2a2247e8


Registers:
RAX=0x000001ac2a24da68, RBX=0x00000067fedfe040, RCX=0x0000000004000008, RDX=0x000001ac2aaae4d8
RSP=0x00000067fedfd490, RBP=0x000001ac2a7641e0, RSI=0x000000000000011f, RDI=0x000001ec2a2247e8
R8 =0x0000000040000000, R9 =0x0000000000000100, R10=0x00007ff9cd800000, R11=0x00007ff9cd801b57
R12=0x000000000000003a, R13=0x000001ac2a24d6e8, R14=0x0000000000000030, R15=0x000000000000001e
RIP=0x00007ff954aedfd3, EFLAGS=0x0000000000010246


Register to memory mapping:

RAX=0x000001ac2a24da68 points into unknown readable memory: 0x000001ac2a24c800 | 00 c8 24 2a ac 01 00 00
RBX=0x00000067fedfe040 is pointing into the stack for thread: 0x000001abe12265c0
RCX=0x0000000004000008 is an unknown value
RDX=0x000001ac2aaae4d8 points into unknown readable memory: 0x0024000044000008 | 08 00 00 44 00 00 24 00
RSP=0x00000067fedfd490 is pointing into the stack for thread: 0x000001abe12265c0
RBP=0x000001ac2a7641e0 points into unknown readable memory: 0x00000067fedfe2b0 | b0 e2 df fe 67 00 00 00
RSI=0x000000000000011f is an unknown value
RDI=0x000001ec2a2247e8 is an unknown value
R8 =0x0000000040000000 is an unknown value
R9 =0x0000000000000100 is an unknown value
R10=0x00007ff9cd800000 VCRUNTIME140.dll
R11=0x00007ff9cd801b57 VCRUNTIME140.dll
R12=0x000000000000003a is an unknown value
R13=0x000001ac2a24d6e8 points into unknown readable memory: 0x00007ff955231d88 | 88 1d 23 55 f9 7f 00 00
R14=0x0000000000000030 is an unknown value
R15=0x000000000000001e is an unknown value

Top of Stack: (sp=0x00000067fedfd490)
0x00000067fedfd490:   00000067fedfe040 000001ac2a7641e0
0x00000067fedfd4a0:   00000067fedfe180 00000000000018bc
0x00000067fedfd4b0:   000001ac2a7682b0 00000067fedfe030
0x00000067fedfd4c0:   00000067fedfd6d0 00000067fedfe180
0x00000067fedfd4d0:   0000000000000000 00007ff954f8f8e7
0x00000067fedfd4e0:   000000000000007f 000001ac2a7641e0
0x00000067fedfd4f0:   000001ac2a764250 000001abe11f9e50
0x00000067fedfd500:   0000000000000002 00007ff954ae5c0f
0x00000067fedfd510:   0000000000000000 00000067fedfd610
0x00000067fedfd520:   00000067fedfe180 0000000000000001
0x00000067fedfd530:   000001abe465dd00 000001abe465ddb0
0x00000067fedfd540:   00000067fedfe180 000001abe465e2f0
0x00000067fedfd550:   000001abe463c9d0 000001abe465e3b0
0x00000067fedfd560:   000001abe4650000 0000000000000000
0x00000067fedfd570:   000001abe465e4d0 000001abe465e900
0x00000067fedfd580:   0000000000000000 00007ff95523b96c
0x00000067fedfd590:   0000000000000000 0000000000000000
0x00000067fedfd5a0:   0000000000000000 00007ff95523b96c
0x00000067fedfd5b0:   000001abe465df00 000001abe465dff0
0x00000067fedfd5c0:   000001abe1202c70 000001ac2a436170
0x00000067fedfd5d0:   000001ac2a437c70 000001ac2a43e158
0x00000067fedfd5e0:   0000000000028310 000001abe4650000
0x00000067fedfd5f0:   0000000000000000 000001abe465ea10
0x00000067fedfd600:   0000000000000000 0000000000000000
0x00000067fedfd610:   0000000000000000 0000000000000000
0x00000067fedfd620:   000001abe4650000 0000000000000000
0x00000067fedfd630:   000001abe465e1d0 000001abe465e200
0x00000067fedfd640:   000001abe465e170 00007ff95525a620
0x00000067fedfd650:   0000000000000000 000001abe465e830
0x00000067fedfd660:   000001abe465e890 000001abe465e8f0
0x00000067fedfd670:   00007ff95527dc20 000001ab00000001
0x00000067fedfd680:   00000067fedfe180 00000067fedfef40 

Instructions: (pc=0x00007ff954aedfd3)
0x00007ff954aeded3:   ff 41 8b c6 48 f7 d8 4d 8d 3c c7 4c 3b fe 0f 83
0x00007ff954aedee3:   19 fe ff ff 4c 8b 74 24 30 4c 8b 64 24 38 48 8b
0x00007ff954aedef3:   7c 24 40 48 8b ac 24 80 00 00 00 48 83 c4 48 41
0x00007ff954aedf03:   5f 41 5d 5e 5b c3 cc cc cc cc cc cc cc 40 53 56
0x00007ff954aedf13:   57 48 83 ec 30 8b b9 50 02 00 00 48 8b da 2b b9
0x00007ff954aedf23:   78 02 00 00 48 8b f1 3b 7a 08 72 0a 8b d7 48 8b
0x00007ff954aedf33:   cb e8 e7 92 45 00 48 8b 43 10 48 c7 04 f8 00 00
0x00007ff954aedf43:   00 00 48 8b 96 e0 02 00 00 48 85 d2 74 08 48 8b
0x00007ff954aedf53:   cb e8 c7 3c e8 ff 48 8b 96 e8 02 00 00 48 85 d2
0x00007ff954aedf63:   74 08 48 8b cb e8 b3 3c e8 ff 33 c0 89 44 24 50
0x00007ff954aedf73:   39 43 18 0f 86 f8 00 00 00 48 89 6c 24 58 4c 89
0x00007ff954aedf83:   64 24 60 4c 89 6c 24 68 4c 89 74 24 28 4c 89 7c
0x00007ff954aedf93:   24 20 66 66 66 0f 1f 84 00 00 00 00 00 8b c8 48
0x00007ff954aedfa3:   8b 43 10 4c 8b 2c c8 41 8b 45 1c 85 c0 0f 84 92
0x00007ff954aedfb3:   00 00 00 45 33 f6 44 8b e0 0f 1f 40 00 49 8b 45
0x00007ff954aedfc3:   08 49 8b 3c 06 48 85 ff 74 6d 40 f6 c7 01 75 67
0x00007ff954aedfd3:   48 83 3f fe 74 61 44 8b 7f 28 41 8b f7 c1 ee 05
0x00007ff954aedfe3:   3b 73 20 72 0b 8b d6 48 8d 4b 20 e8 bd f6 5e 00
0x00007ff954aedff3:   48 8b 43 28 41 83 e7 1f 48 8d 14 b0 41 0f b6 cf
0x00007ff954aee003:   41 b8 01 00 00 00 41 d3 e0 8b 0a 8b c1 41 0b c0
0x00007ff954aee013:   89 02 41 85 c8 75 20 8b 73 18 8d 46 01 89 43 18
0x00007ff954aee023:   3b 73 08 72 0a 8b d6 48 8b cb e8 ee 91 45 00 48
0x00007ff954aee033:   8b 43 10 48 89 3c f0 49 83 c6 08 49 83 ec 01 0f
0x00007ff954aee043:   85 78 ff ff ff 8b 44 24 50 ff c0 89 44 24 50 3b
0x00007ff954aee053:   43 18 0f 82 45 ff ff ff 4c 8b 7c 24 20 4c 8b 74
0x00007ff954aee063:   24 28 4c 8b 6c 24 68 4c 8b 64 24 60 48 8b 6c 24
0x00007ff954aee073:   58 48 83 c4 30 5f 5e 5b c3 cc cc cc cc 48 83 ec
0x00007ff954aee083:   28 48 8b 81 f0 02 00 00 4c 8b c9 48 85 c0 75 58
0x00007ff954aee093:   48 8b 81 e0 02 00 00 48 8b 48 10 8b 40 20 4c 8d
0x00007ff954aee0a3:   04 c1 49 3b c8 73 46 66 0f 1f 44 00 00 48 8b 11
0x00007ff954aee0b3:   8b 42 2c 83 e0 0f 3c 09 74 0b 48 83 c1 08 49 3b
0x00007ff954aee0c3:   c8 73 2a eb e8 48 8b 4a 10 0f 1f 40 00 48 8b 01 


Stack slot to memory mapping:

stack at sp + 0 slots: 0x00000067fedfe040 is pointing into the stack for thread: 0x000001abe12265c0
stack at sp + 1 slots: 0x000001ac2a7641e0 points into unknown readable memory: 0x00000067fedfe2b0 | b0 e2 df fe 67 00 00 00
stack at sp + 2 slots: 0x00000067fedfe180 is pointing into the stack for thread: 0x000001abe12265c0
stack at sp + 3 slots: 0x00000000000018bc is an unknown value
stack at sp + 4 slots: 0x000001ac2a7682b0 points into unknown readable memory: 0x00007ff955246bf8 | f8 6b 24 55 f9 7f 00 00
stack at sp + 5 slots: 0x00000067fedfe030 is pointing into the stack for thread: 0x000001abe12265c0
stack at sp + 6 slots: 0x00000067fedfd6d0 is pointing into the stack for thread: 0x000001abe12265c0
stack at sp + 7 slots: 0x00000067fedfe180 is pointing into the stack for thread: 0x000001abe12265c0


---------------  P R O C E S S  ---------------

Threads class SMR info:
_java_thread_list=0x000001ac2a3b43b0, length=22, elements={
0x000001abbece87d0, 0x000001abe121cd60, 0x000001abe121fcc0, 0x000001abe45da320,
0x000001abe12235f0, 0x000001abe1224680, 0x000001abe12253b0, 0x000001abe12265c0,
0x000001abe45e2fe0, 0x000001abe11eed80, 0x000001abe46e66a0, 0x000001abe46e4490,
0x000001abe46e5230, 0x000001abe46e3dc0, 0x000001abe489f420, 0x000001abe48a3500,
0x000001abe46e3020, 0x000001abe46e5fd0, 0x000001abe46e4b60, 0x000001abe46e5900,
0x000001abe46e36f0, 0x000001ac2b260670
}

Java Threads: ( => current thread )
  0x000001abbece87d0 JavaThread "main"                              [_thread_blocked, id=20140, stack(0x00000067fdf00000,0x00000067fe000000) (1024K)]
  0x000001abe121cd60 JavaThread "Reference Handler"          daemon [_thread_blocked, id=11916, stack(0x00000067fe700000,0x00000067fe800000) (1024K)]
  0x000001abe121fcc0 JavaThread "Finalizer"                  daemon [_thread_blocked, id=13100, stack(0x00000067fe800000,0x00000067fe900000) (1024K)]
  0x000001abe45da320 JavaThread "Signal Dispatcher"          daemon [_thread_blocked, id=1336, stack(0x00000067fe900000,0x00000067fea00000) (1024K)]
  0x000001abe12235f0 JavaThread "Attach Listener"            daemon [_thread_blocked, id=24384, stack(0x00000067fea00000,0x00000067feb00000) (1024K)]
  0x000001abe1224680 JavaThread "Service Thread"             daemon [_thread_blocked, id=23672, stack(0x00000067feb00000,0x00000067fec00000) (1024K)]
  0x000001abe12253b0 JavaThread "Monitor Deflation Thread"   daemon [_thread_blocked, id=6892, stack(0x00000067fec00000,0x00000067fed00000) (1024K)]
=>0x000001abe12265c0 JavaThread "C2 CompilerThread0"         daemon [_thread_in_native, id=21832, stack(0x00000067fed00000,0x00000067fee00000) (1024K)]
  0x000001abe45e2fe0 JavaThread "C1 CompilerThread0"         daemon [_thread_blocked, id=13544, stack(0x00000067fee00000,0x00000067fef00000) (1024K)]
  0x000001abe11eed80 JavaThread "Common-Cleaner"             daemon [_thread_blocked, id=24452, stack(0x00000067fef00000,0x00000067ff000000) (1024K)]
  0x000001abe46e66a0 JavaThread "C1 CompilerThread1"         daemon [_thread_blocked, id=4040, stack(0x00000067ff000000,0x00000067ff100000) (1024K)]
  0x000001abe46e4490 JavaThread "C1 CompilerThread2"         daemon [_thread_blocked, id=3504, stack(0x00000067ff100000,0x00000067ff200000) (1024K)]
  0x000001abe46e5230 JavaThread "C1 CompilerThread3"         daemon [_thread_blocked, id=19616, stack(0x00000067ff200000,0x00000067ff300000) (1024K)]
  0x000001abe46e3dc0 JavaThread "C2 CompilerThread1"         daemon [_thread_blocked, id=14372, stack(0x00000067ff300000,0x00000067ff400000) (1024K)]
  0x000001abe489f420 JavaThread "Monitor Ctrl-Break"         daemon [_thread_in_native, id=21696, stack(0x00000067ff400000,0x00000067ff500000) (1024K)]
  0x000001abe48a3500 JavaThread "Notification Thread"        daemon [_thread_blocked, id=8276, stack(0x00000067ff500000,0x00000067ff600000) (1024K)]
  0x000001abe46e3020 JavaThread "C2 CompilerThread2"         daemon [_thread_blocked, id=19172, stack(0x00000067ff600000,0x00000067ff700000) (1024K)]
  0x000001abe46e5fd0 JavaThread "C2 CompilerThread3"         daemon [_thread_blocked, id=24560, stack(0x00000067ff700000,0x00000067ff800000) (1024K)]
  0x000001abe46e4b60 JavaThread "C2 CompilerThread4"         daemon [_thread_blocked, id=21040, stack(0x00000067ff800000,0x00000067ff900000) (1024K)]
  0x000001abe46e5900 JavaThread "C2 CompilerThread5"         daemon [_thread_blocked, id=15504, stack(0x00000067ff900000,0x00000067ffa00000) (1024K)]
  0x000001abe46e36f0 JavaThread "C2 CompilerThread6"         daemon [_thread_blocked, id=22516, stack(0x00000067ffa00000,0x00000067ffb00000) (1024K)]
  0x000001ac2b260670 JavaThread "C2 CompilerThread7"         daemon [_thread_blocked, id=16304, stack(0x00000067ffb00000,0x00000067ffc00000) (1024K)]
Total: 22

Other Threads:
  0x000001abbc8afd50 VMThread "VM Thread"                           [id=18740, stack(0x00000067fe600000,0x00000067fe700000) (1024K)]
  0x000001abe11edff0 WatcherThread "VM Periodic Task Thread"        [id=18356, stack(0x00000067fe500000,0x00000067fe600000) (1024K)]
  0x000001abbc8af9b0 WorkerThread "GC Thread#0"                     [id=24120, stack(0x00000067fe000000,0x00000067fe100000) (1024K)]
  0x000001abbc8af270 WorkerThread "GC Thread#1"                     [id=22996, stack(0x00000067ffc00000,0x00000067ffd00000) (1024K)]
  0x000001abbc8af610 WorkerThread "GC Thread#2"                     [id=14076, stack(0x00000067ffd00000,0x00000067ffe00000) (1024K)]
  0x000001ac2b4412b0 WorkerThread "GC Thread#3"                     [id=17412, stack(0x00000067ffe00000,0x00000067fff00000) (1024K)]
  0x000001ac2b444570 WorkerThread "GC Thread#4"                     [id=22264, stack(0x00000067fff00000,0x0000006800000000) (1024K)]
  0x000001ac2b443a90 WorkerThread "GC Thread#5"                     [id=2740, stack(0x0000006780000000,0x0000006780100000) (1024K)]
  0x000001ac2b441650 WorkerThread "GC Thread#6"                     [id=11804, stack(0x0000006780100000,0x0000006780200000) (1024K)]
  0x000001ac2b4419f0 WorkerThread "GC Thread#7"                     [id=12680, stack(0x0000006780200000,0x0000006780300000) (1024K)]
  0x000001ac2b441d90 WorkerThread "GC Thread#8"                     [id=18184, stack(0x0000006780300000,0x0000006780400000) (1024K)]
  0x000001ac2b443e30 WorkerThread "GC Thread#9"                     [id=24520, stack(0x0000006780400000,0x0000006780500000) (1024K)]
  0x000001ac2b442870 WorkerThread "GC Thread#10"                    [id=2776, stack(0x0000006780500000,0x0000006780600000) (1024K)]
  0x000001ac2b444910 WorkerThread "GC Thread#11"                    [id=22348, stack(0x0000006780600000,0x0000006780700000) (1024K)]
  0x000001abbed64570 ConcurrentGCThread "G1 Main Marker"            [id=10452, stack(0x00000067fe100000,0x00000067fe200000) (1024K)]
  0x000001abbc8ae790 WorkerThread "G1 Conc#0"                       [id=17096, stack(0x00000067fe200000,0x00000067fe300000) (1024K)]
  0x000001abe112c5e0 ConcurrentGCThread "G1 Refine#0"               [id=12956, stack(0x00000067fe300000,0x00000067fe400000) (1024K)]
  0x000001abe112d060 ConcurrentGCThread "G1 Service"                [id=19908, stack(0x00000067fe400000,0x00000067fe500000) (1024K)]
Total: 18

Threads with active compile tasks:
C2 CompilerThread0      385 1269   !   4       sun.nio.cs.StreamDecoder::read (78 bytes)
C1 CompilerThread3      385 1311       3       java.lang.AbstractStringBuilder::charAt (36 bytes)
C2 CompilerThread1      385 1273       4       org.codehaus.plexus.util.xml.XmlReader::read (11 bytes)
C2 CompilerThread2      385 1292       4       java.lang.System$2::decodeASCII (11 bytes)
C2 CompilerThread3      385 1272       4       java.io.InputStreamReader::read (11 bytes)
C2 CompilerThread4      385 1270       4       sun.nio.cs.StreamDecoder::lockedRead (189 bytes)
C2 CompilerThread5      385 1285       4       org.codehaus.plexus.util.InterpolationFilterReader::read (477 bytes)
C2 CompilerThread6      385 1286       4       java.io.Reader::read (21 bytes)
C2 CompilerThread7      385 1290       4       java.nio.ByteBuffer::position (6 bytes)
Total: 9

VM state: at safepoint (normal execution)

VM Mutex/Monitor currently owned by a thread:  ([mutex/lock_event])
[0x00007ff9554dbe98] Threads_lock - owner thread: 0x000001abbc8afd50
[0x00007ff9554dbf98] Heap_lock - owner thread: 0x000001abbece87d0

Heap address: 0x0000000601400000, size: 8172 MB, Compressed Oops mode: Zero based, Oop shift amount: 3

CDS archive(s) mapped at: [0x000001abe5000000-0x000001abe5c90000-0x000001abe5c90000), size 13172736, SharedBaseAddress: 0x000001abe5000000, ArchiveRelocationMode: 1.
Compressed class space mapped at: 0x000001abe6000000-0x000001ac26000000, reserved size: 1073741824
Narrow klass base: 0x000001abe5000000, Narrow klass shift: 0, Narrow klass range: 0x100000000

GC Precious Log:
 CardTable entry size: 512
 Card Set container configuration: InlinePtr #cards 4 size 8 Array Of Cards #cards 32 size 80 Howl #buckets 8 coarsen threshold 7372 Howl Bitmap #cards 1024 size 144 coarsen threshold 921 Card regions per heap region 1 cards per card region 8192
 CPUs: 24 total, 24 available
 Memory: 32676M
 Large Page Support: Disabled
 NUMA Support: Disabled
 Compressed Oops: Enabled (Zero based)
 Heap Region Size: 4M
 Heap Min Capacity: 8M
 Heap Initial Capacity: 512M
 Heap Max Capacity: 8172M
 Pre-touch: Disabled
 Parallel Workers: 18
 Concurrent Workers: 5
 Concurrent Refinement Workers: 18
 Periodic GC: Disabled

Heap:
 garbage-first heap   total 524288K, used 24576K [0x0000000601400000, 0x0000000800000000)
  region size 4096K, 7 young (28672K), 1 survivors (4096K)
 Metaspace       used 6083K, committed 6208K, reserved 1114112K
  class space    used 688K, committed 768K, reserved 1048576K

Heap Regions: E=young(eden), S=young(survivor), O=old, HS=humongous(starts), HC=humongous(continues), CS=collection set, F=free, TAMS=top-at-mark-start, PB=parsable bottom
|   0|0x0000000601400000, 0x0000000601400000, 0x0000000601800000|  0%| F|  |TAMS 0x0000000601400000| PB 0x0000000601400000| Untracked 
|   1|0x0000000601800000, 0x0000000601800000, 0x0000000601c00000|  0%| F|  |TAMS 0x0000000601800000| PB 0x0000000601800000| Untracked 
|   2|0x0000000601c00000, 0x0000000601c00000, 0x0000000602000000|  0%| F|  |TAMS 0x0000000601c00000| PB 0x0000000601c00000| Untracked 
|   3|0x0000000602000000, 0x0000000602000000, 0x0000000602400000|  0%| F|  |TAMS 0x0000000602000000| PB 0x0000000602000000| Untracked 
|   4|0x0000000602400000, 0x0000000602400000, 0x0000000602800000|  0%| F|  |TAMS 0x0000000602400000| PB 0x0000000602400000| Untracked 
|   5|0x0000000602800000, 0x0000000602800000, 0x0000000602c00000|  0%| F|  |TAMS 0x0000000602800000| PB 0x0000000602800000| Untracked 
|   6|0x0000000602c00000, 0x0000000602c00000, 0x0000000603000000|  0%| F|  |TAMS 0x0000000602c00000| PB 0x0000000602c00000| Untracked 
|   7|0x0000000603000000, 0x0000000603000000, 0x0000000603400000|  0%| F|  |TAMS 0x0000000603000000| PB 0x0000000603000000| Untracked 
|   8|0x0000000603400000, 0x0000000603400000, 0x0000000603800000|  0%| F|  |TAMS 0x0000000603400000| PB 0x0000000603400000| Untracked 
|   9|0x0000000603800000, 0x0000000603800000, 0x0000000603c00000|  0%| F|  |TAMS 0x0000000603800000| PB 0x0000000603800000| Untracked 
|  10|0x0000000603c00000, 0x0000000603c00000, 0x0000000604000000|  0%| F|  |TAMS 0x0000000603c00000| PB 0x0000000603c00000| Untracked 
|  11|0x0000000604000000, 0x0000000604000000, 0x0000000604400000|  0%| F|  |TAMS 0x0000000604000000| PB 0x0000000604000000| Untracked 
|  12|0x0000000604400000, 0x0000000604400000, 0x0000000604800000|  0%| F|  |TAMS 0x0000000604400000| PB 0x0000000604400000| Untracked 
|  13|0x0000000604800000, 0x0000000604800000, 0x0000000604c00000|  0%| F|  |TAMS 0x0000000604800000| PB 0x0000000604800000| Untracked 
|  14|0x0000000604c00000, 0x0000000604c00000, 0x0000000605000000|  0%| F|  |TAMS 0x0000000604c00000| PB 0x0000000604c00000| Untracked 
|  15|0x0000000605000000, 0x0000000605000000, 0x0000000605400000|  0%| F|  |TAMS 0x0000000605000000| PB 0x0000000605000000| Untracked 
|  16|0x0000000605400000, 0x0000000605400000, 0x0000000605800000|  0%| F|  |TAMS 0x0000000605400000| PB 0x0000000605400000| Untracked 
|  17|0x0000000605800000, 0x0000000605800000, 0x0000000605c00000|  0%| F|  |TAMS 0x0000000605800000| PB 0x0000000605800000| Untracked 
|  18|0x0000000605c00000, 0x0000000605c00000, 0x0000000606000000|  0%| F|  |TAMS 0x0000000605c00000| PB 0x0000000605c00000| Untracked 
|  19|0x0000000606000000, 0x0000000606000000, 0x0000000606400000|  0%| F|  |TAMS 0x0000000606000000| PB 0x0000000606000000| Untracked 
|  20|0x0000000606400000, 0x0000000606400000, 0x0000000606800000|  0%| F|  |TAMS 0x0000000606400000| PB 0x0000000606400000| Untracked 
|  21|0x0000000606800000, 0x0000000606800000, 0x0000000606c00000|  0%| F|  |TAMS 0x0000000606800000| PB 0x0000000606800000| Untracked 
|  22|0x0000000606c00000, 0x0000000606c00000, 0x0000000607000000|  0%| F|  |TAMS 0x0000000606c00000| PB 0x0000000606c00000| Untracked 
|  23|0x0000000607000000, 0x0000000607000000, 0x0000000607400000|  0%| F|  |TAMS 0x0000000607000000| PB 0x0000000607000000| Untracked 
|  24|0x0000000607400000, 0x0000000607400000, 0x0000000607800000|  0%| F|  |TAMS 0x0000000607400000| PB 0x0000000607400000| Untracked 
|  25|0x0000000607800000, 0x0000000607800000, 0x0000000607c00000|  0%| F|  |TAMS 0x0000000607800000| PB 0x0000000607800000| Untracked 
|  26|0x0000000607c00000, 0x0000000607c00000, 0x0000000608000000|  0%| F|  |TAMS 0x0000000607c00000| PB 0x0000000607c00000| Untracked 
|  27|0x0000000608000000, 0x0000000608000000, 0x0000000608400000|  0%| F|  |TAMS 0x0000000608000000| PB 0x0000000608000000| Untracked 
|  28|0x0000000608400000, 0x0000000608400000, 0x0000000608800000|  0%| F|  |TAMS 0x0000000608400000| PB 0x0000000608400000| Untracked 
|  29|0x0000000608800000, 0x0000000608800000, 0x0000000608c00000|  0%| F|  |TAMS 0x0000000608800000| PB 0x0000000608800000| Untracked 
|  30|0x0000000608c00000, 0x0000000608c00000, 0x0000000609000000|  0%| F|  |TAMS 0x0000000608c00000| PB 0x0000000608c00000| Untracked 
|  31|0x0000000609000000, 0x0000000609000000, 0x0000000609400000|  0%| F|  |TAMS 0x0000000609000000| PB 0x0000000609000000| Untracked 
|  32|0x0000000609400000, 0x0000000609400000, 0x0000000609800000|  0%| F|  |TAMS 0x0000000609400000| PB 0x0000000609400000| Untracked 
|  33|0x0000000609800000, 0x0000000609800000, 0x0000000609c00000|  0%| F|  |TAMS 0x0000000609800000| PB 0x0000000609800000| Untracked 
|  34|0x0000000609c00000, 0x0000000609c00000, 0x000000060a000000|  0%| F|  |TAMS 0x0000000609c00000| PB 0x0000000609c00000| Untracked 
|  35|0x000000060a000000, 0x000000060a000000, 0x000000060a400000|  0%| F|  |TAMS 0x000000060a000000| PB 0x000000060a000000| Untracked 
|  36|0x000000060a400000, 0x000000060a400000, 0x000000060a800000|  0%| F|  |TAMS 0x000000060a400000| PB 0x000000060a400000| Untracked 
|  37|0x000000060a800000, 0x000000060a800000, 0x000000060ac00000|  0%| F|  |TAMS 0x000000060a800000| PB 0x000000060a800000| Untracked 
|  38|0x000000060ac00000, 0x000000060ac00000, 0x000000060b000000|  0%| F|  |TAMS 0x000000060ac00000| PB 0x000000060ac00000| Untracked 
|  39|0x000000060b000000, 0x000000060b000000, 0x000000060b400000|  0%| F|  |TAMS 0x000000060b000000| PB 0x000000060b000000| Untracked 
|  40|0x000000060b400000, 0x000000060b400000, 0x000000060b800000|  0%| F|  |TAMS 0x000000060b400000| PB 0x000000060b400000| Untracked 
|  41|0x000000060b800000, 0x000000060b800000, 0x000000060bc00000|  0%| F|  |TAMS 0x000000060b800000| PB 0x000000060b800000| Untracked 
|  42|0x000000060bc00000, 0x000000060bc00000, 0x000000060c000000|  0%| F|  |TAMS 0x000000060bc00000| PB 0x000000060bc00000| Untracked 
|  43|0x000000060c000000, 0x000000060c000000, 0x000000060c400000|  0%| F|  |TAMS 0x000000060c000000| PB 0x000000060c000000| Untracked 
|  44|0x000000060c400000, 0x000000060c400000, 0x000000060c800000|  0%| F|  |TAMS 0x000000060c400000| PB 0x000000060c400000| Untracked 
|  45|0x000000060c800000, 0x000000060c800000, 0x000000060cc00000|  0%| F|  |TAMS 0x000000060c800000| PB 0x000000060c800000| Untracked 
|  46|0x000000060cc00000, 0x000000060cc00000, 0x000000060d000000|  0%| F|  |TAMS 0x000000060cc00000| PB 0x000000060cc00000| Untracked 
|  47|0x000000060d000000, 0x000000060d000000, 0x000000060d400000|  0%| F|  |TAMS 0x000000060d000000| PB 0x000000060d000000| Untracked 
|  48|0x000000060d400000, 0x000000060d400000, 0x000000060d800000|  0%| F|  |TAMS 0x000000060d400000| PB 0x000000060d400000| Untracked 
|  49|0x000000060d800000, 0x000000060d800000, 0x000000060dc00000|  0%| F|  |TAMS 0x000000060d800000| PB 0x000000060d800000| Untracked 
|  50|0x000000060dc00000, 0x000000060dc00000, 0x000000060e000000|  0%| F|  |TAMS 0x000000060dc00000| PB 0x000000060dc00000| Untracked 
|  51|0x000000060e000000, 0x000000060e000000, 0x000000060e400000|  0%| F|  |TAMS 0x000000060e000000| PB 0x000000060e000000| Untracked 
|  52|0x000000060e400000, 0x000000060e400000, 0x000000060e800000|  0%| F|  |TAMS 0x000000060e400000| PB 0x000000060e400000| Untracked 
|  53|0x000000060e800000, 0x000000060e800000, 0x000000060ec00000|  0%| F|  |TAMS 0x000000060e800000| PB 0x000000060e800000| Untracked 
|  54|0x000000060ec00000, 0x000000060ec00000, 0x000000060f000000|  0%| F|  |TAMS 0x000000060ec00000| PB 0x000000060ec00000| Untracked 
|  55|0x000000060f000000, 0x000000060f000000, 0x000000060f400000|  0%| F|  |TAMS 0x000000060f000000| PB 0x000000060f000000| Untracked 
|  56|0x000000060f400000, 0x000000060f400000, 0x000000060f800000|  0%| F|  |TAMS 0x000000060f400000| PB 0x000000060f400000| Untracked 
|  57|0x000000060f800000, 0x000000060f800000, 0x000000060fc00000|  0%| F|  |TAMS 0x000000060f800000| PB 0x000000060f800000| Untracked 
|  58|0x000000060fc00000, 0x000000060fc00000, 0x0000000610000000|  0%| F|  |TAMS 0x000000060fc00000| PB 0x000000060fc00000| Untracked 
|  59|0x0000000610000000, 0x0000000610000000, 0x0000000610400000|  0%| F|  |TAMS 0x0000000610000000| PB 0x0000000610000000| Untracked 
|  60|0x0000000610400000, 0x0000000610400000, 0x0000000610800000|  0%| F|  |TAMS 0x0000000610400000| PB 0x0000000610400000| Untracked 
|  61|0x0000000610800000, 0x0000000610800000, 0x0000000610c00000|  0%| F|  |TAMS 0x0000000610800000| PB 0x0000000610800000| Untracked 
|  62|0x0000000610c00000, 0x0000000610c00000, 0x0000000611000000|  0%| F|  |TAMS 0x0000000610c00000| PB 0x0000000610c00000| Untracked 
|  63|0x0000000611000000, 0x0000000611000000, 0x0000000611400000|  0%| F|  |TAMS 0x0000000611000000| PB 0x0000000611000000| Untracked 
|  64|0x0000000611400000, 0x0000000611400000, 0x0000000611800000|  0%| F|  |TAMS 0x0000000611400000| PB 0x0000000611400000| Untracked 
|  65|0x0000000611800000, 0x0000000611800000, 0x0000000611c00000|  0%| F|  |TAMS 0x0000000611800000| PB 0x0000000611800000| Untracked 
|  66|0x0000000611c00000, 0x0000000611c00000, 0x0000000612000000|  0%| F|  |TAMS 0x0000000611c00000| PB 0x0000000611c00000| Untracked 
|  67|0x0000000612000000, 0x0000000612000000, 0x0000000612400000|  0%| F|  |TAMS 0x0000000612000000| PB 0x0000000612000000| Untracked 
|  68|0x0000000612400000, 0x0000000612400000, 0x0000000612800000|  0%| F|  |TAMS 0x0000000612400000| PB 0x0000000612400000| Untracked 
|  69|0x0000000612800000, 0x0000000612800000, 0x0000000612c00000|  0%| F|  |TAMS 0x0000000612800000| PB 0x0000000612800000| Untracked 
|  70|0x0000000612c00000, 0x0000000612c00000, 0x0000000613000000|  0%| F|  |TAMS 0x0000000612c00000| PB 0x0000000612c00000| Untracked 
|  71|0x0000000613000000, 0x0000000613000000, 0x0000000613400000|  0%| F|  |TAMS 0x0000000613000000| PB 0x0000000613000000| Untracked 
|  72|0x0000000613400000, 0x0000000613400000, 0x0000000613800000|  0%| F|  |TAMS 0x0000000613400000| PB 0x0000000613400000| Untracked 
|  73|0x0000000613800000, 0x0000000613800000, 0x0000000613c00000|  0%| F|  |TAMS 0x0000000613800000| PB 0x0000000613800000| Untracked 
|  74|0x0000000613c00000, 0x0000000613c00000, 0x0000000614000000|  0%| F|  |TAMS 0x0000000613c00000| PB 0x0000000613c00000| Untracked 
|  75|0x0000000614000000, 0x0000000614000000, 0x0000000614400000|  0%| F|  |TAMS 0x0000000614000000| PB 0x0000000614000000| Untracked 
|  76|0x0000000614400000, 0x0000000614400000, 0x0000000614800000|  0%| F|  |TAMS 0x0000000614400000| PB 0x0000000614400000| Untracked 
|  77|0x0000000614800000, 0x0000000614800000, 0x0000000614c00000|  0%| F|  |TAMS 0x0000000614800000| PB 0x0000000614800000| Untracked 
|  78|0x0000000614c00000, 0x0000000614c00000, 0x0000000615000000|  0%| F|  |TAMS 0x0000000614c00000| PB 0x0000000614c00000| Untracked 
|  79|0x0000000615000000, 0x0000000615000000, 0x0000000615400000|  0%| F|  |TAMS 0x0000000615000000| PB 0x0000000615000000| Untracked 
|  80|0x0000000615400000, 0x0000000615400000, 0x0000000615800000|  0%| F|  |TAMS 0x0000000615400000| PB 0x0000000615400000| Untracked 
|  81|0x0000000615800000, 0x0000000615800000, 0x0000000615c00000|  0%| F|  |TAMS 0x0000000615800000| PB 0x0000000615800000| Untracked 
|  82|0x0000000615c00000, 0x0000000615c00000, 0x0000000616000000|  0%| F|  |TAMS 0x0000000615c00000| PB 0x0000000615c00000| Untracked 
|  83|0x0000000616000000, 0x0000000616000000, 0x0000000616400000|  0%| F|  |TAMS 0x0000000616000000| PB 0x0000000616000000| Untracked 
|  84|0x0000000616400000, 0x0000000616400000, 0x0000000616800000|  0%| F|  |TAMS 0x0000000616400000| PB 0x0000000616400000| Untracked 
|  85|0x0000000616800000, 0x0000000616800000, 0x0000000616c00000|  0%| F|  |TAMS 0x0000000616800000| PB 0x0000000616800000| Untracked 
|  86|0x0000000616c00000, 0x0000000616c00000, 0x0000000617000000|  0%| F|  |TAMS 0x0000000616c00000| PB 0x0000000616c00000| Untracked 
|  87|0x0000000617000000, 0x0000000617000000, 0x0000000617400000|  0%| F|  |TAMS 0x0000000617000000| PB 0x0000000617000000| Untracked 
|  88|0x0000000617400000, 0x0000000617400000, 0x0000000617800000|  0%| F|  |TAMS 0x0000000617400000| PB 0x0000000617400000| Untracked 
|  89|0x0000000617800000, 0x0000000617800000, 0x0000000617c00000|  0%| F|  |TAMS 0x0000000617800000| PB 0x0000000617800000| Untracked 
|  90|0x0000000617c00000, 0x0000000617c00000, 0x0000000618000000|  0%| F|  |TAMS 0x0000000617c00000| PB 0x0000000617c00000| Untracked 
|  91|0x0000000618000000, 0x0000000618000000, 0x0000000618400000|  0%| F|  |TAMS 0x0000000618000000| PB 0x0000000618000000| Untracked 
|  92|0x0000000618400000, 0x0000000618400000, 0x0000000618800000|  0%| F|  |TAMS 0x0000000618400000| PB 0x0000000618400000| Untracked 
|  93|0x0000000618800000, 0x0000000618800000, 0x0000000618c00000|  0%| F|  |TAMS 0x0000000618800000| PB 0x0000000618800000| Untracked 
|  94|0x0000000618c00000, 0x0000000618c00000, 0x0000000619000000|  0%| F|  |TAMS 0x0000000618c00000| PB 0x0000000618c00000| Untracked 
|  95|0x0000000619000000, 0x0000000619000000, 0x0000000619400000|  0%| F|  |TAMS 0x0000000619000000| PB 0x0000000619000000| Untracked 
|  96|0x0000000619400000, 0x0000000619400000, 0x0000000619800000|  0%| F|  |TAMS 0x0000000619400000| PB 0x0000000619400000| Untracked 
|  97|0x0000000619800000, 0x0000000619800000, 0x0000000619c00000|  0%| F|  |TAMS 0x0000000619800000| PB 0x0000000619800000| Untracked 
|  98|0x0000000619c00000, 0x0000000619c00000, 0x000000061a000000|  0%| F|  |TAMS 0x0000000619c00000| PB 0x0000000619c00000| Untracked 
|  99|0x000000061a000000, 0x000000061a000000, 0x000000061a400000|  0%| F|  |TAMS 0x000000061a000000| PB 0x000000061a000000| Untracked 
| 100|0x000000061a400000, 0x000000061a400000, 0x000000061a800000|  0%| F|  |TAMS 0x000000061a400000| PB 0x000000061a400000| Untracked 
| 101|0x000000061a800000, 0x000000061a800000, 0x000000061ac00000|  0%| F|  |TAMS 0x000000061a800000| PB 0x000000061a800000| Untracked 
| 102|0x000000061ac00000, 0x000000061ac00000, 0x000000061b000000|  0%| F|  |TAMS 0x000000061ac00000| PB 0x000000061ac00000| Untracked 
| 103|0x000000061b000000, 0x000000061b000000, 0x000000061b400000|  0%| F|  |TAMS 0x000000061b000000| PB 0x000000061b000000| Untracked 
| 104|0x000000061b400000, 0x000000061b400000, 0x000000061b800000|  0%| F|  |TAMS 0x000000061b400000| PB 0x000000061b400000| Untracked 
| 105|0x000000061b800000, 0x000000061b800000, 0x000000061bc00000|  0%| F|  |TAMS 0x000000061b800000| PB 0x000000061b800000| Untracked 
| 106|0x000000061bc00000, 0x000000061bc00000, 0x000000061c000000|  0%| F|  |TAMS 0x000000061bc00000| PB 0x000000061bc00000| Untracked 
| 107|0x000000061c000000, 0x000000061c000000, 0x000000061c400000|  0%| F|  |TAMS 0x000000061c000000| PB 0x000000061c000000| Untracked 
| 108|0x000000061c400000, 0x000000061c400000, 0x000000061c800000|  0%| F|  |TAMS 0x000000061c400000| PB 0x000000061c400000| Untracked 
| 109|0x000000061c800000, 0x000000061c800000, 0x000000061cc00000|  0%| F|  |TAMS 0x000000061c800000| PB 0x000000061c800000| Untracked 
| 110|0x000000061cc00000, 0x000000061cc00000, 0x000000061d000000|  0%| F|  |TAMS 0x000000061cc00000| PB 0x000000061cc00000| Untracked 
| 111|0x000000061d000000, 0x000000061d000000, 0x000000061d400000|  0%| F|  |TAMS 0x000000061d000000| PB 0x000000061d000000| Untracked 
| 112|0x000000061d400000, 0x000000061d400000, 0x000000061d800000|  0%| F|  |TAMS 0x000000061d400000| PB 0x000000061d400000| Untracked 
| 113|0x000000061d800000, 0x000000061d800000, 0x000000061dc00000|  0%| F|  |TAMS 0x000000061d800000| PB 0x000000061d800000| Untracked 
| 114|0x000000061dc00000, 0x000000061dc00000, 0x000000061e000000|  0%| F|  |TAMS 0x000000061dc00000| PB 0x000000061dc00000| Untracked 
| 115|0x000000061e000000, 0x000000061e000000, 0x000000061e400000|  0%| F|  |TAMS 0x000000061e000000| PB 0x000000061e000000| Untracked 
| 116|0x000000061e400000, 0x000000061e400000, 0x000000061e800000|  0%| F|  |TAMS 0x000000061e400000| PB 0x000000061e400000| Untracked 
| 117|0x000000061e800000, 0x000000061e800000, 0x000000061ec00000|  0%| F|  |TAMS 0x000000061e800000| PB 0x000000061e800000| Untracked 
| 118|0x000000061ec00000, 0x000000061ec00000, 0x000000061f000000|  0%| F|  |TAMS 0x000000061ec00000| PB 0x000000061ec00000| Untracked 
| 119|0x000000061f000000, 0x000000061f000000, 0x000000061f400000|  0%| F|  |TAMS 0x000000061f000000| PB 0x000000061f000000| Untracked 
| 120|0x000000061f400000, 0x000000061f400000, 0x000000061f800000|  0%| F|  |TAMS 0x000000061f400000| PB 0x000000061f400000| Untracked 
| 121|0x000000061f800000, 0x000000061fbf9a90, 0x000000061fc00000| 99%| S|  |TAMS 0x000000061f800000| PB 0x000000061f800000| Complete 
| 122|0x000000061fc00000, 0x0000000620000000, 0x0000000620000000|100%| E|CS|TAMS 0x000000061fc00000| PB 0x000000061fc00000| Complete 
| 123|0x0000000620000000, 0x0000000620400000, 0x0000000620400000|100%| E|CS|TAMS 0x0000000620000000| PB 0x0000000620000000| Complete 
| 124|0x0000000620400000, 0x0000000620800000, 0x0000000620800000|100%| E|CS|TAMS 0x0000000620400000| PB 0x0000000620400000| Complete 
| 125|0x0000000620800000, 0x0000000620c00000, 0x0000000620c00000|100%| E|CS|TAMS 0x0000000620800000| PB 0x0000000620800000| Complete 
| 126|0x0000000620c00000, 0x0000000621000000, 0x0000000621000000|100%| E|CS|TAMS 0x0000000620c00000| PB 0x0000000620c00000| Complete 
| 127|0x0000000621000000, 0x0000000621400000, 0x0000000621400000|100%| E|CS|TAMS 0x0000000621000000| PB 0x0000000621000000| Complete 

Card table byte_map: [0x000001abd7f70000,0x000001abd8f70000] _byte_map_base: 0x000001abd4f66000

Marking Bits: (CMBitMap*) 0x000001abbed52ec0
 Bits: [0x000001abd8f70000, 0x000001abe0f20000)

Polling page: 0x000001abbcc10000

Metaspace:

Usage:
  Non-class:      5.27 MB used.
      Class:    688.96 KB used.
       Both:      5.94 MB used.

Virtual space:
  Non-class space:       64.00 MB reserved,       5.31 MB (  8%) committed,  1 nodes.
      Class space:        1.00 GB reserved,     768.00 KB ( <1%) committed,  1 nodes.
             Both:        1.06 GB reserved,       6.06 MB ( <1%) committed. 

Chunk freelists:
   Non-Class:  9.19 MB
       Class:  15.28 MB
        Both:  24.47 MB

MaxMetaspaceSize: unlimited
CompressedClassSpaceSize: 1.00 GB
Initial GC threshold: 21.00 MB
Current GC threshold: 21.00 MB
CDS: on
 - commit_granule_bytes: 65536.
 - commit_granule_words: 8192.
 - virtual_space_node_default_size: 8388608.
 - enlarge_chunks_in_place: 1.
 - use_allocation_guard: 0.


Internal statistics:

num_allocs_failed_limit: 0.
num_arena_births: 66.
num_arena_deaths: 0.
num_vsnodes_births: 2.
num_vsnodes_deaths: 0.
num_space_committed: 97.
num_space_uncommitted: 0.
num_chunks_returned_to_freelist: 0.
num_chunks_taken_from_freelist: 231.
num_chunk_merges: 0.
num_chunk_splits: 152.
num_chunks_enlarged: 117.
num_inconsistent_stats: 0.

CodeHeap 'non-profiled nmethods': size=119168Kb used=417Kb max_used=417Kb free=118750Kb
 bounds [0x000001abced10000, 0x000001abcef80000, 0x000001abd6170000]
CodeHeap 'profiled nmethods': size=119104Kb used=2452Kb max_used=2452Kb free=116651Kb
 bounds [0x000001abc7170000, 0x000001abc73e0000, 0x000001abce5c0000]
CodeHeap 'non-nmethods': size=7488Kb used=3058Kb max_used=3086Kb free=4429Kb
 bounds [0x000001abce5c0000, 0x000001abce8d0000, 0x000001abced10000]
 total_blobs=1765 nmethods=1290 adapters=377
 compilation: enabled
              stopped_count=0, restarted_count=0
 full_count=0

Compilation events (20 events):
Event: 0.339 Thread 0x000001abe46e3dc0 nmethod 1266 0x000001abced75910 code [0x000001abced75aa0, 0x000001abced75c28]
Event: 0.339 Thread 0x000001abe46e5fd0 1272       4       java.io.InputStreamReader::read (11 bytes)
Event: 0.340 Thread 0x000001abe46e3dc0 1273       4       org.codehaus.plexus.util.xml.XmlReader::read (11 bytes)
Event: 0.340 Thread 0x000001abe46e3020 nmethod 1271 0x000001abced75d90 code [0x000001abced75f20, 0x000001abced75fe8]
Event: 0.340 Thread 0x000001abe46e3020 1240   !   4       jdk.internal.misc.ScopedMemoryAccess::getByte (16 bytes)
Event: 0.340 Thread 0x000001abe46e3020 nmethod 1240 0x000001abced76090 code [0x000001abced76220, 0x000001abced762f8]
Event: 0.340 Thread 0x000001abe46e3020 1217       4       java.util.Objects::checkIndex (7 bytes)
Event: 0.341 Thread 0x000001abe46e3020 nmethod 1217 0x000001abced76410 code [0x000001abced76580, 0x000001abced76628]
Event: 0.341 Thread 0x000001abe46e4490 1276       3       org.codehaus.plexus.util.xml.pull.MXParser::isNameStartChar (56 bytes)
Event: 0.341 Thread 0x000001abe46e5230 1277       3       org.codehaus.plexus.util.xml.pull.MXParser::getText (125 bytes)
Event: 0.341 Thread 0x000001abe45e2fe0 1278       3       org.codehaus.plexus.util.xml.pull.MXParser::parseStartTag (1190 bytes)
Event: 0.342 Thread 0x000001abe46e4490 nmethod 1276 0x000001abc73c5190 code [0x000001abc73c5340, 0x000001abc73c55e8]
Event: 0.342 Thread 0x000001abe46e5230 nmethod 1277 0x000001abc73c5690 code [0x000001abc73c5880, 0x000001abc73c5dc8]
Event: 0.343 Thread 0x000001abe46e3020 1279       4       org.codehaus.plexus.util.xml.pull.MXParser::more (106 bytes)
Event: 0.343 Thread 0x000001abe46e5230 1281       3       org.codehaus.plexus.util.xml.pull.MXParser::newString (11 bytes)
Event: 0.343 Thread 0x000001abe46e5230 nmethod 1281 0x000001abc73c5f10 code [0x000001abc73c60c0, 0x000001abc73c6268]
Event: 0.343 Thread 0x000001abe46e5230 1282       1       org.codehaus.plexus.util.xml.pull.MXParser::getEventType (5 bytes)
Event: 0.343 Thread 0x000001abe46e4490 1283       3       org.codehaus.plexus.util.xml.pull.MXParser::getName (84 bytes)
Event: 0.343 Thread 0x000001abe46e5230 nmethod 1282 0x000001abced76710 code [0x000001abced768a0, 0x000001abced76968]
Event: 0.344 Thread 0x000001abe46e4490 nmethod 1283 0x000001abc73c6390 code [0x000001abc73c6560, 0x000001abc73c6910]

GC Heap History (0 events):
No events

Dll operation events (12 events):
Event: 0.006 Loaded shared library C:\Program Files\Java\jdk-21\bin\java.dll
Event: 0.024 Loaded shared library C:\Program Files\Java\jdk-21\bin\jsvml.dll
Event: 0.045 Loaded shared library C:\Program Files\Java\jdk-21\bin\zip.dll
Event: 0.047 Loaded shared library C:\Program Files\Java\jdk-21\bin\instrument.dll
Event: 0.050 Loaded shared library C:\Program Files\Java\jdk-21\bin\net.dll
Event: 0.051 Loaded shared library C:\Program Files\Java\jdk-21\bin\nio.dll
Event: 0.052 Loaded shared library C:\Program Files\Java\jdk-21\bin\zip.dll
Event: 0.060 Loaded shared library C:\Program Files\JetBrains\IntelliJ IDEA Community Edition 2024.3.1.1\bin\breakgen64.dll
Event: 0.064 Loaded shared library C:\Program Files\Java\jdk-21\bin\extnet.dll
Event: 0.120 Loaded shared library C:\Program Files\Java\jdk-21\bin\jimage.dll
Event: 0.131 Loaded shared library C:\Users\Darks\AppData\Local\Temp\jansi-2.4.1-3a1ae04bf69c226-jansi.dll
Event: 0.136 Loaded shared library C:\Program Files\Java\jdk-21\bin\verify.dll

Deoptimization events (20 events):
Event: 0.333 Thread 0x000001abbece87d0 Uncommon trap: trap_request=0xffffff6e fr.pc=0x000001abced4d898 relative=0x0000000000000458
Event: 0.333 Thread 0x000001abbece87d0 Uncommon trap: reason=loop_limit_check action=maybe_recompile pc=0x000001abced4d898 method=java.lang.StringLatin1.indexOf([BI[BII)I @ 37 c2
Event: 0.333 Thread 0x000001abbece87d0 DEOPT PACKING pc=0x000001abced4d898 sp=0x00000067fdffde00
Event: 0.333 Thread 0x000001abbece87d0 DEOPT UNPACKING pc=0x000001abce6146a2 sp=0x00000067fdffdd60 mode 2
Event: 0.334 Thread 0x000001abbece87d0 Uncommon trap: trap_request=0xffffff45 fr.pc=0x000001abced575e0 relative=0x0000000000000720
Event: 0.334 Thread 0x000001abbece87d0 Uncommon trap: reason=unstable_if action=reinterpret pc=0x000001abced575e0 method=java.util.regex.Matcher.search(I)Z @ 30 c2
Event: 0.334 Thread 0x000001abbece87d0 DEOPT PACKING pc=0x000001abced575e0 sp=0x00000067fdffe240
Event: 0.334 Thread 0x000001abbece87d0 DEOPT UNPACKING pc=0x000001abce6146a2 sp=0x00000067fdffe220 mode 2
Event: 0.334 Thread 0x000001abbece87d0 Uncommon trap: trap_request=0xffffff76 fr.pc=0x000001abced54f80 relative=0x0000000000000320
Event: 0.334 Thread 0x000001abbece87d0 Uncommon trap: reason=predicate action=maybe_recompile pc=0x000001abced54f80 method=java.util.regex.Pattern$BmpCharPropertyGreedy.match(Ljava/util/regex/Matcher;ILjava/lang/CharSequence;)Z @ 12 c2
Event: 0.334 Thread 0x000001abbece87d0 DEOPT PACKING pc=0x000001abced54f80 sp=0x00000067fdffe010
Event: 0.334 Thread 0x000001abbece87d0 DEOPT UNPACKING pc=0x000001abce6146a2 sp=0x00000067fdffdfc8 mode 2
Event: 0.334 Thread 0x000001abbece87d0 Uncommon trap: trap_request=0xffffff45 fr.pc=0x000001abced49ae4 relative=0x00000000000000c4
Event: 0.334 Thread 0x000001abbece87d0 Uncommon trap: reason=unstable_if action=reinterpret pc=0x000001abced49ae4 method=org.codehaus.plexus.util.xml.pull.MXParser.more()C @ 8 c2
Event: 0.334 Thread 0x000001abbece87d0 DEOPT PACKING pc=0x000001abced49ae4 sp=0x00000067fdffe4a0
Event: 0.334 Thread 0x000001abbece87d0 DEOPT UNPACKING pc=0x000001abce6146a2 sp=0x00000067fdffe430 mode 2
Event: 0.341 Thread 0x000001abbece87d0 Uncommon trap: trap_request=0xffffffde fr.pc=0x000001abced5aa88 relative=0x00000000000009c8
Event: 0.342 Thread 0x000001abbece87d0 Uncommon trap: reason=class_check action=maybe_recompile pc=0x000001abced5aa88 method=java.util.HashMap.putVal(ILjava/lang/Object;Ljava/lang/Object;ZZ)Ljava/lang/Object; @ 91 c2
Event: 0.342 Thread 0x000001abbece87d0 DEOPT PACKING pc=0x000001abced5aa88 sp=0x00000067fdffe4b0
Event: 0.342 Thread 0x000001abbece87d0 DEOPT UNPACKING pc=0x000001abce6146a2 sp=0x00000067fdffe3e8 mode 2

Classes loaded (20 events):
Event: 0.317 Loading class java/util/concurrent/TimeoutException
Event: 0.317 Loading class java/util/concurrent/TimeoutException done
Event: 0.317 Loading class java/util/concurrent/CancellationException
Event: 0.317 Loading class java/util/concurrent/CancellationException done
Event: 0.317 Loading class sun/misc/Unsafe
Event: 0.317 Loading class sun/misc/Unsafe done
Event: 0.318 Loading class java/lang/invoke/DirectMethodHandle$StaticAccessor
Event: 0.318 Loading class java/lang/invoke/DirectMethodHandle$StaticAccessor done
Event: 0.320 Loading class java/lang/reflect/ParameterizedType
Event: 0.320 Loading class java/lang/reflect/ParameterizedType done
Event: 0.322 Loading class java/lang/reflect/WildcardType
Event: 0.322 Loading class java/lang/reflect/WildcardType done
Event: 0.323 Loading class sun/reflect/generics/tree/TypeVariableSignature
Event: 0.323 Loading class sun/reflect/generics/tree/TypeVariableSignature done
Event: 0.330 Loading class java/lang/annotation/IncompleteAnnotationException
Event: 0.330 Loading class java/lang/annotation/IncompleteAnnotationException done
Event: 0.332 Loading class jdk/internal/foreign/MemorySessionImpl
Event: 0.332 Loading class java/lang/foreign/MemorySegment$Scope
Event: 0.332 Loading class java/lang/foreign/MemorySegment$Scope done
Event: 0.332 Loading class jdk/internal/foreign/MemorySessionImpl done

Classes unloaded (0 events):
No events

Classes redefined (0 events):
No events

Internal exceptions (20 events):
Event: 0.058 Thread 0x000001abbece87d0 Exception <a 'java/lang/NoSuchMethodError'{0x00000006213be7a8}: 'java.lang.Object java.lang.invoke.Invokers$Holder.invokeExact_MT(java.lang.Object, java.lang.Object, java.lang.Object, java.lang.Object, java.lang.Object)'> (0x00000006213be7a8) 
thrown [s\open\src\hotspot\share\interpreter\linkResolver.cpp, line 773]
Event: 0.065 Thread 0x000001abe489f420 Exception <a 'java/lang/NoSuchMethodError'{0x00000006213e01a8}: 'void java.lang.invoke.DirectMethodHandle$Holder.invokeStatic(java.lang.Object, java.lang.Object)'> (0x00000006213e01a8) 
thrown [s\open\src\hotspot\share\interpreter\linkResolver.cpp, line 773]
Event: 0.074 Thread 0x000001abbece87d0 Exception <a 'java/lang/NoSuchMethodError'{0x0000000620c68880}: 'int java.lang.invoke.DirectMethodHandle$Holder.invokeSpecial(java.lang.Object, java.lang.Object, java.lang.Object)'> (0x0000000620c68880) 
thrown [s\open\src\hotspot\share\interpreter\linkResolver.cpp, line 773]
Event: 0.118 Thread 0x000001abbece87d0 Exception <a 'java/lang/NullPointerException'{0x0000000620fe4b28}> (0x0000000620fe4b28) 
thrown [s\open\src\hotspot\share\interpreter\linkResolver.cpp, line 1372]
Event: 0.124 Thread 0x000001abbece87d0 Exception <a 'sun/nio/fs/WindowsException'{0x0000000620884ee0}> (0x0000000620884ee0) 
thrown [s\open\src\hotspot\share\prims\jni.cpp, line 520]
Event: 0.135 Thread 0x000001abbece87d0 Exception <a 'sun/nio/fs/WindowsException'{0x00000006208d5fc8}> (0x00000006208d5fc8) 
thrown [s\open\src\hotspot\share\prims\jni.cpp, line 520]
Event: 0.136 Thread 0x000001abbece87d0 Exception <a 'sun/nio/fs/WindowsException'{0x00000006208d6678}> (0x00000006208d6678) 
thrown [s\open\src\hotspot\share\prims\jni.cpp, line 520]
Event: 0.136 Thread 0x000001abbece87d0 Exception <a 'sun/nio/fs/WindowsException'{0x00000006208d6bd0}> (0x00000006208d6bd0) 
thrown [s\open\src\hotspot\share\prims\jni.cpp, line 520]
Event: 0.136 Thread 0x000001abbece87d0 Exception <a 'sun/nio/fs/WindowsException'{0x00000006208d70d8}> (0x00000006208d70d8) 
thrown [s\open\src\hotspot\share\prims\jni.cpp, line 520]
Event: 0.136 Thread 0x000001abbece87d0 Exception <a 'sun/nio/fs/WindowsException'{0x00000006208d7598}> (0x00000006208d7598) 
thrown [s\open\src\hotspot\share\prims\jni.cpp, line 520]
Event: 0.141 Thread 0x000001abbece87d0 Exception <a 'java/lang/NoSuchMethodError'{0x0000000620925fd0}: 'void java.lang.invoke.DirectMethodHandle$Holder.invokeStaticInit(java.lang.Object, java.lang.Object)'> (0x0000000620925fd0) 
thrown [s\open\src\hotspot\share\interpreter\linkResolver.cpp, line 773]
Event: 0.179 Thread 0x000001abbece87d0 Exception <a 'java/lang/NoSuchMethodError'{0x0000000620ae0358}: 'java.lang.Object java.lang.invoke.DirectMethodHandle$Holder.invokeSpecialIFC(java.lang.Object, java.lang.Object, java.lang.Object, java.lang.Object)'> (0x0000000620ae0358) 
thrown [s\open\src\hotspot\share\interpreter\linkResolver.cpp, line 773]
Event: 0.266 Thread 0x000001abbece87d0 Exception <a 'java/lang/NoSuchMethodError'{0x000000062009b5b8}: 'void java.lang.invoke.DirectMethodHandle$Holder.invokeSpecial(java.lang.Object, java.lang.Object, java.lang.Object)'> (0x000000062009b5b8) 
thrown [s\open\src\hotspot\share\interpreter\linkResolver.cpp, line 773]
Event: 0.281 Thread 0x000001abbece87d0 Exception <a 'java/lang/NoSuchMethodError'{0x00000006201eee88}: 'java.lang.Object java.lang.invoke.DirectMethodHandle$Holder.invokeInterface(java.lang.Object, java.lang.Object)'> (0x00000006201eee88) 
thrown [s\open\src\hotspot\share\interpreter\linkResolver.cpp, line 773]
Event: 0.289 Thread 0x000001abbece87d0 Exception <a 'java/lang/NoSuchMethodError'{0x000000062028dde0}: 'int java.lang.invoke.DirectMethodHandle$Holder.invokeStatic(java.lang.Object, java.lang.Object, java.lang.Object, java.lang.Object)'> (0x000000062028dde0) 
thrown [s\open\src\hotspot\share\interpreter\linkResolver.cpp, line 773]
Event: 0.289 Thread 0x000001abbece87d0 Exception <a 'java/lang/NoSuchMethodError'{0x0000000620291470}: 'java.lang.Object java.lang.invoke.Invokers$Holder.invokeExact_MT(java.lang.Object, java.lang.Object, java.lang.Object, java.lang.Object, java.lang.Object, java.lang.Object)'> (0x0000000620291470) 
thrown [s\open\src\hotspot\share\interpreter\linkResolver.cpp, line 773]
Event: 0.291 Thread 0x000001abbece87d0 Exception <a 'java/lang/NoSuchMethodError'{0x000000062029fc98}: 'int java.lang.invoke.DirectMethodHandle$Holder.invokeSpecialIFC(java.lang.Object, java.lang.Object, java.lang.Object, java.lang.Object, java.lang.Object)'> (0x000000062029fc98) 
thrown [s\open\src\hotspot\share\interpreter\linkResolver.cpp, line 773]
Event: 0.312 Thread 0x000001abbece87d0 Exception <a 'java/lang/NoSuchMethodError'{0x000000061fc34090}: 'java.lang.Object java.lang.invoke.DirectMethodHandle$Holder.newInvokeSpecial(java.lang.Object, java.lang.Object, java.lang.Object, java.lang.Object, java.lang.Object)'> (0x000000061fc34090) 
thrown [s\open\src\hotspot\share\interpreter\linkResolver.cpp, line 773]
Event: 0.326 Thread 0x000001abbece87d0 Exception <a 'java/lang/NoSuchMethodError'{0x000000061fd39878}: 'int java.lang.invoke.DirectMethodHandle$Holder.invokeStaticInit(java.lang.Object, java.lang.Object)'> (0x000000061fd39878) 
thrown [s\open\src\hotspot\share\interpreter\linkResolver.cpp, line 773]
Event: 0.331 Thread 0x000001abbece87d0 Exception <a 'java/lang/NoClassDefFoundError'{0x000000061fd702a8}: javax/enterprise/inject/Typed> (0x000000061fd702a8) 
thrown [s\open\src\hotspot\share\classfile\systemDictionary.cpp, line 301]

ZGC Phase Switch (0 events):
No events

VM Operations (8 events):
Event: 0.038 Executing VM operation: HandshakeAllThreads (Deoptimize)
Event: 0.038 Executing VM operation: HandshakeAllThreads (Deoptimize) done
Event: 0.117 Executing VM operation: HandshakeAllThreads (Deoptimize)
Event: 0.117 Executing VM operation: HandshakeAllThreads (Deoptimize) done
Event: 0.122 Executing VM operation: HandshakeAllThreads (Deoptimize)
Event: 0.122 Executing VM operation: HandshakeAllThreads (Deoptimize) done
Event: 0.266 Executing VM operation: ICBufferFull
Event: 0.266 Executing VM operation: ICBufferFull done

Events (20 events):
Event: 0.023 Thread 0x000001abe121cd60 Thread added: 0x000001abe121cd60
Event: 0.023 Thread 0x000001abe121fcc0 Thread added: 0x000001abe121fcc0
Event: 0.023 Thread 0x000001abe45da320 Thread added: 0x000001abe45da320
Event: 0.023 Thread 0x000001abe12235f0 Thread added: 0x000001abe12235f0
Event: 0.023 Thread 0x000001abe1224680 Thread added: 0x000001abe1224680
Event: 0.023 Thread 0x000001abe12253b0 Thread added: 0x000001abe12253b0
Event: 0.023 Thread 0x000001abe12265c0 Thread added: 0x000001abe12265c0
Event: 0.023 Thread 0x000001abe45e2fe0 Thread added: 0x000001abe45e2fe0
Event: 0.035 Thread 0x000001abe11eed80 Thread added: 0x000001abe11eed80
Event: 0.038 Thread 0x000001abe46e66a0 Thread added: 0x000001abe46e66a0
Event: 0.038 Thread 0x000001abe46e4490 Thread added: 0x000001abe46e4490
Event: 0.039 Thread 0x000001abe46e5230 Thread added: 0x000001abe46e5230
Event: 0.042 Thread 0x000001abe46e3dc0 Thread added: 0x000001abe46e3dc0
Event: 0.060 Thread 0x000001abe489f420 Thread added: 0x000001abe489f420
Event: 0.060 Thread 0x000001abe48a3500 Thread added: 0x000001abe48a3500
Event: 0.119 Thread 0x000001ac2a1286c0 Thread added: 0x000001ac2a1286c0
Event: 0.126 Thread 0x000001ac2a1286c0 Thread exited: 0x000001ac2a1286c0
Event: 0.335 Thread 0x000001abe46e3020 Thread added: 0x000001abe46e3020
Event: 0.337 Thread 0x000001abe46e5fd0 Thread added: 0x000001abe46e5fd0
Event: 0.337 Thread 0x000001abe46e4b60 Thread added: 0x000001abe46e4b60


Dynamic libraries:
0x00007ff7d7dc0000 - 0x00007ff7d7dd0000 	C:\Program Files\Java\jdk-21\bin\java.exe
0x00007ff9e3b20000 - 0x00007ff9e3d83000 	C:\WINDOWS\SYSTEM32\ntdll.dll
0x00007ff9e2af0000 - 0x00007ff9e2bb8000 	C:\WINDOWS\System32\KERNEL32.DLL
0x00007ff9e1400000 - 0x00007ff9e17b2000 	C:\WINDOWS\System32\KERNELBASE.dll
0x00007ff9e12b0000 - 0x00007ff9e13fb000 	C:\WINDOWS\System32\ucrtbase.dll
0x00007ff9cd9b0000 - 0x00007ff9cd9c9000 	C:\Program Files\Java\jdk-21\bin\jli.dll
0x00007ff9cd800000 - 0x00007ff9cd81b000 	C:\Program Files\Java\jdk-21\bin\VCRUNTIME140.dll
0x00007ff9e32e0000 - 0x00007ff9e3394000 	C:\WINDOWS\System32\ADVAPI32.dll
0x00007ff9e3110000 - 0x00007ff9e31b9000 	C:\WINDOWS\System32\msvcrt.dll
0x00007ff9e23b0000 - 0x00007ff9e2456000 	C:\WINDOWS\System32\sechost.dll
0x00007ff9e31c0000 - 0x00007ff9e32d6000 	C:\WINDOWS\System32\RPCRT4.dll
0x00007ff9e2160000 - 0x00007ff9e2328000 	C:\WINDOWS\System32\USER32.dll
0x00007ff9e1040000 - 0x00007ff9e1067000 	C:\WINDOWS\System32\win32u.dll
0x00007ff9c8d80000 - 0x00007ff9c9010000 	C:\WINDOWS\WinSxS\amd64_microsoft.windows.common-controls_6595b64144ccf1df_6.0.26100.2454_none_3e0b68a2e331ad60\COMCTL32.dll
0x00007ff9e2120000 - 0x00007ff9e214a000 	C:\WINDOWS\System32\GDI32.dll
0x00007ff9e17c0000 - 0x00007ff9e18eb000 	C:\WINDOWS\System32\gdi32full.dll
0x00007ff9e0ef0000 - 0x00007ff9e0f93000 	C:\WINDOWS\System32\msvcp_win.dll
0x00007ff9daf60000 - 0x00007ff9daf6b000 	C:\WINDOWS\SYSTEM32\VERSION.dll
0x00007ff9e27c0000 - 0x00007ff9e27ef000 	C:\WINDOWS\System32\IMM32.DLL
0x00007ff9db0d0000 - 0x00007ff9db0dc000 	C:\Program Files\Java\jdk-21\bin\vcruntime140_1.dll
0x00007ff9ccd30000 - 0x00007ff9ccdbe000 	C:\Program Files\Java\jdk-21\bin\msvcp140.dll
0x00007ff9548a0000 - 0x00007ff9555b8000 	C:\Program Files\Java\jdk-21\bin\server\jvm.dll
0x00007ff9e2330000 - 0x00007ff9e23a4000 	C:\WINDOWS\System32\WS2_32.dll
0x00007ff9e03b0000 - 0x00007ff9e03fe000 	C:\WINDOWS\SYSTEM32\POWRPROF.dll
0x00007ff9d4ae0000 - 0x00007ff9d4b16000 	C:\WINDOWS\SYSTEM32\WINMM.dll
0x00007ff9e0360000 - 0x00007ff9e0374000 	C:\WINDOWS\SYSTEM32\UMPDC.dll
0x00007ff9dfd30000 - 0x00007ff9dfd4a000 	C:\WINDOWS\SYSTEM32\kernel.appcore.dll
0x00007ff9dafe0000 - 0x00007ff9dafea000 	C:\Program Files\Java\jdk-21\bin\jimage.dll
0x00007ff9d2cd0000 - 0x00007ff9d2f11000 	C:\WINDOWS\SYSTEM32\DBGHELP.DLL
0x00007ff9e1ae0000 - 0x00007ff9e1e5e000 	C:\WINDOWS\System32\combase.dll
0x00007ff9e2040000 - 0x00007ff9e2116000 	C:\WINDOWS\System32\OLEAUT32.dll
0x00007ff9a7540000 - 0x00007ff9a7579000 	C:\WINDOWS\SYSTEM32\dbgcore.DLL
0x00007ff9e0fa0000 - 0x00007ff9e1039000 	C:\WINDOWS\System32\bcryptPrimitives.dll
0x00007ff9cd990000 - 0x00007ff9cd99f000 	C:\Program Files\Java\jdk-21\bin\instrument.dll
0x00007ff9ccf00000 - 0x00007ff9ccf1f000 	C:\Program Files\Java\jdk-21\bin\java.dll
0x00007ff9e33a0000 - 0x00007ff9e3aa1000 	C:\WINDOWS\System32\SHELL32.dll
0x00007ff9dec40000 - 0x00007ff9df471000 	C:\WINDOWS\SYSTEM32\windows.storage.dll
0x00007ff9e2460000 - 0x00007ff9e253a000 	C:\WINDOWS\System32\SHCORE.dll
0x00007ff9e2a90000 - 0x00007ff9e2aed000 	C:\WINDOWS\System32\shlwapi.dll
0x00007ff9e0e00000 - 0x00007ff9e0e2e000 	C:\WINDOWS\SYSTEM32\profapi.dll
0x00007ff99f600000 - 0x00007ff99f6d7000 	C:\Program Files\Java\jdk-21\bin\jsvml.dll
0x00007ff9ccee0000 - 0x00007ff9ccef8000 	C:\Program Files\Java\jdk-21\bin\zip.dll
0x00007ff9cced0000 - 0x00007ff9ccee0000 	C:\Program Files\Java\jdk-21\bin\net.dll
0x00007ff9dd930000 - 0x00007ff9dda56000 	C:\WINDOWS\SYSTEM32\WINHTTP.dll
0x00007ff9e02a0000 - 0x00007ff9e0308000 	C:\WINDOWS\system32\mswsock.dll
0x00007ff9ca550000 - 0x00007ff9ca566000 	C:\Program Files\Java\jdk-21\bin\nio.dll
0x00007ff9c8be0000 - 0x00007ff9c8bfa000 	C:\Program Files\JetBrains\IntelliJ IDEA Community Edition 2024.3.1.1\bin\breakgen64.dll
0x00007ff9c79f0000 - 0x00007ff9c79f9000 	C:\Program Files\Java\jdk-21\bin\extnet.dll
0x00007ff9c5570000 - 0x00007ff9c5594000 	C:\Users\Darks\AppData\Local\Temp\jansi-2.4.1-3a1ae04bf69c226-jansi.dll
0x00007ff9bf8a0000 - 0x00007ff9bf8b0000 	C:\Program Files\Java\jdk-21\bin\verify.dll

dbghelp: loaded successfully - version: 4.0.5 - missing functions: none
symbol engine: initialized successfully - sym options: 0x614 - pdb path: .;C:\Program Files\Java\jdk-21\bin;C:\WINDOWS\SYSTEM32;C:\WINDOWS\WinSxS\amd64_microsoft.windows.common-controls_6595b64144ccf1df_6.0.26100.2454_none_3e0b68a2e331ad60;C:\Program Files\Java\jdk-21\bin\server;C:\Program Files\JetBrains\IntelliJ IDEA Community Edition 2024.3.1.1\bin;C:\Users\Darks\AppData\Local\Temp

VM Arguments:
jvm_args: -Dmaven.multiModuleProjectDirectory=C:\Users\Darks\IdeaProjects\LofiCoffeeCore -Djansi.passthrough=true -Dmaven.home=C:\Program Files\JetBrains\IntelliJ IDEA Community Edition 2024.3.1.1\plugins\maven\lib\maven3 -Dclassworlds.conf=C:\Program Files\JetBrains\IntelliJ IDEA Community Edition 2024.3.1.1\plugins\maven\lib\maven3\bin\m2.conf -Dmaven.ext.class.path=C:\Program Files\JetBrains\IntelliJ IDEA Community Edition 2024.3.1.1\plugins\maven\lib\maven-event-listener.jar -javaagent:C:\Program Files\JetBrains\IntelliJ IDEA Community Edition 2024.3.1.1\lib\idea_rt.jar=61784:C:\Program Files\JetBrains\IntelliJ IDEA Community Edition 2024.3.1.1\bin -Dfile.encoding=UTF-8 -Dsun.stdout.encoding=UTF-8 -Dsun.stderr.encoding=UTF-8 
java_command: org.codehaus.classworlds.Launcher -Didea.version=2024.3.1.1 install
java_class_path (initial): C:\Program Files\JetBrains\IntelliJ IDEA Community Edition 2024.3.1.1\plugins\maven\lib\maven3\boot\plexus-classworlds-2.8.0.jar;C:\Program Files\JetBrains\IntelliJ IDEA Community Edition 2024.3.1.1\plugins\maven\lib\maven3\boot\plexus-classworlds.license
Launcher Type: SUN_STANDARD

[Global flags]
     intx CICompilerCount                          = 12                                        {product} {ergonomic}
     uint ConcGCThreads                            = 5                                         {product} {ergonomic}
     uint G1ConcRefinementThreads                  = 18                                        {product} {ergonomic}
   size_t G1HeapRegionSize                         = 4194304                                   {product} {ergonomic}
    uintx GCDrainStackTargetSize                   = 64                                        {product} {ergonomic}
   size_t InitialHeapSize                          = 536870912                                 {product} {ergonomic}
   size_t MarkStackSize                            = 4194304                                   {product} {ergonomic}
   size_t MaxHeapSize                              = 8568963072                                {product} {ergonomic}
   size_t MaxNewSize                               = 5138022400                                {product} {ergonomic}
   size_t MinHeapDeltaBytes                        = 4194304                                   {product} {ergonomic}
   size_t MinHeapSize                              = 8388608                                   {product} {ergonomic}
    uintx NonNMethodCodeHeapSize                   = 7602480                                {pd product} {ergonomic}
    uintx NonProfiledCodeHeapSize                  = 122027880                              {pd product} {ergonomic}
    uintx ProfiledCodeHeapSize                     = 122027880                              {pd product} {ergonomic}
    uintx ReservedCodeCacheSize                    = 251658240                              {pd product} {ergonomic}
     bool SegmentedCodeCache                       = true                                      {product} {ergonomic}
   size_t SoftMaxHeapSize                          = 8568963072                             {manageable} {ergonomic}
     bool UseCompressedOops                        = true                           {product lp64_product} {ergonomic}
     bool UseG1GC                                  = true                                      {product} {ergonomic}
     bool UseLargePagesIndividualAllocation        = false                                  {pd product} {ergonomic}

Logging:
Log output configuration:
 #0: stdout all=warning uptime,level,tags foldmultilines=false
 #1: stderr all=off uptime,level,tags foldmultilines=false

Environment Variables:
PATH=C:\Program Files\Common Files\Oracle\Java\javapath;C:\Program Files (x86)\Common Files\Oracle\Java\java8path;C:\Program Files (x86)\Common Files\Oracle\Java\javapath;C:\WINDOWS\system32;C:\WINDOWS;C:\WINDOWS\System32\Wbem;C:\WINDOWS\System32\WindowsPowerShell\v1.0\;C:\WINDOWS\System32\OpenSSH\;C:\Program Files\dotnet\;C:\Program Files (x86)\NVIDIA Corporation\PhysX\Common;C:\Program Files\Git\cmd;C:\Users\Darks\AppData\Local\Microsoft\WindowsApps;C:\Users\Darks\AppData\Local\Programs\Microsoft VS Code\bin;C:\Users\Darks\.dotnet\tools;C:\Users\Darks\AppData\Local\GitHubDesktop\bin
USERNAME=Darks
OS=Windows_NT
PROCESSOR_IDENTIFIER=AMD64 Family 25 Model 33 Stepping 0, AuthenticAMD
TMP=C:\Users\Darks\AppData\Local\Temp
TEMP=C:\Users\Darks\AppData\Local\Temp




Periodic native trim disabled

---------------  S Y S T E M  ---------------

OS:
 Windows 11 , 64 bit Build 26100 (10.0.26100.2454)
OS uptime: 0 days 17:58 hours

CPU: total 24 (initial active 24) (24 cores per cpu, 2 threads per core) family 25 model 33 stepping 0 microcode 0xa201016, cx8, cmov, fxsr, ht, mmx, 3dnowpref, sse, sse2, sse3, ssse3, sse4a, sse4.1, sse4.2, popcnt, lzcnt, tsc, tscinvbit, avx, avx2, aes, erms, clmul, bmi1, bmi2, adx, sha, fma, vzeroupper, clflush, clflushopt, rdtscp, rdpid, fsrm, f16c, pku, cet_ss
Processor Information for all 24 processors :
  Max Mhz: 3701, Current Mhz: 3701, Mhz Limit: 3701

Memory: 4k page, system-wide physical 32676M (18502M free)
TotalPageFile size 35748M (AvailPageFile size 16940M)
current process WorkingSet (physical memory assigned to process): 97M, peak: 97M
current process commit charge ("private bytes"): 654M, peak: 654M

vm_info: Java HotSpot(TM) 64-Bit Server VM (21.0.5+9-LTS-239) for windows-amd64 JRE (21.0.5+9-LTS-239), built on 2024-09-30T05:17:38Z by "mach5one" with MS VC++ 17.6 (VS2022)

END.
