#
# A fatal error has been detected by the Java Runtime Environment:
#
#  EXCEPTION_ACCESS_VIOLATION (0xc0000005) at pc=0x00007ff954849b00, pid=21672, tid=8060
#
# JRE version: Java(TM) SE Runtime Environment (21.0.5+9) (build 21.0.5+9-LTS-239)
# Java VM: Java HotSpot(TM) 64-Bit Server VM (21.0.5+9-LTS-239, mixed mode, sharing, tiered, compressed oops, compressed class ptrs, g1 gc, windows-amd64)
# Problematic frame:
# V  [jvm.dll+0x3b9b00]
#
# No core dump will be written. Minidumps are not enabled by default on client versions of Windows
#
# If you would like to submit a bug report, please visit:
#   https://bugreport.java.com/bugreport/crash.jsp
#

---------------  S U M M A R Y ------------

Command Line: -Dmaven.multiModuleProjectDirectory=C:\Users\Darks\IdeaProjects\LofiCoffeeCore -Djansi.passthrough=true -Dmaven.home=C:\Program Files\JetBrains\IntelliJ IDEA Community Edition 2024.3.1.1\plugins\maven\lib\maven3 -Dclassworlds.conf=C:\Program Files\JetBrains\IntelliJ IDEA Community Edition 2024.3.1.1\plugins\maven\lib\maven3\bin\m2.conf -Dmaven.ext.class.path=C:\Program Files\JetBrains\IntelliJ IDEA Community Edition 2024.3.1.1\plugins\maven\lib\maven-event-listener.jar -javaagent:C:\Program Files\JetBrains\IntelliJ IDEA Community Edition 2024.3.1.1\lib\idea_rt.jar=61769:C:\Program Files\JetBrains\IntelliJ IDEA Community Edition 2024.3.1.1\bin -Dfile.encoding=UTF-8 -Dsun.stdout.encoding=UTF-8 -Dsun.stderr.encoding=UTF-8 org.codehaus.classworlds.Launcher -Didea.version=2024.3.1.1 install

Host: AMD Ryzen 9 5900X 12-Core Processor            , 24 cores, 31G,  Windows 11 , 64 bit Build 26100 (10.0.26100.2454)
Time: Sun Jan 19 09:47:03 2025 Pacific Standard Time elapsed time: 5.600872 seconds (0d 0h 0m 5s)

---------------  T H R E A D  ---------------

Current thread (0x000001e5d0286910):  JavaThread "C2 CompilerThread5" daemon [_thread_in_native, id=8060, stack(0x00000068a3900000,0x00000068a3a00000) (1024K)]


Current CompileTask:
C2:   5600 10170       4       org.vafer.jdeb.shaded.objectweb.asm.ClassReader::readCode (5117 bytes)

Stack: [0x00000068a3900000,0x00000068a3a00000],  sp=0x00000068a39fc940,  free space=1010k
Native frames: (J=compiled Java code, j=interpreted, Vv=VM code, C=native code)
V  [jvm.dll+0x3b9b00]
V  [jvm.dll+0x3b3261]
V  [jvm.dll+0x1df847]
V  [jvm.dll+0x246a62]
V  [jvm.dll+0x245eef]
V  [jvm.dll+0x1c6d0e]
V  [jvm.dll+0x2554d9]
V  [jvm.dll+0x253a6a]
V  [jvm.dll+0x3ee136]
V  [jvm.dll+0x7fee9b]
V  [jvm.dll+0x6c896d]
C  [ucrtbase.dll+0x14ea0]
C  [KERNEL32.DLL+0x2e8d7]
C  [ntdll.dll+0xdfbcc]


siginfo: EXCEPTION_ACCESS_VIOLATION (0xc0000005), reading address 0x00007fd9550b3f90


Registers:
RAX=0x0000000000000000, RBX=0x0000000000000008, RCX=0x0000000000000000, RDX=0x00007fd9550b3f90
RSP=0x00000068a39fc940, RBP=0x00007ff9550b3f90, RSI=0x00000000000015de, RDI=0x00000068a39fc990
R8 =0x000001e5e0225b10, R9 =0x000001e606f363c0, R10=0x000001e606eba8b8, R11=0x00000068a39fc780
R12=0x0000000000000000, R13=0x0000000000000001, R14=0x000000000000001e, R15=0x00007ff9550b3f90
RIP=0x00007ff954849b00, EFLAGS=0x0000000000010246


Register to memory mapping:

RAX=0x0 is null
RBX=0x0000000000000008 is an unknown value
RCX=0x0 is null
RDX=0x00007fd9550b3f90 is an unknown value
RSP=0x00000068a39fc940 is pointing into the stack for thread: 0x000001e5d0286910
RBP=0x00007ff9550b3f90 jvm.dll
RSI=0x00000000000015de is an unknown value
RDI=0x00000068a39fc990 is pointing into the stack for thread: 0x000001e5d0286910
R8 =0x000001e5e0225b10 points into unknown readable memory: 0x0000001600000013 | 13 00 00 00 16 00 00 00
R9 =0x000001e606f363c0 points into unknown readable memory: 0x0000000000000000 | 00 00 00 00 00 00 00 00
R10=0x000001e606eba8b8 points into unknown readable memory: 0x0000000001480001 | 01 00 48 01 00 00 00 00
R11=0x00000068a39fc780 is pointing into the stack for thread: 0x000001e5d0286910
R12=0x0 is null
R13=0x0000000000000001 is an unknown value
R14=0x000000000000001e is an unknown value
R15=0x00007ff9550b3f90 jvm.dll

Top of Stack: (sp=0x00000068a39fc940)
0x00000068a39fc940:   000001e60696fd90 000001e5d01e3400
0x00000068a39fc950:   000001e6023336c0 00007ff954e710e8
0x00000068a39fc960:   00000000000015de 00007ff954843261
0x00000068a39fc970:   000001e5e0225750 00000068a39fcab0
0x00000068a39fc980:   00000000000015de 000001e5d01e3430
0x00000068a39fc990:   0000000000000000 0000000400000000
0x00000068a39fc9a0:   0000001600000000 00007fd9550b3f90
0x00000068a39fc9b0:   000001e60561b600 000001e5e0225b10
0x00000068a39fc9c0:   000001e5d52a0e40 0000000000000000
0x00000068a39fc9d0:   00000068a39fcae0 00007ff95466f847
0x00000068a39fc9e0:   00000068a39fce50 000001e5d52a1218
0x00000068a39fc9f0:   00000068a39fcf30 000001e5d52a0e30
0x00000068a39fca00:   000001e5fed7ae00 0000000000000070
0x00000068a39fca10:   00007ff9e13e8807 000001e5d52a0e30
0x00000068a39fca20:   000001e6091c7430 000001e6091cc0c0
0x00000068a39fca30:   000001e6091cf418 0000000000e40d30
0x00000068a39fca40:   000001e5d52a0e40 00007ff9e12d7f19
0x00000068a39fca50:   0000000000000000 0000000000000000
0x00000068a39fca60:   000000000000000e 3f9fc56e00000000
0x00000068a39fca70:   0000000000009408 00007ff954e3a630
0x00000068a39fca80:   0000000000000000 00000068a39fe330
0x00000068a39fca90:   0000000000000000 00007ff954e3a630
0x00000068a39fcaa0:   000001e5d01e3400 00007ff954554bfe
0x00000068a39fcab0:   000000000000000c 00000068a39fe330
0x00000068a39fcac0:   000001e5e014b050 000001e5d01e3400
0x00000068a39fcad0:   000001e5e1e6f050 000001e50000353c
0x00000068a39fcae0:   00000068a39fca10 000001e5d52a0e40
0x00000068a39fcaf0:   00007ff954e3a600 000000000000000d
0x00000068a39fcb00:   00000068a39fe330 00000068a39fce50
0x00000068a39fcb10:   000001e500003563 000001e5d01e3430
0x00000068a39fcb20:   000000000000000a 00000068a39fe330
0x00000068a39fcb30:   000001e6067162d0 0000000000000000 

Instructions: (pc=0x00007ff954849b00)
0x00007ff954849a00:   48 8b 8e d8 08 00 00 48 85 c9 75 0c e8 2f 09 00
0x00007ff954849a10:   00 48 8b 8e d8 08 00 00 48 8b 01 0f 57 c0 48 89
0x00007ff954849a20:   86 d8 08 00 00 0f 11 01 0f 11 41 10 0f 10 45 00
0x00007ff954849a30:   0f 11 01 0f 10 4d 10 0f 11 49 10 48 8b 43 08 49
0x00007ff954849a40:   89 0c 06 48 8d 0d 46 a5 86 00 ff c7 ba 70 00 00
0x00007ff954849a50:   00 3b bb 90 00 00 00 0f 82 63 ff ff ff 4c 8b 74
0x00007ff954849a60:   24 60 4c 8b 64 24 58 48 8b 6c 24 50 48 8b c3 48
0x00007ff954849a70:   83 c4 20 41 5f 41 5d 5f 5e 5b c3 cc cc cc cc cc
0x00007ff954849a80:   48 89 74 24 18 57 48 83 ec 20 8b 51 0c 48 8b f9
0x00007ff954849a90:   83 fa 04 73 29 48 8b 49 18 0f 1f 80 00 00 00 00
0x00007ff954849aa0:   8b c2 44 8d 4a 01 48 83 3c c1 00 4c 8d 14 c1 0f
0x00007ff954849ab0:   85 91 00 00 00 41 8b d1 41 83 f9 04 72 e2 48 89
0x00007ff954849ac0:   5c 24 30 8b 5f 10 48 89 6c 24 38 3b 5f 14 73 5f
0x00007ff954849ad0:   48 8d 2d b9 a4 86 00 66 0f 1f 84 00 00 00 00 00
0x00007ff954849ae0:   48 8b 47 20 8b cb 48 8b 14 c8 48 3b d5 74 39 33
0x00007ff954849af0:   c0 48 89 57 18 33 c9 66 0f 1f 84 00 00 00 00 00
0x00007ff954849b00:   48 83 3c 11 00 44 8d 48 01 75 78 48 83 c1 08 41
0x00007ff954849b10:   8b c1 41 83 f9 04 72 e8 48 8b 4f 28 48 85 c9 74
0x00007ff954849b20:   07 8b d3 e8 58 01 00 00 ff c3 3b 5f 14 72 b1 33
0x00007ff954849b30:   c0 48 8b 5c 24 30 48 8b 6c 24 38 48 8b 74 24 40
0x00007ff954849b40:   48 83 c4 20 5f c3 8b 47 10 48 8b 74 24 40 44 8d
0x00007ff954849b50:   04 82 41 c1 e0 06 41 81 c0 00 ff ff ff 44 89 47
0x00007ff954849b60:   08 49 8b 12 48 0f bc c2 44 89 4f 0c 8b c8 48 d3
0x00007ff954849b70:   ea 48 ff ca 41 03 c0 48 89 17 89 47 08 48 83 c4
0x00007ff954849b80:   20 5f c3 8b c8 44 8d 04 98 41 c1 e0 06 8d 43 01
0x00007ff954849b90:   44 89 47 08 48 8b 14 ca 89 47 10 48 0f bc c2 44
0x00007ff954849ba0:   89 4f 0c 8b c8 48 d3 ea 48 ff ca 41 03 c0 48 89
0x00007ff954849bb0:   17 89 47 08 e9 78 ff ff ff cc cc cc cc cc cc cc
0x00007ff954849bc0:   40 53 48 83 ec 20 65 48 8b 04 25 58 00 00 00 8b
0x00007ff954849bd0:   0d d3 1f 8b 00 48 8b 1c c8 b8 70 00 00 00 80 3c
0x00007ff954849be0:   18 00 75 05 e8 17 96 53 00 b8 20 00 00 00 48 8b
0x00007ff954849bf0:   04 18 48 8b 88 60 06 00 00 48 8b 99 80 00 00 00 


Stack slot to memory mapping:

stack at sp + 0 slots: 0x000001e60696fd90 points into unknown readable memory: 0x00007ff9550b3f90 | 90 3f 0b 55 f9 7f 00 00
stack at sp + 1 slots: 0x000001e5d01e3400 points into unknown readable memory: 0x000001e5d02299c0 | c0 99 22 d0 e5 01 00 00
stack at sp + 2 slots: 0x000001e6023336c0 points into unknown readable memory: 0x0000000000000000 | 00 00 00 00 00 00 00 00
stack at sp + 3 slots: 0x00007ff954e710e8 jvm.dll
stack at sp + 4 slots: 0x00000000000015de is an unknown value
stack at sp + 5 slots: 0x00007ff954843261 jvm.dll
stack at sp + 6 slots: 0x000001e5e0225750 points into unknown readable memory: 0x000000160000003f | 3f 00 00 00 16 00 00 00
stack at sp + 7 slots: 0x00000068a39fcab0 is pointing into the stack for thread: 0x000001e5d0286910


---------------  P R O C E S S  ---------------

Threads class SMR info:
_java_thread_list=0x000001e5d3639950, length=23, elements={
0x000001e5e484c8a0, 0x000001e5feda05b0, 0x000001e5feda1b70, 0x000001e5feda3850,
0x000001e5feda4520, 0x000001e5feda4f70, 0x000001e5feda70a0, 0x000001e5feda8bf0,
0x000001e58a14b670, 0x000001e5fed6fbf0, 0x000001e58a2570b0, 0x000001e58a257910,
0x000001e58a2e89d0, 0x000001e58a33ab10, 0x000001e58a33b170, 0x000001e58a947230,
0x000001e58ac61a40, 0x000001e5d02854a0, 0x000001e5d0286240, 0x000001e5d0286910,
0x000001e5d1854be0, 0x000001e5d02876b0, 0x000001e5d0284030
}

Java Threads: ( => current thread )
  0x000001e5e484c8a0 JavaThread "main"                              [_thread_in_vm, id=12520, stack(0x00000068a1f00000,0x00000068a2000000) (1024K)]
  0x000001e5feda05b0 JavaThread "Reference Handler"          daemon [_thread_blocked, id=5764, stack(0x00000068a2700000,0x00000068a2800000) (1024K)]
  0x000001e5feda1b70 JavaThread "Finalizer"                  daemon [_thread_blocked, id=24308, stack(0x00000068a2800000,0x00000068a2900000) (1024K)]
  0x000001e5feda3850 JavaThread "Signal Dispatcher"          daemon [_thread_blocked, id=6360, stack(0x00000068a2900000,0x00000068a2a00000) (1024K)]
  0x000001e5feda4520 JavaThread "Attach Listener"            daemon [_thread_blocked, id=17120, stack(0x00000068a2a00000,0x00000068a2b00000) (1024K)]
  0x000001e5feda4f70 JavaThread "Service Thread"             daemon [_thread_blocked, id=9156, stack(0x00000068a2b00000,0x00000068a2c00000) (1024K)]
  0x000001e5feda70a0 JavaThread "Monitor Deflation Thread"   daemon [_thread_blocked, id=3824, stack(0x00000068a2c00000,0x00000068a2d00000) (1024K)]
  0x000001e5feda8bf0 JavaThread "C2 CompilerThread0"         daemon [_thread_in_native, id=22000, stack(0x00000068a2d00000,0x00000068a2e00000) (1024K)]
  0x000001e58a14b670 JavaThread "C1 CompilerThread0"         daemon [_thread_blocked, id=18332, stack(0x00000068a2e00000,0x00000068a2f00000) (1024K)]
  0x000001e5fed6fbf0 JavaThread "Common-Cleaner"             daemon [_thread_blocked, id=21528, stack(0x00000068a2f00000,0x00000068a3000000) (1024K)]
  0x000001e58a2570b0 JavaThread "C1 CompilerThread1"         daemon [_thread_blocked, id=16980, stack(0x00000068a3000000,0x00000068a3100000) (1024K)]
  0x000001e58a257910 JavaThread "C1 CompilerThread2"         daemon [_thread_blocked, id=19004, stack(0x00000068a3100000,0x00000068a3200000) (1024K)]
  0x000001e58a2e89d0 JavaThread "C2 CompilerThread1"         daemon [_thread_in_native, id=21880, stack(0x00000068a3200000,0x00000068a3300000) (1024K)]
  0x000001e58a33ab10 JavaThread "Monitor Ctrl-Break"         daemon [_thread_in_native, id=24512, stack(0x00000068a3300000,0x00000068a3400000) (1024K)]
  0x000001e58a33b170 JavaThread "Notification Thread"        daemon [_thread_blocked, id=6740, stack(0x00000068a3400000,0x00000068a3500000) (1024K)]
  0x000001e58a947230 JavaThread "C1 CompilerThread3"         daemon [_thread_blocked, id=20364, stack(0x00000068a3500000,0x00000068a3600000) (1024K)]
  0x000001e58ac61a40 JavaThread "C2 CompilerThread2"         daemon [_thread_in_native, id=9608, stack(0x00000068a3600000,0x00000068a3700000) (1024K)]
  0x000001e5d02854a0 JavaThread "C2 CompilerThread3"         daemon [_thread_in_native, id=24252, stack(0x00000068a3700000,0x00000068a3800000) (1024K)]
  0x000001e5d0286240 JavaThread "C2 CompilerThread4"         daemon [_thread_in_native, id=19720, stack(0x00000068a3800000,0x00000068a3900000) (1024K)]
=>0x000001e5d0286910 JavaThread "C2 CompilerThread5"         daemon [_thread_in_native, id=8060, stack(0x00000068a3900000,0x00000068a3a00000) (1024K)]
  0x000001e5d1854be0 JavaThread "Thread-1"                   daemon [_thread_blocked, id=21236, stack(0x00000068a4700000,0x00000068a4800000) (1024K)]
  0x000001e5d02876b0 JavaThread "C2 CompilerThread6"         daemon [_thread_in_native, id=12708, stack(0x00000068a3a00000,0x00000068a3b00000) (1024K)]
  0x000001e5d0284030 JavaThread "C2 CompilerThread7"         daemon [_thread_in_native, id=22456, stack(0x00000068a5100000,0x00000068a5200000) (1024K)]
Total: 23

Other Threads:
  0x000001e5fed86ef0 VMThread "VM Thread"                           [id=21840, stack(0x00000068a2600000,0x00000068a2700000) (1024K)]
  0x000001e5fed6eac0 WatcherThread "VM Periodic Task Thread"        [id=22448, stack(0x00000068a2500000,0x00000068a2600000) (1024K)]
  0x000001e5e48b7220 WorkerThread "GC Thread#0"                     [id=20216, stack(0x00000068a2000000,0x00000068a2100000) (1024K)]
  0x000001e58ac63400 WorkerThread "GC Thread#1"                     [id=24424, stack(0x00000068a3c00000,0x00000068a3d00000) (1024K)]
  0x000001e5d0510170 WorkerThread "GC Thread#2"                     [id=14064, stack(0x00000068a3d00000,0x00000068a3e00000) (1024K)]
  0x000001e5d0c78e90 WorkerThread "GC Thread#3"                     [id=22696, stack(0x00000068a3e00000,0x00000068a3f00000) (1024K)]
  0x000001e5d0c78af0 WorkerThread "GC Thread#4"                     [id=21464, stack(0x00000068a3f00000,0x00000068a4000000) (1024K)]
  0x000001e5d0c79230 WorkerThread "GC Thread#5"                     [id=24340, stack(0x00000068a4000000,0x00000068a4100000) (1024K)]
  0x000001e5d0c79970 WorkerThread "GC Thread#6"                     [id=3420, stack(0x00000068a4100000,0x00000068a4200000) (1024K)]
  0x000001e5d0c795d0 WorkerThread "GC Thread#7"                     [id=18380, stack(0x00000068a4200000,0x00000068a4300000) (1024K)]
  0x000001e5d0c78750 WorkerThread "GC Thread#8"                     [id=4496, stack(0x00000068a4300000,0x00000068a4400000) (1024K)]
  0x000001e5d0c79d10 WorkerThread "GC Thread#9"                     [id=18516, stack(0x00000068a4400000,0x00000068a4500000) (1024K)]
  0x000001e5d0c783b0 WorkerThread "GC Thread#10"                    [id=17568, stack(0x00000068a4500000,0x00000068a4600000) (1024K)]
  0x000001e5d041e6d0 WorkerThread "GC Thread#11"                    [id=22752, stack(0x00000068a4600000,0x00000068a4700000) (1024K)]
  0x000001e5d041bb50 WorkerThread "GC Thread#12"                    [id=22584, stack(0x00000068a3b00000,0x00000068a3c00000) (1024K)]
  0x000001e5d041d4b0 WorkerThread "GC Thread#13"                    [id=21716, stack(0x00000068a4800000,0x00000068a4900000) (1024K)]
  0x000001e5d041df90 WorkerThread "GC Thread#14"                    [id=17232, stack(0x00000068a4900000,0x00000068a4a00000) (1024K)]
  0x000001e5d041d850 WorkerThread "GC Thread#15"                    [id=2624, stack(0x00000068a4a00000,0x00000068a4b00000) (1024K)]
  0x000001e5d041c290 WorkerThread "GC Thread#16"                    [id=7648, stack(0x00000068a4b00000,0x00000068a4c00000) (1024K)]
  0x000001e5d041bef0 WorkerThread "GC Thread#17"                    [id=9996, stack(0x00000068a4c00000,0x00000068a4d00000) (1024K)]
  0x000001e5e48c8060 ConcurrentGCThread "G1 Main Marker"            [id=23456, stack(0x00000068a2100000,0x00000068a2200000) (1024K)]
  0x000001e5e48ca7a0 WorkerThread "G1 Conc#0"                       [id=1404, stack(0x00000068a2200000,0x00000068a2300000) (1024K)]
  0x000001e5d041dbf0 WorkerThread "G1 Conc#1"                       [id=4792, stack(0x00000068a4d00000,0x00000068a4e00000) (1024K)]
  0x000001e5d041e330 WorkerThread "G1 Conc#2"                       [id=18596, stack(0x00000068a4e00000,0x00000068a4f00000) (1024K)]
  0x000001e5d1f109f0 WorkerThread "G1 Conc#3"                       [id=11760, stack(0x00000068a4f00000,0x00000068a5000000) (1024K)]
  0x000001e5d1f0cff0 WorkerThread "G1 Conc#4"                       [id=12192, stack(0x00000068a5000000,0x00000068a5100000) (1024K)]
  0x000001e5fecae090 ConcurrentGCThread "G1 Refine#0"               [id=20800, stack(0x00000068a2300000,0x00000068a2400000) (1024K)]
  0x000001e5fecae8b0 ConcurrentGCThread "G1 Service"                [id=20608, stack(0x00000068a2400000,0x00000068a2500000) (1024K)]
Total: 28

Threads with active compile tasks:
C2 CompilerThread0     5648 9695       4       org.codehaus.plexus.classworlds.realm.ClassRealm::loadClass (7 bytes)
C2 CompilerThread1     5648 9696   !   4       org.codehaus.plexus.classworlds.realm.ClassRealm::loadClass (33 bytes)
C2 CompilerThread2     5648 10566       4       org.objectweb.asm.Type::getDescriptor (73 bytes)
C2 CompilerThread3     5648 10696       4       org.objectweb.asm.ClassReader::readCode (5117 bytes)
C2 CompilerThread4     5648 9542   !   4       java.lang.ClassLoader::loadClass (121 bytes)
C2 CompilerThread5     5648 10170       4       org.vafer.jdeb.shaded.objectweb.asm.ClassReader::readCode (5117 bytes)
C2 CompilerThread6     5648 10626       4       org.objectweb.asm.signature.SignatureReader::parseType (411 bytes)
C2 CompilerThread7     5648 10525       4       org.apache.maven.plugins.shade.relocation.SimpleRelocator::canRelocatePath (100 bytes)
Total: 8

VM state: not at safepoint (normal execution)

VM Mutex/Monitor currently owned by a thread: None

Heap address: 0x0000000601400000, size: 8172 MB, Compressed Oops mode: Zero based, Oop shift amount: 3

CDS archive(s) mapped at: [0x000001e58b000000-0x000001e58bc90000-0x000001e58bc90000), size 13172736, SharedBaseAddress: 0x000001e58b000000, ArchiveRelocationMode: 1.
Compressed class space mapped at: 0x000001e58c000000-0x000001e5cc000000, reserved size: 1073741824
Narrow klass base: 0x000001e58b000000, Narrow klass shift: 0, Narrow klass range: 0x100000000

GC Precious Log:
 CardTable entry size: 512
 Card Set container configuration: InlinePtr #cards 4 size 8 Array Of Cards #cards 32 size 80 Howl #buckets 8 coarsen threshold 7372 Howl Bitmap #cards 1024 size 144 coarsen threshold 921 Card regions per heap region 1 cards per card region 8192
 CPUs: 24 total, 24 available
 Memory: 32676M
 Large Page Support: Disabled
 NUMA Support: Disabled
 Compressed Oops: Enabled (Zero based)
 Heap Region Size: 4M
 Heap Min Capacity: 8M
 Heap Initial Capacity: 512M
 Heap Max Capacity: 8172M
 Pre-touch: Disabled
 Parallel Workers: 18
 Concurrent Workers: 5
 Concurrent Refinement Workers: 18
 Periodic GC: Disabled

Heap:
 garbage-first heap   total 81920K, used 18686K [0x0000000601400000, 0x0000000800000000)
  region size 4096K, 1 young (4096K), 0 survivors (0K)
 Metaspace       used 37143K, committed 38336K, reserved 1114112K
  class space    used 4035K, committed 4480K, reserved 1048576K

Heap Regions: E=young(eden), S=young(survivor), O=old, HS=humongous(starts), HC=humongous(continues), CS=collection set, F=free, TAMS=top-at-mark-start, PB=parsable bottom
|   0|0x0000000601400000, 0x00000006017ffff8, 0x0000000601800000| 99%| O|  |TAMS 0x0000000601400000| PB 0x0000000601400000| Untracked 
|   1|0x0000000601800000, 0x0000000601bdac68, 0x0000000601c00000| 96%| O|  |TAMS 0x0000000601800000| PB 0x0000000601800000| Untracked 
|   2|0x0000000601c00000, 0x0000000601fffff0, 0x0000000602000000| 99%| O|  |TAMS 0x0000000601c00000| PB 0x0000000601c00000| Untracked 
|   3|0x0000000602000000, 0x0000000602400000, 0x0000000602400000|100%| O|  |TAMS 0x0000000602000000| PB 0x0000000602000000| Untracked 
|   4|0x0000000602400000, 0x00000006026513a8, 0x0000000602800000| 57%| O|  |TAMS 0x0000000602400000| PB 0x0000000602400000| Untracked 
|   5|0x0000000602800000, 0x0000000602813a68, 0x0000000602c00000|  1%| O|  |TAMS 0x0000000602800000| PB 0x0000000602800000| Untracked 
|   6|0x0000000602c00000, 0x0000000602c00000, 0x0000000603000000|  0%| F|  |TAMS 0x0000000602c00000| PB 0x0000000602c00000| Untracked 
|   7|0x0000000603000000, 0x0000000603000000, 0x0000000603400000|  0%| F|  |TAMS 0x0000000603000000| PB 0x0000000603000000| Untracked 
|   8|0x0000000603400000, 0x0000000603400000, 0x0000000603800000|  0%| F|  |TAMS 0x0000000603400000| PB 0x0000000603400000| Untracked 
|   9|0x0000000603800000, 0x0000000603800000, 0x0000000603c00000|  0%| F|  |TAMS 0x0000000603800000| PB 0x0000000603800000| Untracked 
|  10|0x0000000603c00000, 0x0000000603c00000, 0x0000000604000000|  0%| F|  |TAMS 0x0000000603c00000| PB 0x0000000603c00000| Untracked 
|  11|0x0000000604000000, 0x0000000604000000, 0x0000000604400000|  0%| F|  |TAMS 0x0000000604000000| PB 0x0000000604000000| Untracked 
|  12|0x0000000604400000, 0x0000000604400000, 0x0000000604800000|  0%| F|  |TAMS 0x0000000604400000| PB 0x0000000604400000| Untracked 
|  13|0x0000000604800000, 0x0000000604800000, 0x0000000604c00000|  0%| F|  |TAMS 0x0000000604800000| PB 0x0000000604800000| Untracked 
|  14|0x0000000604c00000, 0x0000000604c00000, 0x0000000605000000|  0%| F|  |TAMS 0x0000000604c00000| PB 0x0000000604c00000| Untracked 
|  15|0x0000000605000000, 0x0000000605000000, 0x0000000605400000|  0%| F|  |TAMS 0x0000000605000000| PB 0x0000000605000000| Untracked 
|  16|0x0000000605400000, 0x0000000605400000, 0x0000000605800000|  0%| F|  |TAMS 0x0000000605400000| PB 0x0000000605400000| Untracked 
|  17|0x0000000605800000, 0x0000000605800000, 0x0000000605c00000|  0%| F|  |TAMS 0x0000000605800000| PB 0x0000000605800000| Untracked 
|  18|0x0000000605c00000, 0x0000000605c00000, 0x0000000606000000|  0%| F|  |TAMS 0x0000000605c00000| PB 0x0000000605c00000| Untracked 
|  19|0x0000000606000000, 0x0000000606283b50, 0x0000000606400000| 62%| E|  |TAMS 0x0000000606000000| PB 0x0000000606000000| Complete 

Card table byte_map: [0x000001e5fdaa0000,0x000001e5feaa0000] _byte_map_base: 0x000001e5faa96000

Marking Bits: (CMBitMap*) 0x000001e5e48b7830
 Bits: [0x000001e580000000, 0x000001e587fb0000)

Polling page: 0x000001e5e2770000

Metaspace:

Usage:
  Non-class:     32.33 MB used.
      Class:      3.94 MB used.
       Both:     36.27 MB used.

Virtual space:
  Non-class space:       64.00 MB reserved,      33.06 MB ( 52%) committed,  1 nodes.
      Class space:        1.00 GB reserved,       4.38 MB ( <1%) committed,  1 nodes.
             Both:        1.06 GB reserved,      37.44 MB (  3%) committed. 

Chunk freelists:
   Non-Class:  15.30 MB
       Class:  11.62 MB
        Both:  26.92 MB

MaxMetaspaceSize: unlimited
CompressedClassSpaceSize: 1.00 GB
Initial GC threshold: 21.00 MB
Current GC threshold: 62.44 MB
CDS: on
 - commit_granule_bytes: 65536.
 - commit_granule_words: 8192.
 - virtual_space_node_default_size: 8388608.
 - enlarge_chunks_in_place: 1.
 - use_allocation_guard: 0.


Internal statistics:

num_allocs_failed_limit: 6.
num_arena_births: 608.
num_arena_deaths: 4.
num_vsnodes_births: 2.
num_vsnodes_deaths: 0.
num_space_committed: 622.
num_space_uncommitted: 14.
num_chunks_returned_to_freelist: 112.
num_chunks_taken_from_freelist: 2079.
num_chunk_merges: 33.
num_chunk_splits: 1452.
num_chunks_enlarged: 1097.
num_inconsistent_stats: 0.

CodeHeap 'non-profiled nmethods': size=119168Kb used=4847Kb max_used=6326Kb free=114320Kb
 bounds [0x000001e5f4870000, 0x000001e5f4ea0000, 0x000001e5fbcd0000]
CodeHeap 'profiled nmethods': size=119104Kb used=20071Kb max_used=23956Kb free=99032Kb
 bounds [0x000001e5eccd0000, 0x000001e5ee440000, 0x000001e5f4120000]
CodeHeap 'non-nmethods': size=7488Kb used=3213Kb max_used=3293Kb free=4274Kb
 bounds [0x000001e5f4120000, 0x000001e5f4470000, 0x000001e5f4870000]
 total_blobs=9346 nmethods=8750 adapters=496
 compilation: enabled
              stopped_count=0, restarted_count=0
 full_count=0

Compilation events (20 events):
Event: 5.436 Thread 0x000001e58a947230 10705       2       java.util.Vector$Itr::hasNext (20 bytes)
Event: 5.436 Thread 0x000001e58a257910 10706   !   2       java.util.Vector$Itr::next (63 bytes)
Event: 5.436 Thread 0x000001e58a14b670 10707       2       java.util.Vector$Itr::checkForComodification (23 bytes)
Event: 5.436 Thread 0x000001e58a2570b0 10708       2       java.util.zip.ZipOutputStream::writeCEN (749 bytes)
Event: 5.437 Thread 0x000001e58a947230 nmethod 10705 0x000001e5ee433e90 code [0x000001e5ee434020, 0x000001e5ee434148]
Event: 5.437 Thread 0x000001e58a14b670 nmethod 10707 0x000001e5ee434210 code [0x000001e5ee4343c0, 0x000001e5ee4345a8]
Event: 5.437 Thread 0x000001e58a947230 10709       2       java.util.zip.ZipOutputStream::versionMadeBy (21 bytes)
Event: 5.437 Thread 0x000001e58a257910 nmethod 10706 0x000001e5ee434690 code [0x000001e5ee434880, 0x000001e5ee434c90]
Event: 5.437 Thread 0x000001e58a947230 nmethod 10709 0x000001e5ee435090 code [0x000001e5ee435220, 0x000001e5ee435348]
Event: 5.479 Thread 0x000001e58a2570b0 nmethod 10708 0x000001e5edddaa90 code [0x000001e5edddae80, 0x000001e5edddbbd0]
Event: 5.525 Thread 0x000001e58a947230 10713       2       jdk.internal.org.objectweb.asm.AnnotationWriter::putAnnotations (110 bytes)
Event: 5.525 Thread 0x000001e58a947230 nmethod 10713 0x000001e5ece81710 code [0x000001e5ece81900, 0x000001e5ece81c38]
Event: 5.525 Thread 0x000001e58a947230 10714       2       sun.invoke.util.VerifyType::isNullConversion (157 bytes)
Event: 5.526 Thread 0x000001e58a14b670 10715       2       java.lang.invoke.LambdaFormBuffer::insertName (106 bytes)
Event: 5.526 Thread 0x000001e5d0284030 nmethod 10528 0x000001e5f4e4c910 code [0x000001e5f4e4cf00, 0x000001e5f4e51c30]
Event: 5.526 Thread 0x000001e58a14b670 nmethod 10715 0x000001e5eccd5c90 code [0x000001e5eccd5e40, 0x000001e5eccd5fe0]
Event: 5.526 Thread 0x000001e58a257910 10716       2       jdk.internal.org.objectweb.asm.AnnotationWriter::computeAnnotationsSize (42 bytes)
Event: 5.526 Thread 0x000001e58a947230 nmethod 10714 0x000001e5ecdd8710 code [0x000001e5ecdd8940, 0x000001e5ecdd8fc0]
Event: 5.526 Thread 0x000001e58a257910 nmethod 10716 0x000001e5ecd71f90 code [0x000001e5ecd72140, 0x000001e5ecd72300]
Event: 5.528 Thread 0x000001e5d0284030 10512       4       org.objectweb.asm.commons.Remapper::mapType (123 bytes)

GC Heap History (20 events):
Event: 2.646 GC heap after
{Heap after GC invocations=5 (full 0):
 garbage-first heap   total 94208K, used 27376K [0x0000000601400000, 0x0000000800000000)
  region size 4096K, 6 young (24576K), 6 survivors (24576K)
 Metaspace       used 27230K, committed 27520K, reserved 1114112K
  class space    used 3042K, committed 3136K, reserved 1048576K
}
Event: 2.795 GC heap before
{Heap before GC invocations=5 (full 0):
 garbage-first heap   total 94208K, used 56048K [0x0000000601400000, 0x0000000800000000)
  region size 4096K, 13 young (53248K), 6 survivors (24576K)
 Metaspace       used 27764K, committed 28032K, reserved 1114112K
  class space    used 3073K, committed 3200K, reserved 1048576K
}
Event: 2.806 GC heap after
{Heap after GC invocations=6 (full 0):
 garbage-first heap   total 94208K, used 34007K [0x0000000601400000, 0x0000000800000000)
  region size 4096K, 2 young (8192K), 2 survivors (8192K)
 Metaspace       used 27764K, committed 28032K, reserved 1114112K
  class space    used 3073K, committed 3200K, reserved 1048576K
}
Event: 3.233 GC heap before
{Heap before GC invocations=6 (full 0):
 garbage-first heap   total 94208K, used 70871K [0x0000000601400000, 0x0000000800000000)
  region size 4096K, 11 young (45056K), 2 survivors (8192K)
 Metaspace       used 29882K, committed 30336K, reserved 1114112K
  class space    used 3321K, committed 3520K, reserved 1048576K
}
Event: 3.237 GC heap after
{Heap after GC invocations=7 (full 0):
 garbage-first heap   total 94208K, used 35325K [0x0000000601400000, 0x0000000800000000)
  region size 4096K, 1 young (4096K), 1 survivors (4096K)
 Metaspace       used 29882K, committed 30336K, reserved 1114112K
  class space    used 3321K, committed 3520K, reserved 1048576K
}
Event: 3.422 GC heap before
{Heap before GC invocations=7 (full 0):
 garbage-first heap   total 94208K, used 72189K [0x0000000601400000, 0x0000000800000000)
  region size 4096K, 10 young (40960K), 1 survivors (4096K)
 Metaspace       used 30393K, committed 30848K, reserved 1114112K
  class space    used 3359K, committed 3584K, reserved 1048576K
}
Event: 3.425 GC heap after
{Heap after GC invocations=8 (full 0):
 garbage-first heap   total 94208K, used 35303K [0x0000000601400000, 0x0000000800000000)
  region size 4096K, 1 young (4096K), 1 survivors (4096K)
 Metaspace       used 30393K, committed 30848K, reserved 1114112K
  class space    used 3359K, committed 3584K, reserved 1048576K
}
Event: 3.865 GC heap before
{Heap before GC invocations=8 (full 0):
 garbage-first heap   total 94208K, used 72167K [0x0000000601400000, 0x0000000800000000)
  region size 4096K, 10 young (40960K), 1 survivors (4096K)
 Metaspace       used 32505K, committed 33024K, reserved 1114112K
  class space    used 3608K, committed 3840K, reserved 1048576K
}
Event: 3.872 GC heap after
{Heap after GC invocations=9 (full 0):
 garbage-first heap   total 311296K, used 38205K [0x0000000601400000, 0x0000000800000000)
  region size 4096K, 2 young (8192K), 2 survivors (8192K)
 Metaspace       used 32505K, committed 33024K, reserved 1114112K
  class space    used 3608K, committed 3840K, reserved 1048576K
}
Event: 4.683 GC heap before
{Heap before GC invocations=9 (full 0):
 garbage-first heap   total 311296K, used 120125K [0x0000000601400000, 0x0000000800000000)
  region size 4096K, 23 young (94208K), 2 survivors (8192K)
 Metaspace       used 35804K, committed 36288K, reserved 1114112K
  class space    used 3955K, committed 4160K, reserved 1048576K
}
Event: 4.690 GC heap after
{Heap after GC invocations=10 (full 0):
 garbage-first heap   total 311296K, used 43848K [0x0000000601400000, 0x0000000800000000)
  region size 4096K, 3 young (12288K), 3 survivors (12288K)
 Metaspace       used 35804K, committed 36288K, reserved 1114112K
  class space    used 3955K, committed 4160K, reserved 1048576K
}
Event: 5.310 GC heap before
{Heap before GC invocations=11 (full 0):
 garbage-first heap   total 180224K, used 138056K [0x0000000601400000, 0x0000000800000000)
  region size 4096K, 26 young (106496K), 3 survivors (12288K)
 Metaspace       used 39024K, committed 39616K, reserved 1114112K
  class space    used 4251K, committed 4544K, reserved 1048576K
}
Event: 5.315 GC heap after
{Heap after GC invocations=12 (full 0):
 garbage-first heap   total 180224K, used 45277K [0x0000000601400000, 0x0000000800000000)
  region size 4096K, 3 young (12288K), 3 survivors (12288K)
 Metaspace       used 39024K, committed 39616K, reserved 1114112K
  class space    used 4251K, committed 4544K, reserved 1048576K
}
Event: 5.438 GC heap before
{Heap before GC invocations=12 (full 0):
 garbage-first heap   total 180224K, used 135389K [0x0000000601400000, 0x0000000800000000)
  region size 4096K, 26 young (106496K), 3 survivors (12288K)
 Metaspace       used 39140K, committed 39808K, reserved 1114112K
  class space    used 4252K, committed 4544K, reserved 1048576K
}
Event: 5.479 GC heap after
{Heap after GC invocations=13 (full 1):
 garbage-first heap   total 81920K, used 19093K [0x0000000601400000, 0x0000000800000000)
  region size 4096K, 0 young (0K), 0 survivors (0K)
 Metaspace       used 37035K, committed 38336K, reserved 1114112K
  class space    used 4018K, committed 4480K, reserved 1048576K
}
Event: 5.479 GC heap before
{Heap before GC invocations=13 (full 1):
 garbage-first heap   total 81920K, used 19093K [0x0000000601400000, 0x0000000800000000)
  region size 4096K, 0 young (0K), 0 survivors (0K)
 Metaspace       used 37035K, committed 38336K, reserved 1114112K
  class space    used 4018K, committed 4480K, reserved 1048576K
}
Event: 5.521 GC heap after
{Heap after GC invocations=14 (full 2):
 garbage-first heap   total 81920K, used 19093K [0x0000000601400000, 0x0000000800000000)
  region size 4096K, 0 young (0K), 0 survivors (0K)
 Metaspace       used 37035K, committed 38336K, reserved 1114112K
  class space    used 4018K, committed 4480K, reserved 1048576K
}
Event: 5.528 GC heap before
{Heap before GC invocations=14 (full 2):
 garbage-first heap   total 81920K, used 19093K [0x0000000601400000, 0x0000000800000000)
  region size 4096K, 1 young (4096K), 0 survivors (0K)
 Metaspace       used 37077K, committed 38336K, reserved 1114112K
  class space    used 4027K, committed 4480K, reserved 1048576K
}
Event: 5.571 GC heap after
{Heap after GC invocations=15 (full 3):
 garbage-first heap   total 81920K, used 18686K [0x0000000601400000, 0x0000000800000000)
  region size 4096K, 0 young (0K), 0 survivors (0K)
 Metaspace       used 37077K, committed 38336K, reserved 1114112K
  class space    used 4027K, committed 4480K, reserved 1048576K
}
Event: 5.571 GC heap before
{Heap before GC invocations=15 (full 3):
 garbage-first heap   total 81920K, used 18686K [0x0000000601400000, 0x0000000800000000)
  region size 4096K, 0 young (0K), 0 survivors (0K)
 Metaspace       used 37077K, committed 38336K, reserved 1114112K
  class space    used 4027K, committed 4480K, reserved 1048576K
}

Dll operation events (12 events):
Event: 0.006 Loaded shared library C:\Program Files\Java\jdk-21\bin\java.dll
Event: 0.027 Loaded shared library C:\Program Files\Java\jdk-21\bin\jsvml.dll
Event: 0.050 Loaded shared library C:\Program Files\Java\jdk-21\bin\zip.dll
Event: 0.052 Loaded shared library C:\Program Files\Java\jdk-21\bin\instrument.dll
Event: 0.055 Loaded shared library C:\Program Files\Java\jdk-21\bin\net.dll
Event: 0.056 Loaded shared library C:\Program Files\Java\jdk-21\bin\nio.dll
Event: 0.058 Loaded shared library C:\Program Files\Java\jdk-21\bin\zip.dll
Event: 0.066 Loaded shared library C:\Program Files\JetBrains\IntelliJ IDEA Community Edition 2024.3.1.1\bin\breakgen64.dll
Event: 0.071 Loaded shared library C:\Program Files\Java\jdk-21\bin\extnet.dll
Event: 0.129 Loaded shared library C:\Program Files\Java\jdk-21\bin\jimage.dll
Event: 0.138 Loaded shared library C:\Users\Darks\AppData\Local\Temp\jansi-2.4.1-7c15246d813994a1-jansi.dll
Event: 0.144 Loaded shared library C:\Program Files\Java\jdk-21\bin\verify.dll

Deoptimization events (20 events):
Event: 5.359 Thread 0x000001e5e484c8a0 Uncommon trap: trap_request=0xffffff45 fr.pc=0x000001e5f487a8d0 relative=0x00000000000000b0
Event: 5.359 Thread 0x000001e5e484c8a0 Uncommon trap: reason=unstable_if action=reinterpret pc=0x000001e5f487a8d0 method=java.lang.String.isLatin1()Z @ 10 c2
Event: 5.359 Thread 0x000001e5e484c8a0 DEOPT PACKING pc=0x000001e5f487a8d0 sp=0x00000068a1ffd520
Event: 5.359 Thread 0x000001e5e484c8a0 DEOPT UNPACKING pc=0x000001e5f41746a2 sp=0x00000068a1ffd450 mode 2
Event: 5.387 Thread 0x000001e5e484c8a0 Uncommon trap: trap_request=0xffffff45 fr.pc=0x000001e5f48add68 relative=0x0000000000000248
Event: 5.387 Thread 0x000001e5e484c8a0 Uncommon trap: reason=unstable_if action=reinterpret pc=0x000001e5f48add68 method=java.lang.String.startsWith(Ljava/lang/String;I)Z @ 50 c2
Event: 5.387 Thread 0x000001e5e484c8a0 DEOPT PACKING pc=0x000001e5f48add68 sp=0x00000068a1ffd4f0
Event: 5.387 Thread 0x000001e5e484c8a0 DEOPT UNPACKING pc=0x000001e5f41746a2 sp=0x00000068a1ffd478 mode 2
Event: 5.390 Thread 0x000001e5e484c8a0 Uncommon trap: trap_request=0xffffff45 fr.pc=0x000001e5f4a4196c relative=0x0000000000000c6c
Event: 5.390 Thread 0x000001e5e484c8a0 Uncommon trap: reason=unstable_if action=reinterpret pc=0x000001e5f4a4196c method=java.util.regex.Pattern$CharPropertyGreedy.match(Ljava/util/regex/Matcher;ILjava/lang/CharSequence;)Z @ 103 c2
Event: 5.390 Thread 0x000001e5e484c8a0 DEOPT PACKING pc=0x000001e5f4a4196c sp=0x00000068a1ffd3f0
Event: 5.390 Thread 0x000001e5e484c8a0 DEOPT UNPACKING pc=0x000001e5f41746a2 sp=0x00000068a1ffd380 mode 2
Event: 5.437 Thread 0x000001e5e484c8a0 Uncommon trap: trap_request=0xffffff45 fr.pc=0x000001e5f4dfdd50 relative=0x0000000000000290
Event: 5.437 Thread 0x000001e5e484c8a0 Uncommon trap: reason=unstable_if action=reinterpret pc=0x000001e5f4dfdd50 method=jdk.internal.misc.Unsafe.copyMemory(Ljava/lang/Object;JLjava/lang/Object;JJ)V @ 16 c2
Event: 5.437 Thread 0x000001e5e484c8a0 DEOPT PACKING pc=0x000001e5f4dfdd50 sp=0x00000068a1ffddb0
Event: 5.437 Thread 0x000001e5e484c8a0 DEOPT UNPACKING pc=0x000001e5f41746a2 sp=0x00000068a1ffdd78 mode 2
Event: 5.525 Thread 0x000001e5e484c8a0 Uncommon trap: trap_request=0xfffffff4 fr.pc=0x000001e5f48b7674 relative=0x0000000000000334
Event: 5.525 Thread 0x000001e5e484c8a0 Uncommon trap: reason=null_check action=make_not_entrant pc=0x000001e5f48b7674 method=sun.invoke.util.VerifyType.isNullConversion(Ljava/lang/Class;Ljava/lang/Class;Z)Z @ 67 c2
Event: 5.525 Thread 0x000001e5e484c8a0 DEOPT PACKING pc=0x000001e5f48b7674 sp=0x00000068a1ffd7d0
Event: 5.525 Thread 0x000001e5e484c8a0 DEOPT UNPACKING pc=0x000001e5f41746a2 sp=0x00000068a1ffd750 mode 2

Classes loaded (20 events):
Event: 5.030 Loading class java/util/Base64
Event: 5.031 Loading class java/util/Base64 done
Event: 5.031 Loading class java/util/Base64$Encoder
Event: 5.031 Loading class java/util/Base64$Encoder done
Event: 5.204 Loading class java/util/zip/ZipOutputStream$XEntry
Event: 5.204 Loading class java/util/zip/ZipOutputStream$XEntry done
Event: 5.522 Loading class sun/nio/ch/SocketOutputStream
Event: 5.523 Loading class sun/nio/ch/SocketOutputStream done
Event: 5.523 Loading class java/nio/channels/FileChannel$MapMode
Event: 5.523 Loading class java/nio/channels/FileChannel$MapMode done
Event: 5.523 Loading class jdk/internal/misc/ExtendedMapMode
Event: 5.523 Loading class jdk/internal/misc/ExtendedMapMode done
Event: 5.524 Loading class sun/nio/ch/FileChannelImpl$DefaultUnmapper
Event: 5.524 Loading class sun/nio/ch/FileChannelImpl$Unmapper
Event: 5.524 Loading class jdk/internal/access/foreign/UnmapperProxy
Event: 5.524 Loading class jdk/internal/access/foreign/UnmapperProxy done
Event: 5.524 Loading class sun/nio/ch/FileChannelImpl$Unmapper done
Event: 5.524 Loading class sun/nio/ch/FileChannelImpl$DefaultUnmapper done
Event: 5.524 Loading class sun/nio/ch/Util$4
Event: 5.524 Loading class sun/nio/ch/Util$4 done

Classes unloaded (20 events):
Event: 5.445 Thread 0x000001e5fed86ef0 Unloading class 0x000001e58c32a6e0 'lombok/core/CleanupRegistry'
Event: 5.445 Thread 0x000001e5fed86ef0 Unloading class 0x000001e58c32a4e0 'lombok/permit/Permit$Fake'
Event: 5.445 Thread 0x000001e5fed86ef0 Unloading class 0x000001e58c32a2e8 'lombok/permit/Permit'
Event: 5.445 Thread 0x000001e5fed86ef0 Unloading class 0x000001e58c329d58 'lombok/core/DiagnosticsReceiver'
Event: 5.445 Thread 0x000001e5fed86ef0 Unloading class 0x000001e58c32a000 'lombok/javac/apt/LombokProcessor$1'
Event: 5.445 Thread 0x000001e5fed86ef0 Unloading class 0x000001e58c329ac8 'lombok/javac/apt/LombokProcessor'
Event: 5.445 Thread 0x000001e5fed86ef0 Unloading class 0x000001e58c3298a0 'lombok/core/AnnotationProcessor$EcjDescriptor'
Event: 5.445 Thread 0x000001e5fed86ef0 Unloading class 0x000001e58c329670 'lombok/core/AnnotationProcessor$JavacDescriptor'
Event: 5.445 Thread 0x000001e5fed86ef0 Unloading class 0x000001e58c329278 'lombok/core/AnnotationProcessor$ProcessorDescriptor'
Event: 5.445 Thread 0x000001e5fed86ef0 Unloading class 0x000001e58c329000 'lombok/core/AnnotationProcessor'
Event: 5.445 Thread 0x000001e5fed86ef0 Unloading class 0x000001e58c328b80 'lombok/launch/AnnotationProcessorHider$ClaimingProcessor'
Event: 5.445 Thread 0x000001e5fed86ef0 Unloading class 0x000001e58c328988 'lombok/launch/AnnotationProcessorHider$AstModificationNotifierData'
Event: 5.445 Thread 0x000001e5fed86ef0 Unloading class 0x000001e58c328710 'lombok/launch/ClassFileMetaData'
Event: 5.445 Thread 0x000001e5fed86ef0 Unloading class 0x000001e58c328500 'lombok/launch/PackageShader'
Event: 5.445 Thread 0x000001e5fed86ef0 Unloading class 0x000001e58c3281f8 'lombok/launch/ShadowClassLoader'
Event: 5.445 Thread 0x000001e5fed86ef0 Unloading class 0x000001e58c328000 'lombok/launch/Main'
Event: 5.445 Thread 0x000001e5fed86ef0 Unloading class 0x000001e58c318c00 'lombok/launch/AnnotationProcessorHider$AnnotationProcessor'
Event: 5.445 Thread 0x000001e5fed86ef0 Unloading class 0x000001e58c300480 'javax/inject/Qualifier'
Event: 5.445 Thread 0x000001e5fed86ef0 Unloading class 0x000001e58c300220 'org/eclipse/sisu/space/SisuIndexAPT6'
Event: 5.445 Thread 0x000001e5fed86ef0 Unloading class 0x000001e58c300000 'org/eclipse/sisu/space/AbstractSisuIndex'

Classes redefined (0 events):
No events

Internal exceptions (20 events):
Event: 4.155 Thread 0x000001e5e484c8a0 Exception <a 'java/lang/NoSuchMethodError'{0x000000061291b3b0}: 'java.lang.Object java.lang.invoke.DirectMethodHandle$Holder.newInvokeSpecial(java.lang.Object, java.lang.Object, java.lang.Object, int)'> (0x000000061291b3b0) 
thrown [s\open\src\hotspot\share\interpreter\linkResolver.cpp, line 773]
Event: 4.156 Thread 0x000001e5e484c8a0 Exception <a 'java/lang/NoSuchMethodError'{0x000000061291f4e0}: 'java.lang.Object java.lang.invoke.DirectMethodHandle$Holder.invokeSpecial(java.lang.Object, java.lang.Object, java.lang.Object, java.lang.Object, int)'> (0x000000061291f4e0) 
thrown [s\open\src\hotspot\share\interpreter\linkResolver.cpp, line 773]
Event: 4.156 Thread 0x000001e5e484c8a0 Exception <a 'java/lang/NoSuchMethodError'{0x0000000612922ed8}: 'java.lang.Object java.lang.invoke.Invokers$Holder.linkToTargetMethod(java.lang.Object, java.lang.Object, int, java.lang.Object)'> (0x0000000612922ed8) 
thrown [s\open\src\hotspot\share\interpreter\linkResolver.cpp, line 773]
Event: 4.161 Thread 0x000001e5e484c8a0 Exception <a 'sun/nio/fs/WindowsException'{0x0000000612997b50}> (0x0000000612997b50) 
thrown [s\open\src\hotspot\share\prims\jni.cpp, line 520]
Event: 4.162 Thread 0x000001e5e484c8a0 Exception <a 'sun/nio/fs/WindowsException'{0x0000000612998238}> (0x0000000612998238) 
thrown [s\open\src\hotspot\share\prims\jni.cpp, line 520]
Event: 4.162 Thread 0x000001e5e484c8a0 Exception <a 'sun/nio/fs/WindowsException'{0x0000000612998b68}> (0x0000000612998b68) 
thrown [s\open\src\hotspot\share\prims\jni.cpp, line 520]
Event: 4.455 Thread 0x000001e5d80a1ae0 Exception <a 'java/lang/NoSuchMethodError'{0x0000000610fea9d0}: 'java.lang.Object java.lang.invoke.DirectMethodHandle$Holder.invokeStatic(java.lang.Object, long, java.lang.Object)'> (0x0000000610fea9d0) 
thrown [s\open\src\hotspot\share\interpreter\linkResolver.cpp, line 773]
Event: 4.456 Thread 0x000001e5d80a1ae0 Exception <a 'java/lang/NoSuchMethodError'{0x0000000610fedd88}: 'java.lang.Object java.lang.invoke.DirectMethodHandle$Holder.invokeStaticInit(java.lang.Object, long, java.lang.Object)'> (0x0000000610fedd88) 
thrown [s\open\src\hotspot\share\interpreter\linkResolver.cpp, line 773]
Event: 4.457 Thread 0x000001e5d80a1ae0 Exception <a 'java/lang/NoSuchMethodError'{0x0000000610ff31a0}: 'java.lang.Object java.lang.invoke.DirectMethodHandle$Holder.newInvokeSpecial(java.lang.Object, long)'> (0x0000000610ff31a0) 
thrown [s\open\src\hotspot\share\interpreter\linkResolver.cpp, line 773]
Event: 4.459 Thread 0x000001e5d80a1ae0 Exception <a 'java/lang/NoSuchMethodError'{0x0000000610ff7988}: 'long java.lang.invoke.DirectMethodHandle$Holder.invokeInterface(java.lang.Object, java.lang.Object)'> (0x0000000610ff7988) 
thrown [s\open\src\hotspot\share\interpreter\linkResolver.cpp, line 773]
Event: 4.459 Thread 0x000001e5d80a1ae0 Exception <a 'java/lang/NoSuchMethodError'{0x0000000610ffae50}: 'long java.lang.invoke.DelegatingMethodHandle$Holder.reinvoke_L(java.lang.Object, java.lang.Object)'> (0x0000000610ffae50) 
thrown [s\open\src\hotspot\share\interpreter\linkResolver.cpp, line 773]
Event: 4.897 Thread 0x000001e58a3d8000 Implicit null exception at 0x000001e5f4e01f6b to 0x000001e5f4e02534
Event: 4.897 Thread 0x000001e5d0d160f0 Implicit null exception at 0x000001e5f4b775ec to 0x000001e5f4b77784
Event: 4.897 Thread 0x000001e5d03a09b0 Implicit null exception at 0x000001e5f4b77d6c to 0x000001e5f4b77f68
Event: 4.897 Thread 0x000001e58a3d8000 Implicit null exception at 0x000001e5f4b77d6c to 0x000001e5f4b77f68
Event: 4.897 Thread 0x000001e5d0d160f0 Implicit null exception at 0x000001e5f4b77d6c to 0x000001e5f4b77f68
Event: 5.000 Thread 0x000001e5e484c8a0 Implicit null exception at 0x000001e5f4c2397a to 0x000001e5f4c27c54
Event: 5.017 Thread 0x000001e5e484c8a0 Exception <a 'java/lang/NoSuchMethodError'{0x00000006096edcd8}: 'int java.lang.invoke.DirectMethodHandle$Holder.invokeSpecial(java.lang.Object, java.lang.Object, int)'> (0x00000006096edcd8) 
thrown [s\open\src\hotspot\share\interpreter\linkResolver.cpp, line 773]
Event: 5.525 Thread 0x000001e5e484c8a0 Implicit null exception at 0x000001e5f48b73f7 to 0x000001e5f48b7660
Event: 5.525 Thread 0x000001e5e484c8a0 Exception <a 'java/lang/NoSuchMethodError'{0x0000000606011710}: 'java.lang.Object java.lang.invoke.DelegatingMethodHandle$Holder.reinvoke_L(java.lang.Object, int, long, java.lang.Object, java.lang.Object, int, java.lang.Object)'> (0x0000000606011710) 
thrown [s\open\src\hotspot\share\interpreter\linkResolver.cpp, line 773]

ZGC Phase Switch (0 events):
No events

VM Operations (20 events):
Event: 4.882 Executing VM operation: HandshakeAllThreads (Deoptimize) done
Event: 4.906 Executing VM operation: HandshakeAllThreads (Deoptimize)
Event: 4.907 Executing VM operation: HandshakeAllThreads (Deoptimize) done
Event: 4.908 Executing VM operation: HandshakeAllThreads (Deoptimize)
Event: 4.908 Executing VM operation: HandshakeAllThreads (Deoptimize) done
Event: 4.977 Executing VM operation: HandshakeAllThreads (Deoptimize)
Event: 4.977 Executing VM operation: HandshakeAllThreads (Deoptimize) done
Event: 5.000 Executing VM operation: HandshakeAllThreads (Deoptimize)
Event: 5.000 Executing VM operation: HandshakeAllThreads (Deoptimize) done
Event: 5.094 Executing VM operation: ICBufferFull
Event: 5.094 Executing VM operation: ICBufferFull done
Event: 5.309 Executing VM operation: G1CollectForAllocation (G1 Evacuation Pause)
Event: 5.315 Executing VM operation: G1CollectForAllocation (G1 Evacuation Pause) done
Event: 5.438 Executing VM operation: G1CollectFull (System.gc())
Event: 5.479 Executing VM operation: G1CollectFull (System.gc()) done
Event: 5.479 Executing VM operation: G1CollectFull (System.gc())
Event: 5.521 Executing VM operation: G1CollectFull (System.gc()) done
Event: 5.528 Executing VM operation: G1CollectFull (System.gc())
Event: 5.571 Executing VM operation: G1CollectFull (System.gc()) done
Event: 5.571 Executing VM operation: G1CollectFull (System.gc())

Events (20 events):
Event: 5.505 Thread 0x000001e5fed86ef0 flushing nmethod 0x000001e5ed189210
Event: 5.505 Thread 0x000001e5fed86ef0 flushing nmethod 0x000001e5ed191b10
Event: 5.505 Thread 0x000001e5fed86ef0 flushing nmethod 0x000001e5ed192990
Event: 5.505 Thread 0x000001e5fed86ef0 flushing nmethod 0x000001e5ed228b10
Event: 5.505 Thread 0x000001e5fed86ef0 flushing nmethod 0x000001e5ed26ea90
Event: 5.505 Thread 0x000001e5fed86ef0 flushing nmethod 0x000001e5ed272d90
Event: 5.505 Thread 0x000001e5fed86ef0 flushing nmethod 0x000001e5ed2bb010
Event: 5.505 Thread 0x000001e5fed86ef0 flushing nmethod 0x000001e5ed2c8610
Event: 5.505 Thread 0x000001e5fed86ef0 flushing nmethod 0x000001e5ed2dc890
Event: 5.505 Thread 0x000001e5fed86ef0 flushing nmethod 0x000001e5ed313c90
Event: 5.505 Thread 0x000001e5fed86ef0 flushing nmethod 0x000001e5ed38f910
Event: 5.505 Thread 0x000001e5fed86ef0 flushing nmethod 0x000001e5ed3b4290
Event: 5.505 Thread 0x000001e5fed86ef0 flushing nmethod 0x000001e5ed404a90
Event: 5.505 Thread 0x000001e5fed86ef0 flushing nmethod 0x000001e5ed4b9610
Event: 5.505 Thread 0x000001e5fed86ef0 flushing nmethod 0x000001e5ed5b7a10
Event: 5.505 Thread 0x000001e5fed86ef0 flushing nmethod 0x000001e5ed90ed10
Event: 5.505 Thread 0x000001e5fed86ef0 flushing nmethod 0x000001e5ed934a10
Event: 5.505 Thread 0x000001e5fed86ef0 flushing nmethod 0x000001e5ed981490
Event: 5.505 Thread 0x000001e5fed86ef0 flushing nmethod 0x000001e5ee220e90
Event: 5.551 Thread 0x000001e5fed86ef0 flushing nmethod 0x000001e5ecd38c90


Dynamic libraries:
0x00007ff7d7dc0000 - 0x00007ff7d7dd0000 	C:\Program Files\Java\jdk-21\bin\java.exe
0x00007ff9e3b20000 - 0x00007ff9e3d83000 	C:\WINDOWS\SYSTEM32\ntdll.dll
0x00007ff9e2af0000 - 0x00007ff9e2bb8000 	C:\WINDOWS\System32\KERNEL32.DLL
0x00007ff9e1400000 - 0x00007ff9e17b2000 	C:\WINDOWS\System32\KERNELBASE.dll
0x00007ff9e12b0000 - 0x00007ff9e13fb000 	C:\WINDOWS\System32\ucrtbase.dll
0x00007ff9cd9b0000 - 0x00007ff9cd9c9000 	C:\Program Files\Java\jdk-21\bin\jli.dll
0x00007ff9cd850000 - 0x00007ff9cd86b000 	C:\Program Files\Java\jdk-21\bin\VCRUNTIME140.dll
0x00007ff9e32e0000 - 0x00007ff9e3394000 	C:\WINDOWS\System32\ADVAPI32.dll
0x00007ff9e3110000 - 0x00007ff9e31b9000 	C:\WINDOWS\System32\msvcrt.dll
0x00007ff9e23b0000 - 0x00007ff9e2456000 	C:\WINDOWS\System32\sechost.dll
0x00007ff9e31c0000 - 0x00007ff9e32d6000 	C:\WINDOWS\System32\RPCRT4.dll
0x00007ff9e2160000 - 0x00007ff9e2328000 	C:\WINDOWS\System32\USER32.dll
0x00007ff9e1040000 - 0x00007ff9e1067000 	C:\WINDOWS\System32\win32u.dll
0x00007ff9c8d80000 - 0x00007ff9c9010000 	C:\WINDOWS\WinSxS\amd64_microsoft.windows.common-controls_6595b64144ccf1df_6.0.26100.2454_none_3e0b68a2e331ad60\COMCTL32.dll
0x00007ff9e2120000 - 0x00007ff9e214a000 	C:\WINDOWS\System32\GDI32.dll
0x00007ff9e17c0000 - 0x00007ff9e18eb000 	C:\WINDOWS\System32\gdi32full.dll
0x00007ff9e0ef0000 - 0x00007ff9e0f93000 	C:\WINDOWS\System32\msvcp_win.dll
0x00007ff9daf60000 - 0x00007ff9daf6b000 	C:\WINDOWS\SYSTEM32\VERSION.dll
0x00007ff9e27c0000 - 0x00007ff9e27ef000 	C:\WINDOWS\System32\IMM32.DLL
0x00007ff9db0d0000 - 0x00007ff9db0dc000 	C:\Program Files\Java\jdk-21\bin\vcruntime140_1.dll
0x00007ff9ccd30000 - 0x00007ff9ccdbe000 	C:\Program Files\Java\jdk-21\bin\msvcp140.dll
0x00007ff954490000 - 0x00007ff9551a8000 	C:\Program Files\Java\jdk-21\bin\server\jvm.dll
0x00007ff9e2330000 - 0x00007ff9e23a4000 	C:\WINDOWS\System32\WS2_32.dll
0x00007ff9e03b0000 - 0x00007ff9e03fe000 	C:\WINDOWS\SYSTEM32\POWRPROF.dll
0x00007ff9d4ae0000 - 0x00007ff9d4b16000 	C:\WINDOWS\SYSTEM32\WINMM.dll
0x00007ff9e0360000 - 0x00007ff9e0374000 	C:\WINDOWS\SYSTEM32\UMPDC.dll
0x00007ff9dfd30000 - 0x00007ff9dfd4a000 	C:\WINDOWS\SYSTEM32\kernel.appcore.dll
0x00007ff9dafe0000 - 0x00007ff9dafea000 	C:\Program Files\Java\jdk-21\bin\jimage.dll
0x00007ff9d2cd0000 - 0x00007ff9d2f11000 	C:\WINDOWS\SYSTEM32\DBGHELP.DLL
0x00007ff9e1ae0000 - 0x00007ff9e1e5e000 	C:\WINDOWS\System32\combase.dll
0x00007ff9e2040000 - 0x00007ff9e2116000 	C:\WINDOWS\System32\OLEAUT32.dll
0x00007ff9a7540000 - 0x00007ff9a7579000 	C:\WINDOWS\SYSTEM32\dbgcore.DLL
0x00007ff9e0fa0000 - 0x00007ff9e1039000 	C:\WINDOWS\System32\bcryptPrimitives.dll
0x00007ff9bf880000 - 0x00007ff9bf88f000 	C:\Program Files\Java\jdk-21\bin\instrument.dll
0x00007ff9ccf00000 - 0x00007ff9ccf1f000 	C:\Program Files\Java\jdk-21\bin\java.dll
0x00007ff9e33a0000 - 0x00007ff9e3aa1000 	C:\WINDOWS\System32\SHELL32.dll
0x00007ff9dec40000 - 0x00007ff9df471000 	C:\WINDOWS\SYSTEM32\windows.storage.dll
0x00007ff9e2460000 - 0x00007ff9e253a000 	C:\WINDOWS\System32\SHCORE.dll
0x00007ff9e2a90000 - 0x00007ff9e2aed000 	C:\WINDOWS\System32\shlwapi.dll
0x00007ff9e0e00000 - 0x00007ff9e0e2e000 	C:\WINDOWS\SYSTEM32\profapi.dll
0x00007ff99f600000 - 0x00007ff99f6d7000 	C:\Program Files\Java\jdk-21\bin\jsvml.dll
0x00007ff9ca550000 - 0x00007ff9ca568000 	C:\Program Files\Java\jdk-21\bin\zip.dll
0x00007ff9cd990000 - 0x00007ff9cd9a0000 	C:\Program Files\Java\jdk-21\bin\net.dll
0x00007ff9dd930000 - 0x00007ff9dda56000 	C:\WINDOWS\SYSTEM32\WINHTTP.dll
0x00007ff9e02a0000 - 0x00007ff9e0308000 	C:\WINDOWS\system32\mswsock.dll
0x00007ff9ccee0000 - 0x00007ff9ccef6000 	C:\Program Files\Java\jdk-21\bin\nio.dll
0x00007ff9ba800000 - 0x00007ff9ba81a000 	C:\Program Files\JetBrains\IntelliJ IDEA Community Edition 2024.3.1.1\bin\breakgen64.dll
0x00007ff9bf890000 - 0x00007ff9bf899000 	C:\Program Files\Java\jdk-21\bin\extnet.dll
0x00007ff9af750000 - 0x00007ff9af774000 	C:\Users\Darks\AppData\Local\Temp\jansi-2.4.1-7c15246d813994a1-jansi.dll
0x00007ff9c8be0000 - 0x00007ff9c8bf0000 	C:\Program Files\Java\jdk-21\bin\verify.dll

dbghelp: loaded successfully - version: 4.0.5 - missing functions: none
symbol engine: initialized successfully - sym options: 0x614 - pdb path: .;C:\Program Files\Java\jdk-21\bin;C:\WINDOWS\SYSTEM32;C:\WINDOWS\WinSxS\amd64_microsoft.windows.common-controls_6595b64144ccf1df_6.0.26100.2454_none_3e0b68a2e331ad60;C:\Program Files\Java\jdk-21\bin\server;C:\Program Files\JetBrains\IntelliJ IDEA Community Edition 2024.3.1.1\bin;C:\Users\Darks\AppData\Local\Temp

VM Arguments:
jvm_args: -Dmaven.multiModuleProjectDirectory=C:\Users\Darks\IdeaProjects\LofiCoffeeCore -Djansi.passthrough=true -Dmaven.home=C:\Program Files\JetBrains\IntelliJ IDEA Community Edition 2024.3.1.1\plugins\maven\lib\maven3 -Dclassworlds.conf=C:\Program Files\JetBrains\IntelliJ IDEA Community Edition 2024.3.1.1\plugins\maven\lib\maven3\bin\m2.conf -Dmaven.ext.class.path=C:\Program Files\JetBrains\IntelliJ IDEA Community Edition 2024.3.1.1\plugins\maven\lib\maven-event-listener.jar -javaagent:C:\Program Files\JetBrains\IntelliJ IDEA Community Edition 2024.3.1.1\lib\idea_rt.jar=61769:C:\Program Files\JetBrains\IntelliJ IDEA Community Edition 2024.3.1.1\bin -Dfile.encoding=UTF-8 -Dsun.stdout.encoding=UTF-8 -Dsun.stderr.encoding=UTF-8 
java_command: org.codehaus.classworlds.Launcher -Didea.version=2024.3.1.1 install
java_class_path (initial): C:\Program Files\JetBrains\IntelliJ IDEA Community Edition 2024.3.1.1\plugins\maven\lib\maven3\boot\plexus-classworlds-2.8.0.jar;C:\Program Files\JetBrains\IntelliJ IDEA Community Edition 2024.3.1.1\plugins\maven\lib\maven3\boot\plexus-classworlds.license
Launcher Type: SUN_STANDARD

[Global flags]
     intx CICompilerCount                          = 12                                        {product} {ergonomic}
     uint ConcGCThreads                            = 5                                         {product} {ergonomic}
     uint G1ConcRefinementThreads                  = 18                                        {product} {ergonomic}
   size_t G1HeapRegionSize                         = 4194304                                   {product} {ergonomic}
    uintx GCDrainStackTargetSize                   = 64                                        {product} {ergonomic}
   size_t InitialHeapSize                          = 536870912                                 {product} {ergonomic}
   size_t MarkStackSize                            = 4194304                                   {product} {ergonomic}
   size_t MaxHeapSize                              = 8568963072                                {product} {ergonomic}
   size_t MaxNewSize                               = 5138022400                                {product} {ergonomic}
   size_t MinHeapDeltaBytes                        = 4194304                                   {product} {ergonomic}
   size_t MinHeapSize                              = 8388608                                   {product} {ergonomic}
    uintx NonNMethodCodeHeapSize                   = 7602480                                {pd product} {ergonomic}
    uintx NonProfiledCodeHeapSize                  = 122027880                              {pd product} {ergonomic}
    uintx ProfiledCodeHeapSize                     = 122027880                              {pd product} {ergonomic}
    uintx ReservedCodeCacheSize                    = 251658240                              {pd product} {ergonomic}
     bool SegmentedCodeCache                       = true                                      {product} {ergonomic}
   size_t SoftMaxHeapSize                          = 8568963072                             {manageable} {ergonomic}
     bool UseCompressedOops                        = true                           {product lp64_product} {ergonomic}
     bool UseG1GC                                  = true                                      {product} {ergonomic}
     bool UseLargePagesIndividualAllocation        = false                                  {pd product} {ergonomic}

Logging:
Log output configuration:
 #0: stdout all=warning uptime,level,tags foldmultilines=false
 #1: stderr all=off uptime,level,tags foldmultilines=false

Environment Variables:
PATH=C:\Program Files\Common Files\Oracle\Java\javapath;C:\Program Files (x86)\Common Files\Oracle\Java\java8path;C:\Program Files (x86)\Common Files\Oracle\Java\javapath;C:\WINDOWS\system32;C:\WINDOWS;C:\WINDOWS\System32\Wbem;C:\WINDOWS\System32\WindowsPowerShell\v1.0\;C:\WINDOWS\System32\OpenSSH\;C:\Program Files\dotnet\;C:\Program Files (x86)\NVIDIA Corporation\PhysX\Common;C:\Program Files\Git\cmd;C:\Users\Darks\AppData\Local\Microsoft\WindowsApps;C:\Users\Darks\AppData\Local\Programs\Microsoft VS Code\bin;C:\Users\Darks\.dotnet\tools;C:\Users\Darks\AppData\Local\GitHubDesktop\bin
USERNAME=Darks
OS=Windows_NT
PROCESSOR_IDENTIFIER=AMD64 Family 25 Model 33 Stepping 0, AuthenticAMD
TMP=C:\Users\Darks\AppData\Local\Temp
TEMP=C:\Users\Darks\AppData\Local\Temp




Periodic native trim disabled

---------------  S Y S T E M  ---------------

OS:
 Windows 11 , 64 bit Build 26100 (10.0.26100.2454)
OS uptime: 0 days 17:53 hours

CPU: total 24 (initial active 24) (24 cores per cpu, 2 threads per core) family 25 model 33 stepping 0 microcode 0xa201016, cx8, cmov, fxsr, ht, mmx, 3dnowpref, sse, sse2, sse3, ssse3, sse4a, sse4.1, sse4.2, popcnt, lzcnt, tsc, tscinvbit, avx, avx2, aes, erms, clmul, bmi1, bmi2, adx, sha, fma, vzeroupper, clflush, clflushopt, rdtscp, rdpid, fsrm, f16c, pku, cet_ss
Processor Information for all 24 processors :
  Max Mhz: 3701, Current Mhz: 3701, Mhz Limit: 3701

Memory: 4k page, system-wide physical 32676M (16459M free)
TotalPageFile size 35748M (AvailPageFile size 15579M)
current process WorkingSet (physical memory assigned to process): 666M, peak: 744M
current process commit charge ("private bytes"): 724M, peak: 809M

vm_info: Java HotSpot(TM) 64-Bit Server VM (21.0.5+9-LTS-239) for windows-amd64 JRE (21.0.5+9-LTS-239), built on 2024-09-30T05:17:38Z by "mach5one" with MS VC++ 17.6 (VS2022)

END.
